---------------------------------------------------------------
[ 2018-12-04T19:31:24+08:00 ] 127.0.0.1 GET /
[ info ] www.qyice.co/ [运行时间：0.068108s][吞吐率：14.68req/s] [内存消耗：1,248.75kb] [文件加载：37]
[ info ] [ LANG ] C:\Users\Administrator\Desktop\file\thinkphp\lang\zh-cn.php
[ info ] [ ROUTE ] array (
  'type' => 'module',
  'module' => 
  array (
    0 => '',
    1 => NULL,
    2 => NULL,
  ),
)
[ info ] [ HEADER ] array (
  'cache-control' => 'max-age=0',
  'upgrade-insecure-requests' => '1',
  'cookie' => 'pgv_pvi=7288054784',
  'connection' => 'close',
  'accept-encoding' => 'gzip, deflate',
  'accept-language' => 'zh-CN,zh;q=0.8,zh-TW;q=0.7,zh-HK;q=0.5,en-US;q=0.3,en;q=0.2',
  'accept' => 'text/html,application/xhtml+xml,application/xml;q=0.9,*/*;q=0.8',
  'user-agent' => 'Mozilla/5.0 (Windows NT 10.0; WOW64; rv:63.0) Gecko/20100101 Firefox/63.0',
  'host' => 'www.qyice.co',
)
[ info ] [ PARAM ] array (
)
[ info ] [ RUN ] app\index\controller\Index->index[ C:\Users\Administrator\Desktop\file\application\index\controller\Index.php ]
[ info ] [ VIEW ] C:\Users\Administrator\Desktop\file/application/index\view\index\index.html [ array (
) ]
[ info ] [ LOG ] INIT File
---------------------------------------------------------------
[ 2018-12-04T19:31:24+08:00 ] 127.0.0.1 GET /favicon.ico
[ info ] www.qyice.co/favicon.ico [运行时间：0.053180s][吞吐率：18.80req/s] [内存消耗：819.66kb] [文件加载：29]
[ info ] [ LANG ] C:\Users\Administrator\Desktop\file\thinkphp\lang\zh-cn.php
[ info ] [ ROUTE ] array (
  'type' => 'module',
  'module' => 
  array (
    0 => 'favicon.ico',
    1 => NULL,
    2 => NULL,
  ),
)
[ info ] [ HEADER ] array (
  'cache-control' => 'max-age=0',
  'cookie' => 'pgv_pvi=7288054784',
  'connection' => 'close',
  'accept-encoding' => 'gzip, deflate',
  'accept-language' => 'zh-CN,zh;q=0.8,zh-TW;q=0.7,zh-HK;q=0.5,en-US;q=0.3,en;q=0.2',
  'accept' => 'text/html,application/xhtml+xml,application/xml;q=0.9,*/*;q=0.8',
  'user-agent' => 'Mozilla/5.0 (Windows NT 10.0; WOW64; rv:63.0) Gecko/20100101 Firefox/63.0',
  'host' => 'www.qyice.co',
)
[ info ] [ PARAM ] array (
  '/favicon_ico' => '',
)
[ info ] [ LOG ] INIT File
---------------------------------------------------------------
[ 2018-12-04T19:31:33+08:00 ] 127.0.0.1 GET /index/wxpay
[ info ] www.qyice.co/index/wxpay [运行时间：0.036460s][吞吐率：27.43req/s] [内存消耗：821.87kb] [文件加载：30]
[ info ] [ LANG ] C:\Users\Administrator\Desktop\file\thinkphp\lang\zh-cn.php
[ info ] [ ROUTE ] array (
  'type' => 'module',
  'module' => 
  array (
    0 => 'index',
    1 => 'wxpay',
    2 => NULL,
  ),
)
[ info ] [ HEADER ] array (
  'upgrade-insecure-requests' => '1',
  'cookie' => 'pgv_pvi=7288054784',
  'connection' => 'close',
  'accept-encoding' => 'gzip, deflate',
  'accept-language' => 'zh-CN,zh;q=0.8,zh-TW;q=0.7,zh-HK;q=0.5,en-US;q=0.3,en;q=0.2',
  'accept' => 'text/html,application/xhtml+xml,application/xml;q=0.9,*/*;q=0.8',
  'user-agent' => 'Mozilla/5.0 (Windows NT 10.0; WOW64; rv:63.0) Gecko/20100101 Firefox/63.0',
  'host' => 'www.qyice.co',
)
[ info ] [ PARAM ] array (
  '/index/wxpay' => '',
)
[ info ] [ LOG ] INIT File
---------------------------------------------------------------
[ 2018-12-04T19:31:33+08:00 ] 127.0.0.1 GET /favicon.ico
[ info ] www.qyice.co/favicon.ico [运行时间：0.031895s][吞吐率：31.35req/s] [内存消耗：819.28kb] [文件加载：29]
[ info ] [ LANG ] C:\Users\Administrator\Desktop\file\thinkphp\lang\zh-cn.php
[ info ] [ ROUTE ] array (
  'type' => 'module',
  'module' => 
  array (
    0 => 'favicon.ico',
    1 => NULL,
    2 => NULL,
  ),
)
[ info ] [ HEADER ] array (
  'cookie' => 'pgv_pvi=7288054784',
  'connection' => 'close',
  'accept-encoding' => 'gzip, deflate',
  'accept-language' => 'zh-CN,zh;q=0.8,zh-TW;q=0.7,zh-HK;q=0.5,en-US;q=0.3,en;q=0.2',
  'accept' => 'text/html,application/xhtml+xml,application/xml;q=0.9,*/*;q=0.8',
  'user-agent' => 'Mozilla/5.0 (Windows NT 10.0; WOW64; rv:63.0) Gecko/20100101 Firefox/63.0',
  'host' => 'www.qyice.co',
)
[ info ] [ PARAM ] array (
  '/favicon_ico' => '',
)
[ info ] [ LOG ] INIT File
---------------------------------------------------------------
[ 2018-12-04T19:31:40+08:00 ] 127.0.0.1 GET /index/wx_pay
[ info ] www.qyice.co/index/wx_pay [运行时间：0.030162s][吞吐率：33.15req/s] [内存消耗：791.43kb] [文件加载：28]
[ info ] [ LANG ] C:\Users\Administrator\Desktop\file\thinkphp\lang\zh-cn.php
[ info ] [ ROUTE ] array (
  'type' => 'module',
  'module' => 
  array (
    0 => 'index',
    1 => 'wx_pay',
    2 => NULL,
  ),
)
[ info ] [ HEADER ] array (
  'upgrade-insecure-requests' => '1',
  'cookie' => 'pgv_pvi=7288054784',
  'connection' => 'close',
  'accept-encoding' => 'gzip, deflate',
  'accept-language' => 'zh-CN,zh;q=0.8,zh-TW;q=0.7,zh-HK;q=0.5,en-US;q=0.3,en;q=0.2',
  'accept' => 'text/html,application/xhtml+xml,application/xml;q=0.9,*/*;q=0.8',
  'user-agent' => 'Mozilla/5.0 (Windows NT 10.0; WOW64; rv:63.0) Gecko/20100101 Firefox/63.0',
  'host' => 'www.qyice.co',
)
[ info ] [ PARAM ] array (
  '/index/wx_pay' => '',
)
[ info ] [ RUN ] app\index\controller\WxPay->index[ C:\Users\Administrator\Desktop\file\application\index\controller\WxPay.php ]
[ info ] [ LOG ] INIT File
---------------------------------------------------------------
[ 2018-12-04T19:31:40+08:00 ] 127.0.0.1 GET /favicon.ico
[ info ] www.qyice.co/favicon.ico [运行时间：0.032103s][吞吐率：31.15req/s] [内存消耗：819.28kb] [文件加载：29]
[ info ] [ LANG ] C:\Users\Administrator\Desktop\file\thinkphp\lang\zh-cn.php
[ info ] [ ROUTE ] array (
  'type' => 'module',
  'module' => 
  array (
    0 => 'favicon.ico',
    1 => NULL,
    2 => NULL,
  ),
)
[ info ] [ HEADER ] array (
  'cookie' => 'pgv_pvi=7288054784',
  'connection' => 'close',
  'accept-encoding' => 'gzip, deflate',
  'accept-language' => 'zh-CN,zh;q=0.8,zh-TW;q=0.7,zh-HK;q=0.5,en-US;q=0.3,en;q=0.2',
  'accept' => 'text/html,application/xhtml+xml,application/xml;q=0.9,*/*;q=0.8',
  'user-agent' => 'Mozilla/5.0 (Windows NT 10.0; WOW64; rv:63.0) Gecko/20100101 Firefox/63.0',
  'host' => 'www.qyice.co',
)
[ info ] [ PARAM ] array (
  '/favicon_ico' => '',
)
[ info ] [ LOG ] INIT File
---------------------------------------------------------------
[ 2018-12-04T19:33:29+08:00 ] 127.0.0.1 GET /index/wx_pay
[ info ] www.qyice.co/index/wx_pay [运行时间：0.034261s][吞吐率：29.19req/s] [内存消耗：1,026.98kb] [文件加载：30]
[ info ] [ LANG ] C:\Users\Administrator\Desktop\file\thinkphp\lang\zh-cn.php
[ info ] [ ROUTE ] array (
  'type' => 'module',
  'module' => 
  array (
    0 => 'index',
    1 => 'wx_pay',
    2 => NULL,
  ),
)
[ info ] [ HEADER ] array (
  'cache-control' => 'max-age=0',
  'upgrade-insecure-requests' => '1',
  'cookie' => 'pgv_pvi=7288054784',
  'connection' => 'close',
  'accept-encoding' => 'gzip, deflate',
  'accept-language' => 'zh-CN,zh;q=0.8,zh-TW;q=0.7,zh-HK;q=0.5,en-US;q=0.3,en;q=0.2',
  'accept' => 'text/html,application/xhtml+xml,application/xml;q=0.9,*/*;q=0.8',
  'user-agent' => 'Mozilla/5.0 (Windows NT 10.0; WOW64; rv:63.0) Gecko/20100101 Firefox/63.0',
  'host' => 'www.qyice.co',
)
[ info ] [ PARAM ] array (
  '/index/wx_pay' => '',
)
[ info ] [ RUN ] app\index\controller\WxPay->index[ C:\Users\Administrator\Desktop\file\application\index\controller\WxPay.php ]
[ info ] [ LOG ] INIT File
---------------------------------------------------------------
[ 2018-12-04T19:33:30+08:00 ] 127.0.0.1 GET /favicon.ico
[ info ] www.qyice.co/favicon.ico [运行时间：0.020182s][吞吐率：49.55req/s] [内存消耗：819.66kb] [文件加载：29]
[ info ] [ LANG ] C:\Users\Administrator\Desktop\file\thinkphp\lang\zh-cn.php
[ info ] [ ROUTE ] array (
  'type' => 'module',
  'module' => 
  array (
    0 => 'favicon.ico',
    1 => NULL,
    2 => NULL,
  ),
)
[ info ] [ HEADER ] array (
  'cache-control' => 'max-age=0',
  'cookie' => 'pgv_pvi=7288054784',
  'connection' => 'close',
  'accept-encoding' => 'gzip, deflate',
  'accept-language' => 'zh-CN,zh;q=0.8,zh-TW;q=0.7,zh-HK;q=0.5,en-US;q=0.3,en;q=0.2',
  'accept' => 'text/html,application/xhtml+xml,application/xml;q=0.9,*/*;q=0.8',
  'user-agent' => 'Mozilla/5.0 (Windows NT 10.0; WOW64; rv:63.0) Gecko/20100101 Firefox/63.0',
  'host' => 'www.qyice.co',
)
[ info ] [ PARAM ] array (
  '/favicon_ico' => '',
)
[ info ] [ LOG ] INIT File
---------------------------------------------------------------
[ 2018-12-04T20:14:53+08:00 ] 127.0.0.1 GET /index/wx_pay
[ info ] www.qyice.co/index/wx_pay [运行时间：0.896823s][吞吐率：1.12req/s] [内存消耗：1,414.29kb] [文件加载：43]
[ info ] [ LANG ] C:\Users\Administrator\Desktop\file\thinkphp\lang\zh-cn.php
[ info ] [ ROUTE ] array (
  'type' => 'module',
  'module' => 
  array (
    0 => 'index',
    1 => 'wx_pay',
    2 => NULL,
  ),
)
[ info ] [ HEADER ] array (
  'cache-control' => 'max-age=0',
  'upgrade-insecure-requests' => '1',
  'cookie' => 'pgv_pvi=7288054784',
  'connection' => 'close',
  'accept-encoding' => 'gzip, deflate',
  'accept-language' => 'zh-CN,zh;q=0.8,zh-TW;q=0.7,zh-HK;q=0.5,en-US;q=0.3,en;q=0.2',
  'accept' => 'text/html,application/xhtml+xml,application/xml;q=0.9,*/*;q=0.8',
  'user-agent' => 'Mozilla/5.0 (Windows NT 10.0; WOW64; rv:63.0) Gecko/20100101 Firefox/63.0',
  'host' => 'www.qyice.co',
)
[ info ] [ PARAM ] array (
  '/index/wx_pay' => '',
)
[ info ] [ RUN ] app\index\controller\WxPay->index[ C:\Users\Administrator\Desktop\file\application\index\controller\WxPay.php ]
[ info ] [ LOG ] INIT File
[ error ] [8]未定义数组索引: code_url[C:\Users\Administrator\Desktop\file\application\index\controller\WxPay.php:29]
---------------------------------------------------------------
[ 2018-12-04T20:14:53+08:00 ] 127.0.0.1 GET /favicon.ico
[ info ] www.qyice.co/favicon.ico [运行时间：0.033751s][吞吐率：29.63req/s] [内存消耗：1,102.13kb] [文件加载：35]
[ info ] [ LANG ] C:\Users\Administrator\Desktop\file\thinkphp\lang\zh-cn.php
[ info ] [ ROUTE ] array (
  'type' => 'module',
  'module' => 
  array (
    0 => 'favicon.ico',
    1 => NULL,
    2 => NULL,
  ),
)
[ info ] [ HEADER ] array (
  'cache-control' => 'max-age=0',
  'cookie' => 'pgv_pvi=7288054784',
  'connection' => 'close',
  'accept-encoding' => 'gzip, deflate',
  'accept-language' => 'zh-CN,zh;q=0.8,zh-TW;q=0.7,zh-HK;q=0.5,en-US;q=0.3,en;q=0.2',
  'accept' => 'text/html,application/xhtml+xml,application/xml;q=0.9,*/*;q=0.8',
  'user-agent' => 'Mozilla/5.0 (Windows NT 10.0; WOW64; rv:63.0) Gecko/20100101 Firefox/63.0',
  'host' => 'www.qyice.co',
)
[ info ] [ PARAM ] array (
  '/favicon_ico' => '',
)
[ info ] [ LOG ] INIT File
---------------------------------------------------------------
[ 2018-12-04T20:15:05+08:00 ] 127.0.0.1 GET /index/wx_pay
[ info ] www.qyice.co/index/wx_pay [运行时间：0.328672s][吞吐率：3.04req/s] [内存消耗：1,311.33kb] [文件加载：39]
[ info ] [ LANG ] C:\Users\Administrator\Desktop\file\thinkphp\lang\zh-cn.php
[ info ] [ ROUTE ] array (
  'type' => 'module',
  'module' => 
  array (
    0 => 'index',
    1 => 'wx_pay',
    2 => NULL,
  ),
)
[ info ] [ HEADER ] array (
  'cache-control' => 'max-age=0',
  'upgrade-insecure-requests' => '1',
  'cookie' => 'pgv_pvi=7288054784',
  'connection' => 'close',
  'accept-encoding' => 'gzip, deflate',
  'accept-language' => 'zh-CN,zh;q=0.8,zh-TW;q=0.7,zh-HK;q=0.5,en-US;q=0.3,en;q=0.2',
  'accept' => 'text/html,application/xhtml+xml,application/xml;q=0.9,*/*;q=0.8',
  'user-agent' => 'Mozilla/5.0 (Windows NT 10.0; WOW64; rv:63.0) Gecko/20100101 Firefox/63.0',
  'host' => 'www.qyice.co',
)
[ info ] [ PARAM ] array (
  '/index/wx_pay' => '',
)
[ info ] [ RUN ] app\index\controller\WxPay->index[ C:\Users\Administrator\Desktop\file\application\index\controller\WxPay.php ]
[ info ] [ LOG ] INIT File
---------------------------------------------------------------
[ 2018-12-04T20:15:05+08:00 ] 127.0.0.1 GET /favicon.ico
[ info ] www.qyice.co/favicon.ico [运行时间：0.042285s][吞吐率：23.65req/s] [内存消耗：1,102.13kb] [文件加载：35]
[ info ] [ LANG ] C:\Users\Administrator\Desktop\file\thinkphp\lang\zh-cn.php
[ info ] [ ROUTE ] array (
  'type' => 'module',
  'module' => 
  array (
    0 => 'favicon.ico',
    1 => NULL,
    2 => NULL,
  ),
)
[ info ] [ HEADER ] array (
  'cache-control' => 'max-age=0',
  'cookie' => 'pgv_pvi=7288054784',
  'connection' => 'close',
  'accept-encoding' => 'gzip, deflate',
  'accept-language' => 'zh-CN,zh;q=0.8,zh-TW;q=0.7,zh-HK;q=0.5,en-US;q=0.3,en;q=0.2',
  'accept' => 'text/html,application/xhtml+xml,application/xml;q=0.9,*/*;q=0.8',
  'user-agent' => 'Mozilla/5.0 (Windows NT 10.0; WOW64; rv:63.0) Gecko/20100101 Firefox/63.0',
  'host' => 'www.qyice.co',
)
[ info ] [ PARAM ] array (
  '/favicon_ico' => '',
)
[ info ] [ LOG ] INIT File
---------------------------------------------------------------
[ 2018-12-04T20:16:13+08:00 ] 127.0.0.1 GET /index/wx_pay
[ info ] www.qyice.co/index/wx_pay [运行时间：0.299295s][吞吐率：3.34req/s] [内存消耗：1,311.33kb] [文件加载：39]
[ info ] [ LANG ] C:\Users\Administrator\Desktop\file\thinkphp\lang\zh-cn.php
[ info ] [ ROUTE ] array (
  'type' => 'module',
  'module' => 
  array (
    0 => 'index',
    1 => 'wx_pay',
    2 => NULL,
  ),
)
[ info ] [ HEADER ] array (
  'cache-control' => 'max-age=0',
  'upgrade-insecure-requests' => '1',
  'cookie' => 'pgv_pvi=7288054784',
  'connection' => 'close',
  'accept-encoding' => 'gzip, deflate',
  'accept-language' => 'zh-CN,zh;q=0.8,zh-TW;q=0.7,zh-HK;q=0.5,en-US;q=0.3,en;q=0.2',
  'accept' => 'text/html,application/xhtml+xml,application/xml;q=0.9,*/*;q=0.8',
  'user-agent' => 'Mozilla/5.0 (Windows NT 10.0; WOW64; rv:63.0) Gecko/20100101 Firefox/63.0',
  'host' => 'www.qyice.co',
)
[ info ] [ PARAM ] array (
  '/index/wx_pay' => '',
)
[ info ] [ RUN ] app\index\controller\WxPay->index[ C:\Users\Administrator\Desktop\file\application\index\controller\WxPay.php ]
[ info ] [ LOG ] INIT File
---------------------------------------------------------------
[ 2018-12-04T20:16:13+08:00 ] 127.0.0.1 GET /favicon.ico
[ info ] www.qyice.co/favicon.ico [运行时间：0.028861s][吞吐率：34.65req/s] [内存消耗：1,102.13kb] [文件加载：35]
[ info ] [ LANG ] C:\Users\Administrator\Desktop\file\thinkphp\lang\zh-cn.php
[ info ] [ ROUTE ] array (
  'type' => 'module',
  'module' => 
  array (
    0 => 'favicon.ico',
    1 => NULL,
    2 => NULL,
  ),
)
[ info ] [ HEADER ] array (
  'cache-control' => 'max-age=0',
  'cookie' => 'pgv_pvi=7288054784',
  'connection' => 'close',
  'accept-encoding' => 'gzip, deflate',
  'accept-language' => 'zh-CN,zh;q=0.8,zh-TW;q=0.7,zh-HK;q=0.5,en-US;q=0.3,en;q=0.2',
  'accept' => 'text/html,application/xhtml+xml,application/xml;q=0.9,*/*;q=0.8',
  'user-agent' => 'Mozilla/5.0 (Windows NT 10.0; WOW64; rv:63.0) Gecko/20100101 Firefox/63.0',
  'host' => 'www.qyice.co',
)
[ info ] [ PARAM ] array (
  '/favicon_ico' => '',
)
[ info ] [ LOG ] INIT File
---------------------------------------------------------------
[ 2018-12-04T21:04:56+08:00 ] 127.0.0.1 GET /index/wx_pay
[ info ] www.qyice.co/index/wx_pay [运行时间：2.630040s][吞吐率：0.38req/s] [内存消耗：1,311.90kb] [文件加载：39]
[ info ] [ LANG ] C:\Users\Administrator\Desktop\file\thinkphp\lang\zh-cn.php
[ info ] [ ROUTE ] array (
  'type' => 'module',
  'module' => 
  array (
    0 => 'index',
    1 => 'wx_pay',
    2 => NULL,
  ),
)
[ info ] [ HEADER ] array (
  'cache-control' => 'max-age=0',
  'upgrade-insecure-requests' => '1',
  'cookie' => 'pgv_pvi=7288054784',
  'connection' => 'close',
  'accept-encoding' => 'gzip, deflate',
  'accept-language' => 'zh-CN,zh;q=0.8,zh-TW;q=0.7,zh-HK;q=0.5,en-US;q=0.3,en;q=0.2',
  'accept' => 'text/html,application/xhtml+xml,application/xml;q=0.9,*/*;q=0.8',
  'user-agent' => 'Mozilla/5.0 (Windows NT 10.0; WOW64; rv:63.0) Gecko/20100101 Firefox/63.0',
  'host' => 'www.qyice.co',
)
[ info ] [ PARAM ] array (
  '/index/wx_pay' => '',
)
[ info ] [ RUN ] app\index\controller\WxPay->index[ C:\Users\Administrator\Desktop\file\application\index\controller\WxPay.php ]
[ info ] [ LOG ] INIT File
---------------------------------------------------------------
[ 2018-12-04T21:04:56+08:00 ] 127.0.0.1 GET /favicon.ico
[ info ] www.qyice.co/favicon.ico [运行时间：0.053372s][吞吐率：18.74req/s] [内存消耗：1,102.13kb] [文件加载：35]
[ info ] [ LANG ] C:\Users\Administrator\Desktop\file\thinkphp\lang\zh-cn.php
[ info ] [ ROUTE ] array (
  'type' => 'module',
  'module' => 
  array (
    0 => 'favicon.ico',
    1 => NULL,
    2 => NULL,
  ),
)
[ info ] [ HEADER ] array (
  'cache-control' => 'max-age=0',
  'cookie' => 'pgv_pvi=7288054784',
  'connection' => 'close',
  'accept-encoding' => 'gzip, deflate',
  'accept-language' => 'zh-CN,zh;q=0.8,zh-TW;q=0.7,zh-HK;q=0.5,en-US;q=0.3,en;q=0.2',
  'accept' => 'text/html,application/xhtml+xml,application/xml;q=0.9,*/*;q=0.8',
  'user-agent' => 'Mozilla/5.0 (Windows NT 10.0; WOW64; rv:63.0) Gecko/20100101 Firefox/63.0',
  'host' => 'www.qyice.co',
)
[ info ] [ PARAM ] array (
  '/favicon_ico' => '',
)
[ info ] [ LOG ] INIT File
---------------------------------------------------------------
[ 2018-12-04T21:05:11+08:00 ] 127.0.0.1 GET /index/wx_pay
[ info ] www.qyice.co/index/wx_pay [运行时间：0.302397s][吞吐率：3.31req/s] [内存消耗：1,311.33kb] [文件加载：39]
[ info ] [ LANG ] C:\Users\Administrator\Desktop\file\thinkphp\lang\zh-cn.php
[ info ] [ ROUTE ] array (
  'type' => 'module',
  'module' => 
  array (
    0 => 'index',
    1 => 'wx_pay',
    2 => NULL,
  ),
)
[ info ] [ HEADER ] array (
  'cache-control' => 'max-age=0',
  'upgrade-insecure-requests' => '1',
  'cookie' => 'pgv_pvi=7288054784',
  'connection' => 'close',
  'accept-encoding' => 'gzip, deflate',
  'accept-language' => 'zh-CN,zh;q=0.8,zh-TW;q=0.7,zh-HK;q=0.5,en-US;q=0.3,en;q=0.2',
  'accept' => 'text/html,application/xhtml+xml,application/xml;q=0.9,*/*;q=0.8',
  'user-agent' => 'Mozilla/5.0 (Windows NT 10.0; WOW64; rv:63.0) Gecko/20100101 Firefox/63.0',
  'host' => 'www.qyice.co',
)
[ info ] [ PARAM ] array (
  '/index/wx_pay' => '',
)
[ info ] [ RUN ] app\index\controller\WxPay->index[ C:\Users\Administrator\Desktop\file\application\index\controller\WxPay.php ]
[ info ] [ LOG ] INIT File
---------------------------------------------------------------
[ 2018-12-04T21:05:12+08:00 ] 127.0.0.1 GET /favicon.ico
[ info ] www.qyice.co/favicon.ico [运行时间：0.054808s][吞吐率：18.25req/s] [内存消耗：1,102.13kb] [文件加载：35]
[ info ] [ LANG ] C:\Users\Administrator\Desktop\file\thinkphp\lang\zh-cn.php
[ info ] [ ROUTE ] array (
  'type' => 'module',
  'module' => 
  array (
    0 => 'favicon.ico',
    1 => NULL,
    2 => NULL,
  ),
)
[ info ] [ HEADER ] array (
  'cache-control' => 'max-age=0',
  'cookie' => 'pgv_pvi=7288054784',
  'connection' => 'close',
  'accept-encoding' => 'gzip, deflate',
  'accept-language' => 'zh-CN,zh;q=0.8,zh-TW;q=0.7,zh-HK;q=0.5,en-US;q=0.3,en;q=0.2',
  'accept' => 'text/html,application/xhtml+xml,application/xml;q=0.9,*/*;q=0.8',
  'user-agent' => 'Mozilla/5.0 (Windows NT 10.0; WOW64; rv:63.0) Gecko/20100101 Firefox/63.0',
  'host' => 'www.qyice.co',
)
[ info ] [ PARAM ] array (
  '/favicon_ico' => '',
)
[ info ] [ LOG ] INIT File
