---------------------------------------------------------------
[ 2018-12-06T12:06:05+08:00 ] 127.0.0.1 GET /index/wx_pay
[ info ] www.qyice.co/index/wx_pay [运行时间：1.462927s][吞吐率：0.68req/s] [内存消耗：1,311.61kb] [文件加载：39]
[ info ] [ LANG ] C:\Users\Administrator\Desktop\file\thinkphp\lang\zh-cn.php
[ info ] [ ROUTE ] array (
  'type' => 'module',
  'module' => 
  array (
    0 => 'index',
    1 => 'wx_pay',
    2 => NULL,
  ),
)
[ info ] [ HEADER ] array (
  'upgrade-insecure-requests' => '1',
  'cookie' => 'pgv_pvi=7288054784',
  'connection' => 'close',
  'accept-encoding' => 'gzip, deflate',
  'accept-language' => 'zh-CN,zh;q=0.8,zh-TW;q=0.7,zh-HK;q=0.5,en-US;q=0.3,en;q=0.2',
  'accept' => 'text/html,application/xhtml+xml,application/xml;q=0.9,*/*;q=0.8',
  'user-agent' => 'Mozilla/5.0 (Windows NT 10.0; WOW64; rv:63.0) Gecko/20100101 Firefox/63.0',
  'host' => 'www.qyice.co',
)
[ info ] [ PARAM ] array (
  '/index/wx_pay' => '',
)
[ info ] [ RUN ] app\index\controller\WxPay->index[ C:\Users\Administrator\Desktop\file\application\index\controller\WxPay.php ]
[ info ] [ LOG ] INIT File
---------------------------------------------------------------
[ 2018-12-06T12:06:05+08:00 ] 127.0.0.1 GET /favicon.ico
[ info ] www.qyice.co/favicon.ico [运行时间：0.048275s][吞吐率：20.71req/s] [内存消耗：1,101.76kb] [文件加载：35]
[ info ] [ LANG ] C:\Users\Administrator\Desktop\file\thinkphp\lang\zh-cn.php
[ info ] [ ROUTE ] array (
  'type' => 'module',
  'module' => 
  array (
    0 => 'favicon.ico',
    1 => NULL,
    2 => NULL,
  ),
)
[ info ] [ HEADER ] array (
  'cookie' => 'pgv_pvi=7288054784',
  'connection' => 'close',
  'accept-encoding' => 'gzip, deflate',
  'accept-language' => 'zh-CN,zh;q=0.8,zh-TW;q=0.7,zh-HK;q=0.5,en-US;q=0.3,en;q=0.2',
  'accept' => 'text/html,application/xhtml+xml,application/xml;q=0.9,*/*;q=0.8',
  'user-agent' => 'Mozilla/5.0 (Windows NT 10.0; WOW64; rv:63.0) Gecko/20100101 Firefox/63.0',
  'host' => 'www.qyice.co',
)
[ info ] [ PARAM ] array (
  '/favicon_ico' => '',
)
[ info ] [ LOG ] INIT File
---------------------------------------------------------------
[ 2018-12-06T12:07:00+08:00 ] 127.0.0.1 GET /index/wx_pay
[ info ] www.qyice.co/index/wx_pay [运行时间：0.342576s][吞吐率：2.92req/s] [内存消耗：1,311.53kb] [文件加载：39]
[ info ] [ LANG ] C:\Users\Administrator\Desktop\file\thinkphp\lang\zh-cn.php
[ info ] [ ROUTE ] array (
  'type' => 'module',
  'module' => 
  array (
    0 => 'index',
    1 => 'wx_pay',
    2 => NULL,
  ),
)
[ info ] [ HEADER ] array (
  'cache-control' => 'max-age=0',
  'upgrade-insecure-requests' => '1',
  'cookie' => 'pgv_pvi=7288054784',
  'connection' => 'close',
  'accept-encoding' => 'gzip, deflate',
  'accept-language' => 'zh-CN,zh;q=0.8,zh-TW;q=0.7,zh-HK;q=0.5,en-US;q=0.3,en;q=0.2',
  'accept' => 'text/html,application/xhtml+xml,application/xml;q=0.9,*/*;q=0.8',
  'user-agent' => 'Mozilla/5.0 (Windows NT 10.0; WOW64; rv:63.0) Gecko/20100101 Firefox/63.0',
  'host' => 'www.qyice.co',
)
[ info ] [ PARAM ] array (
  '/index/wx_pay' => '',
)
[ info ] [ RUN ] app\index\controller\WxPay->index[ C:\Users\Administrator\Desktop\file\application\index\controller\WxPay.php ]
[ info ] [ LOG ] INIT File
---------------------------------------------------------------
[ 2018-12-06T12:07:00+08:00 ] 127.0.0.1 GET /favicon.ico
[ info ] www.qyice.co/favicon.ico [运行时间：0.063568s][吞吐率：15.73req/s] [内存消耗：1,102.13kb] [文件加载：35]
[ info ] [ LANG ] C:\Users\Administrator\Desktop\file\thinkphp\lang\zh-cn.php
[ info ] [ ROUTE ] array (
  'type' => 'module',
  'module' => 
  array (
    0 => 'favicon.ico',
    1 => NULL,
    2 => NULL,
  ),
)
[ info ] [ HEADER ] array (
  'cache-control' => 'max-age=0',
  'cookie' => 'pgv_pvi=7288054784',
  'connection' => 'close',
  'accept-encoding' => 'gzip, deflate',
  'accept-language' => 'zh-CN,zh;q=0.8,zh-TW;q=0.7,zh-HK;q=0.5,en-US;q=0.3,en;q=0.2',
  'accept' => 'text/html,application/xhtml+xml,application/xml;q=0.9,*/*;q=0.8',
  'user-agent' => 'Mozilla/5.0 (Windows NT 10.0; WOW64; rv:63.0) Gecko/20100101 Firefox/63.0',
  'host' => 'www.qyice.co',
)
[ info ] [ PARAM ] array (
  '/favicon_ico' => '',
)
[ info ] [ LOG ] INIT File
---------------------------------------------------------------
[ 2018-12-06T12:16:32+08:00 ] 127.0.0.1 GET /index/wx_pay/a
[ info ] www.qyice.co/index/wx_pay/a [运行时间：0.136322s][吞吐率：7.34req/s] [内存消耗：1,244.42kb] [文件加载：37]
[ info ] [ LANG ] C:\Users\Administrator\Desktop\file\thinkphp\lang\zh-cn.php
[ info ] [ ROUTE ] array (
  'type' => 'module',
  'module' => 
  array (
    0 => 'index',
    1 => 'wx_pay',
    2 => 'a',
  ),
)
[ info ] [ HEADER ] array (
  'upgrade-insecure-requests' => '1',
  'cookie' => 'pgv_pvi=7288054784',
  'connection' => 'close',
  'accept-encoding' => 'gzip, deflate',
  'accept-language' => 'zh-CN,zh;q=0.8,zh-TW;q=0.7,zh-HK;q=0.5,en-US;q=0.3,en;q=0.2',
  'accept' => 'text/html,application/xhtml+xml,application/xml;q=0.9,*/*;q=0.8',
  'user-agent' => 'Mozilla/5.0 (Windows NT 10.0; WOW64; rv:63.0) Gecko/20100101 Firefox/63.0',
  'host' => 'www.qyice.co',
)
[ info ] [ PARAM ] array (
  '/index/wx_pay/a' => '',
)
[ info ] [ RUN ] app\index\controller\WxPay->a[ C:\Users\Administrator\Desktop\file\application\index\controller\WxPay.php ]
[ info ] [ LOG ] INIT File
[ error ] [0]致命错误: Call to undefined method Endroid\QrCode\QrCode::writeFile()[C:\Users\Administrator\Desktop\file\application\index\controller\WxPay.php:39]
---------------------------------------------------------------
[ 2018-12-06T12:16:32+08:00 ] 127.0.0.1 GET /favicon.ico
[ info ] www.qyice.co/favicon.ico [运行时间：0.053163s][吞吐率：18.81req/s] [内存消耗：1,101.76kb] [文件加载：35]
[ info ] [ LANG ] C:\Users\Administrator\Desktop\file\thinkphp\lang\zh-cn.php
[ info ] [ ROUTE ] array (
  'type' => 'module',
  'module' => 
  array (
    0 => 'favicon.ico',
    1 => NULL,
    2 => NULL,
  ),
)
[ info ] [ HEADER ] array (
  'cookie' => 'pgv_pvi=7288054784',
  'connection' => 'close',
  'accept-encoding' => 'gzip, deflate',
  'accept-language' => 'zh-CN,zh;q=0.8,zh-TW;q=0.7,zh-HK;q=0.5,en-US;q=0.3,en;q=0.2',
  'accept' => 'text/html,application/xhtml+xml,application/xml;q=0.9,*/*;q=0.8',
  'user-agent' => 'Mozilla/5.0 (Windows NT 10.0; WOW64; rv:63.0) Gecko/20100101 Firefox/63.0',
  'host' => 'www.qyice.co',
)
[ info ] [ PARAM ] array (
  '/favicon_ico' => '',
)
[ info ] [ LOG ] INIT File
---------------------------------------------------------------
[ 2018-12-06T12:31:03+08:00 ] 127.0.0.1 GET /
[ info ] www.qyice.co/ [运行时间：0.120015s][吞吐率：8.33req/s] [内存消耗：1,354.18kb] [文件加载：41]
[ info ] [ LANG ] C:\Users\Administrator\Desktop\file\thinkphp\lang\zh-cn.php
[ info ] [ ROUTE ] array (
  'type' => 'module',
  'module' => 
  array (
    0 => '',
    1 => NULL,
    2 => NULL,
  ),
)
[ info ] [ HEADER ] array (
  'cache-control' => 'max-age=0',
  'upgrade-insecure-requests' => '1',
  'cookie' => 'pgv_pvi=7288054784',
  'connection' => 'close',
  'accept-encoding' => 'gzip, deflate',
  'accept-language' => 'zh-CN,zh;q=0.8,zh-TW;q=0.7,zh-HK;q=0.5,en-US;q=0.3,en;q=0.2',
  'accept' => 'text/html,application/xhtml+xml,application/xml;q=0.9,*/*;q=0.8',
  'user-agent' => 'Mozilla/5.0 (Windows NT 10.0; WOW64; rv:63.0) Gecko/20100101 Firefox/63.0',
  'host' => 'www.qyice.co',
)
[ info ] [ PARAM ] array (
)
[ info ] [ RUN ] app\index\controller\Index->index[ C:\Users\Administrator\Desktop\file\application\index\controller\Index.php ]
[ info ] [ VIEW ] C:\Users\Administrator\Desktop\file/application/index\view\index\index.html [ array (
) ]
[ info ] [ LOG ] INIT File
---------------------------------------------------------------
[ 2018-12-06T12:31:03+08:00 ] 127.0.0.1 GET /favicon.ico
[ info ] www.qyice.co/favicon.ico [运行时间：0.084415s][吞吐率：11.85req/s] [内存消耗：1,130.23kb] [文件加载：35]
[ info ] [ LANG ] C:\Users\Administrator\Desktop\file\thinkphp\lang\zh-cn.php
[ info ] [ ROUTE ] array (
  'type' => 'module',
  'module' => 
  array (
    0 => 'favicon.ico',
    1 => NULL,
    2 => NULL,
  ),
)
[ info ] [ HEADER ] array (
  'cache-control' => 'max-age=0',
  'cookie' => 'pgv_pvi=7288054784',
  'connection' => 'close',
  'accept-encoding' => 'gzip, deflate',
  'accept-language' => 'zh-CN,zh;q=0.8,zh-TW;q=0.7,zh-HK;q=0.5,en-US;q=0.3,en;q=0.2',
  'accept' => 'text/html,application/xhtml+xml,application/xml;q=0.9,*/*;q=0.8',
  'user-agent' => 'Mozilla/5.0 (Windows NT 10.0; WOW64; rv:63.0) Gecko/20100101 Firefox/63.0',
  'host' => 'www.qyice.co',
)
[ info ] [ PARAM ] array (
  '/favicon_ico' => '',
)
[ info ] [ LOG ] INIT File
---------------------------------------------------------------
[ 2018-12-06T12:31:19+08:00 ] 127.0.0.1 GET /index/wx_pay/a
[ info ] www.qyice.co/index/wx_pay/a [运行时间：0.079064s][吞吐率：12.65req/s] [内存消耗：1,132.10kb] [文件加载：35]
[ info ] [ LANG ] C:\Users\Administrator\Desktop\file\thinkphp\lang\zh-cn.php
[ info ] [ ROUTE ] array (
  'type' => 'module',
  'module' => 
  array (
    0 => 'index',
    1 => 'wx_pay',
    2 => 'a',
  ),
)
[ info ] [ HEADER ] array (
  'upgrade-insecure-requests' => '1',
  'cookie' => 'pgv_pvi=7288054784',
  'connection' => 'close',
  'accept-encoding' => 'gzip, deflate',
  'accept-language' => 'zh-CN,zh;q=0.8,zh-TW;q=0.7,zh-HK;q=0.5,en-US;q=0.3,en;q=0.2',
  'accept' => 'text/html,application/xhtml+xml,application/xml;q=0.9,*/*;q=0.8',
  'user-agent' => 'Mozilla/5.0 (Windows NT 10.0; WOW64; rv:63.0) Gecko/20100101 Firefox/63.0',
  'host' => 'www.qyice.co',
)
[ info ] [ PARAM ] array (
  '/index/wx_pay/a' => '',
)
[ info ] [ LOG ] INIT File
[ error ] [0]语法解析错误: syntax error, unexpected '}', expecting identifier (T_STRING) or variable (T_VARIABLE) or '{' or '$'[C:\Users\Administrator\Desktop\file\application\index\controller\WxPay.php:42]
---------------------------------------------------------------
[ 2018-12-06T12:31:19+08:00 ] 127.0.0.1 GET /favicon.ico
[ info ] www.qyice.co/favicon.ico [运行时间：0.054324s][吞吐率：18.41req/s] [内存消耗：1,129.71kb] [文件加载：35]
[ info ] [ LANG ] C:\Users\Administrator\Desktop\file\thinkphp\lang\zh-cn.php
[ info ] [ ROUTE ] array (
  'type' => 'module',
  'module' => 
  array (
    0 => 'favicon.ico',
    1 => NULL,
    2 => NULL,
  ),
)
[ info ] [ HEADER ] array (
  'cookie' => 'pgv_pvi=7288054784',
  'connection' => 'close',
  'accept-encoding' => 'gzip, deflate',
  'accept-language' => 'zh-CN,zh;q=0.8,zh-TW;q=0.7,zh-HK;q=0.5,en-US;q=0.3,en;q=0.2',
  'accept' => 'text/html,application/xhtml+xml,application/xml;q=0.9,*/*;q=0.8',
  'user-agent' => 'Mozilla/5.0 (Windows NT 10.0; WOW64; rv:63.0) Gecko/20100101 Firefox/63.0',
  'host' => 'www.qyice.co',
)
[ info ] [ PARAM ] array (
  '/favicon_ico' => '',
)
[ info ] [ LOG ] INIT File
---------------------------------------------------------------
[ 2018-12-06T12:31:37+08:00 ] 127.0.0.1 GET /index/wx_pay/a
[ info ] www.qyice.co/index/wx_pay/a [运行时间：0.041911s][吞吐率：23.86req/s] [内存消耗：1,330.47kb] [文件加载：37]
[ info ] [ LANG ] C:\Users\Administrator\Desktop\file\thinkphp\lang\zh-cn.php
[ info ] [ ROUTE ] array (
  'type' => 'module',
  'module' => 
  array (
    0 => 'index',
    1 => 'wx_pay',
    2 => 'a',
  ),
)
[ info ] [ HEADER ] array (
  'cache-control' => 'max-age=0',
  'upgrade-insecure-requests' => '1',
  'cookie' => 'pgv_pvi=7288054784',
  'connection' => 'close',
  'accept-encoding' => 'gzip, deflate',
  'accept-language' => 'zh-CN,zh;q=0.8,zh-TW;q=0.7,zh-HK;q=0.5,en-US;q=0.3,en;q=0.2',
  'accept' => 'text/html,application/xhtml+xml,application/xml;q=0.9,*/*;q=0.8',
  'user-agent' => 'Mozilla/5.0 (Windows NT 10.0; WOW64; rv:63.0) Gecko/20100101 Firefox/63.0',
  'host' => 'www.qyice.co',
)
[ info ] [ PARAM ] array (
  '/index/wx_pay/a' => '',
)
[ info ] [ RUN ] app\index\controller\WxPay->a[ C:\Users\Administrator\Desktop\file\application\index\controller\WxPay.php ]
[ info ] [ LOG ] INIT File
[ error ] [0]致命错误: Call to undefined method Endroid\QrCode\QrCode::writeFile()[C:\Users\Administrator\Desktop\file\application\index\controller\WxPay.php:39]
---------------------------------------------------------------
[ 2018-12-06T12:31:37+08:00 ] 127.0.0.1 GET /favicon.ico
[ info ] www.qyice.co/favicon.ico [运行时间：0.035163s][吞吐率：28.44req/s] [内存消耗：1,130.23kb] [文件加载：35]
[ info ] [ LANG ] C:\Users\Administrator\Desktop\file\thinkphp\lang\zh-cn.php
[ info ] [ ROUTE ] array (
  'type' => 'module',
  'module' => 
  array (
    0 => 'favicon.ico',
    1 => NULL,
    2 => NULL,
  ),
)
[ info ] [ HEADER ] array (
  'cache-control' => 'max-age=0',
  'cookie' => 'pgv_pvi=7288054784',
  'connection' => 'close',
  'accept-encoding' => 'gzip, deflate',
  'accept-language' => 'zh-CN,zh;q=0.8,zh-TW;q=0.7,zh-HK;q=0.5,en-US;q=0.3,en;q=0.2',
  'accept' => 'text/html,application/xhtml+xml,application/xml;q=0.9,*/*;q=0.8',
  'user-agent' => 'Mozilla/5.0 (Windows NT 10.0; WOW64; rv:63.0) Gecko/20100101 Firefox/63.0',
  'host' => 'www.qyice.co',
)
[ info ] [ PARAM ] array (
  '/favicon_ico' => '',
)
[ info ] [ LOG ] INIT File
---------------------------------------------------------------
[ 2018-12-06T12:33:37+08:00 ] 127.0.0.1 GET /index/wx_pay/a
[ info ] www.qyice.co/index/wx_pay/a [运行时间：0.080462s][吞吐率：12.43req/s] [内存消耗：1,335.79kb] [文件加载：37]
[ info ] [ LANG ] C:\Users\Administrator\Desktop\file\thinkphp\lang\zh-cn.php
[ info ] [ ROUTE ] array (
  'type' => 'module',
  'module' => 
  array (
    0 => 'index',
    1 => 'wx_pay',
    2 => 'a',
  ),
)
[ info ] [ HEADER ] array (
  'cache-control' => 'max-age=0',
  'upgrade-insecure-requests' => '1',
  'cookie' => 'pgv_pvi=7288054784',
  'connection' => 'close',
  'accept-encoding' => 'gzip, deflate',
  'accept-language' => 'zh-CN,zh;q=0.8,zh-TW;q=0.7,zh-HK;q=0.5,en-US;q=0.3,en;q=0.2',
  'accept' => 'text/html,application/xhtml+xml,application/xml;q=0.9,*/*;q=0.8',
  'user-agent' => 'Mozilla/5.0 (Windows NT 10.0; WOW64; rv:63.0) Gecko/20100101 Firefox/63.0',
  'host' => 'www.qyice.co',
)
[ info ] [ PARAM ] array (
  '/index/wx_pay/a' => '',
)
[ info ] [ RUN ] app\index\controller\WxPay->a[ C:\Users\Administrator\Desktop\file\application\index\controller\WxPay.php ]
[ info ] [ LOG ] INIT File
[ error ] [0]致命错误: Call to undefined method Endroid\QrCode\QrCode::setWriterByName()[C:\Users\Administrator\Desktop\file\application\index\controller\WxPay.php:45]
---------------------------------------------------------------
[ 2018-12-06T12:33:37+08:00 ] 127.0.0.1 GET /favicon.ico
[ info ] www.qyice.co/favicon.ico [运行时间：0.045570s][吞吐率：21.94req/s] [内存消耗：1,130.23kb] [文件加载：35]
[ info ] [ LANG ] C:\Users\Administrator\Desktop\file\thinkphp\lang\zh-cn.php
[ info ] [ ROUTE ] array (
  'type' => 'module',
  'module' => 
  array (
    0 => 'favicon.ico',
    1 => NULL,
    2 => NULL,
  ),
)
[ info ] [ HEADER ] array (
  'cache-control' => 'max-age=0',
  'cookie' => 'pgv_pvi=7288054784',
  'connection' => 'close',
  'accept-encoding' => 'gzip, deflate',
  'accept-language' => 'zh-CN,zh;q=0.8,zh-TW;q=0.7,zh-HK;q=0.5,en-US;q=0.3,en;q=0.2',
  'accept' => 'text/html,application/xhtml+xml,application/xml;q=0.9,*/*;q=0.8',
  'user-agent' => 'Mozilla/5.0 (Windows NT 10.0; WOW64; rv:63.0) Gecko/20100101 Firefox/63.0',
  'host' => 'www.qyice.co',
)
[ info ] [ PARAM ] array (
  '/favicon_ico' => '',
)
[ info ] [ LOG ] INIT File
---------------------------------------------------------------
[ 2018-12-06T12:39:09+08:00 ] 127.0.0.1 GET /index/wx_pay/qrcode
[ info ] www.qyice.co/index/wx_pay/qrcode [运行时间：0.049593s][吞吐率：20.16req/s] [内存消耗：1,258.91kb] [文件加载：39]
[ info ] [ LANG ] C:\Users\Administrator\Desktop\file\thinkphp\lang\zh-cn.php
[ info ] [ ROUTE ] array (
  'type' => 'module',
  'module' => 
  array (
    0 => 'index',
    1 => 'wx_pay',
    2 => 'qrcode',
  ),
)
[ info ] [ HEADER ] array (
  'upgrade-insecure-requests' => '1',
  'cookie' => 'pgv_pvi=7288054784',
  'connection' => 'close',
  'accept-encoding' => 'gzip, deflate',
  'accept-language' => 'zh-CN,zh;q=0.8,zh-TW;q=0.7,zh-HK;q=0.5,en-US;q=0.3,en;q=0.2',
  'accept' => 'text/html,application/xhtml+xml,application/xml;q=0.9,*/*;q=0.8',
  'user-agent' => 'Mozilla/5.0 (Windows NT 10.0; WOW64; rv:63.0) Gecko/20100101 Firefox/63.0',
  'host' => 'www.qyice.co',
)
[ info ] [ PARAM ] array (
  '/index/wx_pay/qrcode' => '',
)
[ info ] [ RUN ] app\index\controller\WxPay->qrcode[ C:\Users\Administrator\Desktop\file\application\index\controller\WxPay.php ]
[ info ] [ LOG ] INIT File
[ error ] [64]Cannot use 'Object' as class name as it is reserved[C:\Users\Administrator\Desktop\file\vendor\nette\utils\src\Utils\Object.php:51]
---------------------------------------------------------------
[ 2018-12-06T12:39:09+08:00 ] 127.0.0.1 GET /favicon.ico
[ info ] www.qyice.co/favicon.ico [运行时间：0.039602s][吞吐率：25.25req/s] [内存消耗：1,138.95kb] [文件加载：35]
[ info ] [ LANG ] C:\Users\Administrator\Desktop\file\thinkphp\lang\zh-cn.php
[ info ] [ ROUTE ] array (
  'type' => 'module',
  'module' => 
  array (
    0 => 'favicon.ico',
    1 => NULL,
    2 => NULL,
  ),
)
[ info ] [ HEADER ] array (
  'cookie' => 'pgv_pvi=7288054784',
  'connection' => 'close',
  'accept-encoding' => 'gzip, deflate',
  'accept-language' => 'zh-CN,zh;q=0.8,zh-TW;q=0.7,zh-HK;q=0.5,en-US;q=0.3,en;q=0.2',
  'accept' => 'text/html,application/xhtml+xml,application/xml;q=0.9,*/*;q=0.8',
  'user-agent' => 'Mozilla/5.0 (Windows NT 10.0; WOW64; rv:63.0) Gecko/20100101 Firefox/63.0',
  'host' => 'www.qyice.co',
)
[ info ] [ PARAM ] array (
  '/favicon_ico' => '',
)
[ info ] [ LOG ] INIT File
---------------------------------------------------------------
[ 2018-12-06T16:56:28+08:00 ] 127.0.0.1 GET /index/wx_pay/qrcode
[ info ] www.qyice.co/index/wx_pay/qrcode [运行时间：0.160495s][吞吐率：6.23req/s] [内存消耗：1,259.34kb] [文件加载：39]
[ info ] [ LANG ] C:\Users\Administrator\Desktop\file\thinkphp\lang\zh-cn.php
[ info ] [ ROUTE ] array (
  'type' => 'module',
  'module' => 
  array (
    0 => 'index',
    1 => 'wx_pay',
    2 => 'qrcode',
  ),
)
[ info ] [ HEADER ] array (
  'cache-control' => 'max-age=0',
  'upgrade-insecure-requests' => '1',
  'cookie' => 'pgv_pvi=7288054784',
  'connection' => 'close',
  'accept-encoding' => 'gzip, deflate',
  'accept-language' => 'zh-CN,zh;q=0.8,zh-TW;q=0.7,zh-HK;q=0.5,en-US;q=0.3,en;q=0.2',
  'accept' => 'text/html,application/xhtml+xml,application/xml;q=0.9,*/*;q=0.8',
  'user-agent' => 'Mozilla/5.0 (Windows NT 10.0; WOW64; rv:63.0) Gecko/20100101 Firefox/63.0',
  'host' => 'www.qyice.co',
)
[ info ] [ PARAM ] array (
  '/index/wx_pay/qrcode' => '',
)
[ info ] [ RUN ] app\index\controller\WxPay->qrcode[ C:\Users\Administrator\Desktop\file\application\index\controller\WxPay.php ]
[ info ] [ LOG ] INIT File
[ error ] [64]Cannot use 'Object' as class name as it is reserved[C:\Users\Administrator\Desktop\file\vendor\nette\utils\src\Utils\Object.php:51]
---------------------------------------------------------------
[ 2018-12-06T16:56:29+08:00 ] 127.0.0.1 GET /favicon.ico
[ info ] www.qyice.co/favicon.ico [运行时间：0.040305s][吞吐率：24.81req/s] [内存消耗：1,139.46kb] [文件加载：35]
[ info ] [ LANG ] C:\Users\Administrator\Desktop\file\thinkphp\lang\zh-cn.php
[ info ] [ ROUTE ] array (
  'type' => 'module',
  'module' => 
  array (
    0 => 'favicon.ico',
    1 => NULL,
    2 => NULL,
  ),
)
[ info ] [ HEADER ] array (
  'cache-control' => 'max-age=0',
  'cookie' => 'pgv_pvi=7288054784',
  'connection' => 'close',
  'accept-encoding' => 'gzip, deflate',
  'accept-language' => 'zh-CN,zh;q=0.8,zh-TW;q=0.7,zh-HK;q=0.5,en-US;q=0.3,en;q=0.2',
  'accept' => 'text/html,application/xhtml+xml,application/xml;q=0.9,*/*;q=0.8',
  'user-agent' => 'Mozilla/5.0 (Windows NT 10.0; WOW64; rv:63.0) Gecko/20100101 Firefox/63.0',
  'host' => 'www.qyice.co',
)
[ info ] [ PARAM ] array (
  '/favicon_ico' => '',
)
[ info ] [ LOG ] INIT File
---------------------------------------------------------------
[ 2018-12-06T17:02:53+08:00 ] 127.0.0.1 GET /index/wx_pay/qrcode
[ info ] www.qyice.co/index/wx_pay/qrcode [运行时间：0.128567s][吞吐率：7.78req/s] [内存消耗：1,260.78kb] [文件加载：39]
[ info ] [ LANG ] C:\Users\Administrator\Desktop\file\thinkphp\lang\zh-cn.php
[ info ] [ ROUTE ] array (
  'type' => 'module',
  'module' => 
  array (
    0 => 'index',
    1 => 'wx_pay',
    2 => 'qrcode',
  ),
)
[ info ] [ HEADER ] array (
  'cache-control' => 'max-age=0',
  'upgrade-insecure-requests' => '1',
  'cookie' => 'pgv_pvi=7288054784',
  'connection' => 'close',
  'accept-encoding' => 'gzip, deflate',
  'accept-language' => 'zh-CN,zh;q=0.8,zh-TW;q=0.7,zh-HK;q=0.5,en-US;q=0.3,en;q=0.2',
  'accept' => 'text/html,application/xhtml+xml,application/xml;q=0.9,*/*;q=0.8',
  'user-agent' => 'Mozilla/5.0 (Windows NT 10.0; WOW64; rv:63.0) Gecko/20100101 Firefox/63.0',
  'host' => 'www.qyice.co',
)
[ info ] [ PARAM ] array (
  '/index/wx_pay/qrcode' => '',
)
[ info ] [ RUN ] app\index\controller\WxPay->qrcode[ C:\Users\Administrator\Desktop\file\application\index\controller\WxPay.php ]
[ info ] [ LOG ] INIT File
[ error ] [64]Cannot use 'Object' as class name as it is reserved[C:\Users\Administrator\Desktop\file\vendor\nette\utils\src\Utils\Object.php:51]
---------------------------------------------------------------
[ 2018-12-06T17:02:53+08:00 ] 127.0.0.1 GET /favicon.ico
[ info ] www.qyice.co/favicon.ico [运行时间：0.112159s][吞吐率：8.92req/s] [内存消耗：1,139.46kb] [文件加载：35]
[ info ] [ LANG ] C:\Users\Administrator\Desktop\file\thinkphp\lang\zh-cn.php
[ info ] [ ROUTE ] array (
  'type' => 'module',
  'module' => 
  array (
    0 => 'favicon.ico',
    1 => NULL,
    2 => NULL,
  ),
)
[ info ] [ HEADER ] array (
  'cache-control' => 'max-age=0',
  'cookie' => 'pgv_pvi=7288054784',
  'connection' => 'close',
  'accept-encoding' => 'gzip, deflate',
  'accept-language' => 'zh-CN,zh;q=0.8,zh-TW;q=0.7,zh-HK;q=0.5,en-US;q=0.3,en;q=0.2',
  'accept' => 'text/html,application/xhtml+xml,application/xml;q=0.9,*/*;q=0.8',
  'user-agent' => 'Mozilla/5.0 (Windows NT 10.0; WOW64; rv:63.0) Gecko/20100101 Firefox/63.0',
  'host' => 'www.qyice.co',
)
[ info ] [ PARAM ] array (
  '/favicon_ico' => '',
)
[ info ] [ LOG ] INIT File
---------------------------------------------------------------
[ 2018-12-06T17:03:12+08:00 ] 127.0.0.1 GET /index/wx_pay/qrcode
[ info ] www.qyice.co/index/wx_pay/qrcode [运行时间：0.039424s][吞吐率：25.37req/s] [内存消耗：1,260.13kb] [文件加载：39]
[ info ] [ LANG ] C:\Users\Administrator\Desktop\file\thinkphp\lang\zh-cn.php
[ info ] [ ROUTE ] array (
  'type' => 'module',
  'module' => 
  array (
    0 => 'index',
    1 => 'wx_pay',
    2 => 'qrcode',
  ),
)
[ info ] [ HEADER ] array (
  'cache-control' => 'max-age=0',
  'upgrade-insecure-requests' => '1',
  'cookie' => 'pgv_pvi=7288054784',
  'connection' => 'close',
  'accept-encoding' => 'gzip, deflate',
  'accept-language' => 'zh-CN,zh;q=0.8,zh-TW;q=0.7,zh-HK;q=0.5,en-US;q=0.3,en;q=0.2',
  'accept' => 'text/html,application/xhtml+xml,application/xml;q=0.9,*/*;q=0.8',
  'user-agent' => 'Mozilla/5.0 (Windows NT 10.0; WOW64; rv:63.0) Gecko/20100101 Firefox/63.0',
  'host' => 'www.qyice.co',
)
[ info ] [ PARAM ] array (
  '/index/wx_pay/qrcode' => '',
)
[ info ] [ RUN ] app\index\controller\WxPay->qrcode[ C:\Users\Administrator\Desktop\file\application\index\controller\WxPay.php ]
[ info ] [ LOG ] INIT File
[ error ] [64]Cannot use 'Object' as class name as it is reserved[C:\Users\Administrator\Desktop\file\vendor\nette\utils\src\Utils\Object.php:51]
---------------------------------------------------------------
[ 2018-12-06T17:03:12+08:00 ] 127.0.0.1 GET /favicon.ico
[ info ] www.qyice.co/favicon.ico [运行时间：0.047795s][吞吐率：20.92req/s] [内存消耗：1,139.46kb] [文件加载：35]
[ info ] [ LANG ] C:\Users\Administrator\Desktop\file\thinkphp\lang\zh-cn.php
[ info ] [ ROUTE ] array (
  'type' => 'module',
  'module' => 
  array (
    0 => 'favicon.ico',
    1 => NULL,
    2 => NULL,
  ),
)
[ info ] [ HEADER ] array (
  'cache-control' => 'max-age=0',
  'cookie' => 'pgv_pvi=7288054784',
  'connection' => 'close',
  'accept-encoding' => 'gzip, deflate',
  'accept-language' => 'zh-CN,zh;q=0.8,zh-TW;q=0.7,zh-HK;q=0.5,en-US;q=0.3,en;q=0.2',
  'accept' => 'text/html,application/xhtml+xml,application/xml;q=0.9,*/*;q=0.8',
  'user-agent' => 'Mozilla/5.0 (Windows NT 10.0; WOW64; rv:63.0) Gecko/20100101 Firefox/63.0',
  'host' => 'www.qyice.co',
)
[ info ] [ PARAM ] array (
  '/favicon_ico' => '',
)
[ info ] [ LOG ] INIT File
---------------------------------------------------------------
[ 2018-12-06T17:03:22+08:00 ] 127.0.0.1 GET /index/wx_pay/qrcode
[ info ] www.qyice.co/index/wx_pay/qrcode [运行时间：0.077121s][吞吐率：12.97req/s] [内存消耗：1,260.09kb] [文件加载：39]
[ info ] [ LANG ] C:\Users\Administrator\Desktop\file\thinkphp\lang\zh-cn.php
[ info ] [ ROUTE ] array (
  'type' => 'module',
  'module' => 
  array (
    0 => 'index',
    1 => 'wx_pay',
    2 => 'qrcode',
  ),
)
[ info ] [ HEADER ] array (
  'cache-control' => 'max-age=0',
  'upgrade-insecure-requests' => '1',
  'cookie' => 'pgv_pvi=7288054784',
  'connection' => 'close',
  'accept-encoding' => 'gzip, deflate',
  'accept-language' => 'zh-CN,zh;q=0.8,zh-TW;q=0.7,zh-HK;q=0.5,en-US;q=0.3,en;q=0.2',
  'accept' => 'text/html,application/xhtml+xml,application/xml;q=0.9,*/*;q=0.8',
  'user-agent' => 'Mozilla/5.0 (Windows NT 10.0; WOW64; rv:63.0) Gecko/20100101 Firefox/63.0',
  'host' => 'www.qyice.co',
)
[ info ] [ PARAM ] array (
  '/index/wx_pay/qrcode' => '',
)
[ info ] [ RUN ] app\index\controller\WxPay->qrcode[ C:\Users\Administrator\Desktop\file\application\index\controller\WxPay.php ]
[ info ] [ LOG ] INIT File
[ error ] [64]Cannot use 'Object' as class name as it is reserved[C:\Users\Administrator\Desktop\file\vendor\nette\utils\src\Utils\Object.php:51]
---------------------------------------------------------------
[ 2018-12-06T17:03:22+08:00 ] 127.0.0.1 GET /favicon.ico
[ info ] www.qyice.co/favicon.ico [运行时间：0.040124s][吞吐率：24.92req/s] [内存消耗：1,139.46kb] [文件加载：35]
[ info ] [ LANG ] C:\Users\Administrator\Desktop\file\thinkphp\lang\zh-cn.php
[ info ] [ ROUTE ] array (
  'type' => 'module',
  'module' => 
  array (
    0 => 'favicon.ico',
    1 => NULL,
    2 => NULL,
  ),
)
[ info ] [ HEADER ] array (
  'cache-control' => 'max-age=0',
  'cookie' => 'pgv_pvi=7288054784',
  'connection' => 'close',
  'accept-encoding' => 'gzip, deflate',
  'accept-language' => 'zh-CN,zh;q=0.8,zh-TW;q=0.7,zh-HK;q=0.5,en-US;q=0.3,en;q=0.2',
  'accept' => 'text/html,application/xhtml+xml,application/xml;q=0.9,*/*;q=0.8',
  'user-agent' => 'Mozilla/5.0 (Windows NT 10.0; WOW64; rv:63.0) Gecko/20100101 Firefox/63.0',
  'host' => 'www.qyice.co',
)
[ info ] [ PARAM ] array (
  '/favicon_ico' => '',
)
[ info ] [ LOG ] INIT File
---------------------------------------------------------------
[ 2018-12-06T17:07:14+08:00 ] 127.0.0.1 GET /index/wx_pay/qrcode
[ info ] www.qyice.co/index/wx_pay/qrcode [运行时间：0.094677s][吞吐率：10.56req/s] [内存消耗：1,260.03kb] [文件加载：39]
[ info ] [ LANG ] C:\Users\Administrator\Desktop\file\thinkphp\lang\zh-cn.php
[ info ] [ ROUTE ] array (
  'type' => 'module',
  'module' => 
  array (
    0 => 'index',
    1 => 'wx_pay',
    2 => 'qrcode',
  ),
)
[ info ] [ HEADER ] array (
  'cache-control' => 'max-age=0',
  'upgrade-insecure-requests' => '1',
  'cookie' => 'pgv_pvi=7288054784',
  'connection' => 'close',
  'accept-encoding' => 'gzip, deflate',
  'accept-language' => 'zh-CN,zh;q=0.8,zh-TW;q=0.7,zh-HK;q=0.5,en-US;q=0.3,en;q=0.2',
  'accept' => 'text/html,application/xhtml+xml,application/xml;q=0.9,*/*;q=0.8',
  'user-agent' => 'Mozilla/5.0 (Windows NT 10.0; WOW64; rv:63.0) Gecko/20100101 Firefox/63.0',
  'host' => 'www.qyice.co',
)
[ info ] [ PARAM ] array (
  '/index/wx_pay/qrcode' => '',
)
[ info ] [ RUN ] app\index\controller\WxPay->qrcode[ C:\Users\Administrator\Desktop\file\application\index\controller\WxPay.php ]
[ info ] [ LOG ] INIT File
[ error ] [64]Cannot use 'Object' as class name as it is reserved[C:\Users\Administrator\Desktop\file\vendor\nette\utils\src\Utils\Object.php:51]
---------------------------------------------------------------
[ 2018-12-06T17:07:14+08:00 ] 127.0.0.1 GET /favicon.ico
[ info ] www.qyice.co/favicon.ico [运行时间：0.036531s][吞吐率：27.37req/s] [内存消耗：1,139.46kb] [文件加载：35]
[ info ] [ LANG ] C:\Users\Administrator\Desktop\file\thinkphp\lang\zh-cn.php
[ info ] [ ROUTE ] array (
  'type' => 'module',
  'module' => 
  array (
    0 => 'favicon.ico',
    1 => NULL,
    2 => NULL,
  ),
)
[ info ] [ HEADER ] array (
  'cache-control' => 'max-age=0',
  'cookie' => 'pgv_pvi=7288054784',
  'connection' => 'close',
  'accept-encoding' => 'gzip, deflate',
  'accept-language' => 'zh-CN,zh;q=0.8,zh-TW;q=0.7,zh-HK;q=0.5,en-US;q=0.3,en;q=0.2',
  'accept' => 'text/html,application/xhtml+xml,application/xml;q=0.9,*/*;q=0.8',
  'user-agent' => 'Mozilla/5.0 (Windows NT 10.0; WOW64; rv:63.0) Gecko/20100101 Firefox/63.0',
  'host' => 'www.qyice.co',
)
[ info ] [ PARAM ] array (
  '/favicon_ico' => '',
)
[ info ] [ LOG ] INIT File
---------------------------------------------------------------
[ 2018-12-06T17:07:50+08:00 ] 127.0.0.1 GET /index/wx_pay/qrcode
[ info ] www.qyice.co/index/wx_pay/qrcode [运行时间：0.069550s][吞吐率：14.38req/s] [内存消耗：1,260.00kb] [文件加载：39]
[ info ] [ LANG ] C:\Users\Administrator\Desktop\file\thinkphp\lang\zh-cn.php
[ info ] [ ROUTE ] array (
  'type' => 'module',
  'module' => 
  array (
    0 => 'index',
    1 => 'wx_pay',
    2 => 'qrcode',
  ),
)
[ info ] [ HEADER ] array (
  'cache-control' => 'max-age=0',
  'upgrade-insecure-requests' => '1',
  'cookie' => 'pgv_pvi=7288054784',
  'connection' => 'close',
  'accept-encoding' => 'gzip, deflate',
  'accept-language' => 'zh-CN,zh;q=0.8,zh-TW;q=0.7,zh-HK;q=0.5,en-US;q=0.3,en;q=0.2',
  'accept' => 'text/html,application/xhtml+xml,application/xml;q=0.9,*/*;q=0.8',
  'user-agent' => 'Mozilla/5.0 (Windows NT 10.0; WOW64; rv:63.0) Gecko/20100101 Firefox/63.0',
  'host' => 'www.qyice.co',
)
[ info ] [ PARAM ] array (
  '/index/wx_pay/qrcode' => '',
)
[ info ] [ RUN ] app\index\controller\WxPay->qrcode[ C:\Users\Administrator\Desktop\file\application\index\controller\WxPay.php ]
[ info ] [ LOG ] INIT File
[ error ] [64]Cannot use 'Object' as class name as it is reserved[C:\Users\Administrator\Desktop\file\vendor\nette\utils\src\Utils\Object.php:51]
---------------------------------------------------------------
[ 2018-12-06T17:07:50+08:00 ] 127.0.0.1 GET /favicon.ico
[ info ] www.qyice.co/favicon.ico [运行时间：0.054216s][吞吐率：18.44req/s] [内存消耗：1,139.46kb] [文件加载：35]
[ info ] [ LANG ] C:\Users\Administrator\Desktop\file\thinkphp\lang\zh-cn.php
[ info ] [ ROUTE ] array (
  'type' => 'module',
  'module' => 
  array (
    0 => 'favicon.ico',
    1 => NULL,
    2 => NULL,
  ),
)
[ info ] [ HEADER ] array (
  'cache-control' => 'max-age=0',
  'cookie' => 'pgv_pvi=7288054784',
  'connection' => 'close',
  'accept-encoding' => 'gzip, deflate',
  'accept-language' => 'zh-CN,zh;q=0.8,zh-TW;q=0.7,zh-HK;q=0.5,en-US;q=0.3,en;q=0.2',
  'accept' => 'text/html,application/xhtml+xml,application/xml;q=0.9,*/*;q=0.8',
  'user-agent' => 'Mozilla/5.0 (Windows NT 10.0; WOW64; rv:63.0) Gecko/20100101 Firefox/63.0',
  'host' => 'www.qyice.co',
)
[ info ] [ PARAM ] array (
  '/favicon_ico' => '',
)
[ info ] [ LOG ] INIT File
---------------------------------------------------------------
[ 2018-12-06T17:11:12+08:00 ] 127.0.0.1 GET /index/wx_pay/qrcode
[ info ] www.qyice.co/index/wx_pay/qrcode [运行时间：0.081185s][吞吐率：12.32req/s] [内存消耗：1,260.13kb] [文件加载：39]
[ info ] [ LANG ] C:\Users\Administrator\Desktop\file\thinkphp\lang\zh-cn.php
[ info ] [ ROUTE ] array (
  'type' => 'module',
  'module' => 
  array (
    0 => 'index',
    1 => 'wx_pay',
    2 => 'qrcode',
  ),
)
[ info ] [ HEADER ] array (
  'cache-control' => 'max-age=0',
  'upgrade-insecure-requests' => '1',
  'cookie' => 'pgv_pvi=7288054784',
  'connection' => 'close',
  'accept-encoding' => 'gzip, deflate',
  'accept-language' => 'zh-CN,zh;q=0.8,zh-TW;q=0.7,zh-HK;q=0.5,en-US;q=0.3,en;q=0.2',
  'accept' => 'text/html,application/xhtml+xml,application/xml;q=0.9,*/*;q=0.8',
  'user-agent' => 'Mozilla/5.0 (Windows NT 10.0; WOW64; rv:63.0) Gecko/20100101 Firefox/63.0',
  'host' => 'www.qyice.co',
)
[ info ] [ PARAM ] array (
  '/index/wx_pay/qrcode' => '',
)
[ info ] [ RUN ] app\index\controller\WxPay->qrcode[ C:\Users\Administrator\Desktop\file\application\index\controller\WxPay.php ]
[ info ] [ LOG ] INIT File
[ error ] [64]Cannot use 'Object' as class name as it is reserved[C:\Users\Administrator\Desktop\file\vendor\nette\utils\src\Utils\Object.php:51]
---------------------------------------------------------------
[ 2018-12-06T17:11:12+08:00 ] 127.0.0.1 GET /favicon.ico
[ info ] www.qyice.co/favicon.ico [运行时间：0.068883s][吞吐率：14.52req/s] [内存消耗：1,139.46kb] [文件加载：35]
[ info ] [ LANG ] C:\Users\Administrator\Desktop\file\thinkphp\lang\zh-cn.php
[ info ] [ ROUTE ] array (
  'type' => 'module',
  'module' => 
  array (
    0 => 'favicon.ico',
    1 => NULL,
    2 => NULL,
  ),
)
[ info ] [ HEADER ] array (
  'cache-control' => 'max-age=0',
  'cookie' => 'pgv_pvi=7288054784',
  'connection' => 'close',
  'accept-encoding' => 'gzip, deflate',
  'accept-language' => 'zh-CN,zh;q=0.8,zh-TW;q=0.7,zh-HK;q=0.5,en-US;q=0.3,en;q=0.2',
  'accept' => 'text/html,application/xhtml+xml,application/xml;q=0.9,*/*;q=0.8',
  'user-agent' => 'Mozilla/5.0 (Windows NT 10.0; WOW64; rv:63.0) Gecko/20100101 Firefox/63.0',
  'host' => 'www.qyice.co',
)
[ info ] [ PARAM ] array (
  '/favicon_ico' => '',
)
[ info ] [ LOG ] INIT File
---------------------------------------------------------------
[ 2018-12-06T17:13:34+08:00 ] 127.0.0.1 GET /index/wx_pay/qrcode
[ info ] www.qyice.co/index/wx_pay/qrcode [运行时间：0.122963s][吞吐率：8.13req/s] [内存消耗：1,260.01kb] [文件加载：39]
[ info ] [ LANG ] C:\Users\Administrator\Desktop\file\thinkphp\lang\zh-cn.php
[ info ] [ ROUTE ] array (
  'type' => 'module',
  'module' => 
  array (
    0 => 'index',
    1 => 'wx_pay',
    2 => 'qrcode',
  ),
)
[ info ] [ HEADER ] array (
  'cache-control' => 'max-age=0',
  'upgrade-insecure-requests' => '1',
  'cookie' => 'pgv_pvi=7288054784',
  'connection' => 'close',
  'accept-encoding' => 'gzip, deflate',
  'accept-language' => 'zh-CN,zh;q=0.8,zh-TW;q=0.7,zh-HK;q=0.5,en-US;q=0.3,en;q=0.2',
  'accept' => 'text/html,application/xhtml+xml,application/xml;q=0.9,*/*;q=0.8',
  'user-agent' => 'Mozilla/5.0 (Windows NT 10.0; WOW64; rv:63.0) Gecko/20100101 Firefox/63.0',
  'host' => 'www.qyice.co',
)
[ info ] [ PARAM ] array (
  '/index/wx_pay/qrcode' => '',
)
[ info ] [ RUN ] app\index\controller\WxPay->qrcode[ C:\Users\Administrator\Desktop\file\application\index\controller\WxPay.php ]
[ info ] [ LOG ] INIT File
[ error ] [64]Cannot use 'Object' as class name as it is reserved[C:\Users\Administrator\Desktop\file\vendor\nette\utils\src\Utils\Object.php:51]
---------------------------------------------------------------
[ 2018-12-06T17:13:35+08:00 ] 127.0.0.1 GET /favicon.ico
[ info ] www.qyice.co/favicon.ico [运行时间：0.048172s][吞吐率：20.76req/s] [内存消耗：1,139.46kb] [文件加载：35]
[ info ] [ LANG ] C:\Users\Administrator\Desktop\file\thinkphp\lang\zh-cn.php
[ info ] [ ROUTE ] array (
  'type' => 'module',
  'module' => 
  array (
    0 => 'favicon.ico',
    1 => NULL,
    2 => NULL,
  ),
)
[ info ] [ HEADER ] array (
  'cache-control' => 'max-age=0',
  'cookie' => 'pgv_pvi=7288054784',
  'connection' => 'close',
  'accept-encoding' => 'gzip, deflate',
  'accept-language' => 'zh-CN,zh;q=0.8,zh-TW;q=0.7,zh-HK;q=0.5,en-US;q=0.3,en;q=0.2',
  'accept' => 'text/html,application/xhtml+xml,application/xml;q=0.9,*/*;q=0.8',
  'user-agent' => 'Mozilla/5.0 (Windows NT 10.0; WOW64; rv:63.0) Gecko/20100101 Firefox/63.0',
  'host' => 'www.qyice.co',
)
[ info ] [ PARAM ] array (
  '/favicon_ico' => '',
)
[ info ] [ LOG ] INIT File
---------------------------------------------------------------
[ 2018-12-06T17:21:33+08:00 ] 127.0.0.1 GET /index/wx_pay/qrcode
[ info ] www.qyice.co/index/wx_pay/qrcode [运行时间：0.195296s][吞吐率：5.12req/s] [内存消耗：6,492.14kb] [文件加载：42]
[ info ] [ LANG ] C:\Users\Administrator\Desktop\file\thinkphp\lang\zh-cn.php
[ info ] [ ROUTE ] array (
  'type' => 'module',
  'module' => 
  array (
    0 => 'index',
    1 => 'wx_pay',
    2 => 'qrcode',
  ),
)
[ info ] [ HEADER ] array (
  'cache-control' => 'max-age=0',
  'upgrade-insecure-requests' => '1',
  'cookie' => 'pgv_pvi=7288054784',
  'connection' => 'close',
  'accept-encoding' => 'gzip, deflate',
  'accept-language' => 'zh-CN,zh;q=0.8,zh-TW;q=0.7,zh-HK;q=0.5,en-US;q=0.3,en;q=0.2',
  'accept' => 'text/html,application/xhtml+xml,application/xml;q=0.9,*/*;q=0.8',
  'user-agent' => 'Mozilla/5.0 (Windows NT 10.0; WOW64; rv:63.0) Gecko/20100101 Firefox/63.0',
  'host' => 'www.qyice.co',
)
[ info ] [ PARAM ] array (
  '/index/wx_pay/qrcode' => '',
)
[ info ] [ RUN ] app\index\controller\WxPay->qrcode[ C:\Users\Administrator\Desktop\file\application\index\controller\WxPay.php ]
[ info ] [ LOG ] INIT File
---------------------------------------------------------------
[ 2018-12-06T17:21:33+08:00 ] 127.0.0.1 GET /favicon.ico
[ info ] www.qyice.co/favicon.ico [运行时间：0.043896s][吞吐率：22.78req/s] [内存消耗：1,141.53kb] [文件加载：35]
[ info ] [ LANG ] C:\Users\Administrator\Desktop\file\thinkphp\lang\zh-cn.php
[ info ] [ ROUTE ] array (
  'type' => 'module',
  'module' => 
  array (
    0 => 'favicon.ico',
    1 => NULL,
    2 => NULL,
  ),
)
[ info ] [ HEADER ] array (
  'cache-control' => 'max-age=0',
  'cookie' => 'pgv_pvi=7288054784',
  'connection' => 'close',
  'accept-encoding' => 'gzip, deflate',
  'accept-language' => 'zh-CN,zh;q=0.8,zh-TW;q=0.7,zh-HK;q=0.5,en-US;q=0.3,en;q=0.2',
  'accept' => 'text/html,application/xhtml+xml,application/xml;q=0.9,*/*;q=0.8',
  'user-agent' => 'Mozilla/5.0 (Windows NT 10.0; WOW64; rv:63.0) Gecko/20100101 Firefox/63.0',
  'host' => 'www.qyice.co',
)
[ info ] [ PARAM ] array (
  '/favicon_ico' => '',
)
[ info ] [ LOG ] INIT File
---------------------------------------------------------------
[ 2018-12-06T17:25:49+08:00 ] 127.0.0.1 GET /index/wx_pay/qrcode
[ info ] www.qyice.co/index/wx_pay/qrcode [运行时间：0.203064s][吞吐率：4.92req/s] [内存消耗：6,541.18kb] [文件加载：45]
[ info ] [ LANG ] C:\Users\Administrator\Desktop\file\thinkphp\lang\zh-cn.php
[ info ] [ ROUTE ] array (
  'type' => 'module',
  'module' => 
  array (
    0 => 'index',
    1 => 'wx_pay',
    2 => 'qrcode',
  ),
)
[ info ] [ HEADER ] array (
  'cache-control' => 'max-age=0',
  'upgrade-insecure-requests' => '1',
  'cookie' => 'pgv_pvi=7288054784',
  'connection' => 'close',
  'accept-encoding' => 'gzip, deflate',
  'accept-language' => 'zh-CN,zh;q=0.8,zh-TW;q=0.7,zh-HK;q=0.5,en-US;q=0.3,en;q=0.2',
  'accept' => 'text/html,application/xhtml+xml,application/xml;q=0.9,*/*;q=0.8',
  'user-agent' => 'Mozilla/5.0 (Windows NT 10.0; WOW64; rv:63.0) Gecko/20100101 Firefox/63.0',
  'host' => 'www.qyice.co',
)
[ info ] [ PARAM ] array (
  '/index/wx_pay/qrcode' => '',
)
[ info ] [ RUN ] app\index\controller\WxPay->qrcode[ C:\Users\Administrator\Desktop\file\application\index\controller\WxPay.php ]
[ info ] [ LOG ] INIT File
[ error ] [0]致命错误: Call to undefined method app\index\controller\WxPay::Image()[C:\Users\Administrator\Desktop\file\application\index\controller\WxPay.php:48]
---------------------------------------------------------------
[ 2018-12-06T17:25:49+08:00 ] 127.0.0.1 GET /favicon.ico
[ info ] www.qyice.co/favicon.ico [运行时间：0.050044s][吞吐率：19.98req/s] [内存消耗：1,141.53kb] [文件加载：35]
[ info ] [ LANG ] C:\Users\Administrator\Desktop\file\thinkphp\lang\zh-cn.php
[ info ] [ ROUTE ] array (
  'type' => 'module',
  'module' => 
  array (
    0 => 'favicon.ico',
    1 => NULL,
    2 => NULL,
  ),
)
[ info ] [ HEADER ] array (
  'cache-control' => 'max-age=0',
  'cookie' => 'pgv_pvi=7288054784',
  'connection' => 'close',
  'accept-encoding' => 'gzip, deflate',
  'accept-language' => 'zh-CN,zh;q=0.8,zh-TW;q=0.7,zh-HK;q=0.5,en-US;q=0.3,en;q=0.2',
  'accept' => 'text/html,application/xhtml+xml,application/xml;q=0.9,*/*;q=0.8',
  'user-agent' => 'Mozilla/5.0 (Windows NT 10.0; WOW64; rv:63.0) Gecko/20100101 Firefox/63.0',
  'host' => 'www.qyice.co',
)
[ info ] [ PARAM ] array (
  '/favicon_ico' => '',
)
[ info ] [ LOG ] INIT File
---------------------------------------------------------------
[ 2018-12-06T17:26:14+08:00 ] 127.0.0.1 GET /index/wx_pay/qrcode
[ info ] www.qyice.co/index/wx_pay/qrcode [运行时间：0.389053s][吞吐率：2.57req/s] [内存消耗：6,588.23kb] [文件加载：47]
[ info ] [ LANG ] C:\Users\Administrator\Desktop\file\thinkphp\lang\zh-cn.php
[ info ] [ ROUTE ] array (
  'type' => 'module',
  'module' => 
  array (
    0 => 'index',
    1 => 'wx_pay',
    2 => 'qrcode',
  ),
)
[ info ] [ HEADER ] array (
  'cache-control' => 'max-age=0',
  'upgrade-insecure-requests' => '1',
  'cookie' => 'pgv_pvi=7288054784',
  'connection' => 'close',
  'accept-encoding' => 'gzip, deflate',
  'accept-language' => 'zh-CN,zh;q=0.8,zh-TW;q=0.7,zh-HK;q=0.5,en-US;q=0.3,en;q=0.2',
  'accept' => 'text/html,application/xhtml+xml,application/xml;q=0.9,*/*;q=0.8',
  'user-agent' => 'Mozilla/5.0 (Windows NT 10.0; WOW64; rv:63.0) Gecko/20100101 Firefox/63.0',
  'host' => 'www.qyice.co',
)
[ info ] [ PARAM ] array (
  '/index/wx_pay/qrcode' => '',
)
[ info ] [ RUN ] app\index\controller\WxPay->qrcode[ C:\Users\Administrator\Desktop\file\application\index\controller\WxPay.php ]
[ info ] [ LOG ] INIT File
[ error ] [8]未定义变量: html[C:\Users\Administrator\Desktop\file\application\index\controller\WxPay.php:64]
---------------------------------------------------------------
[ 2018-12-06T17:26:14+08:00 ] 127.0.0.1 GET /favicon.ico
[ info ] www.qyice.co/favicon.ico [运行时间：0.051366s][吞吐率：19.47req/s] [内存消耗：1,141.53kb] [文件加载：35]
[ info ] [ LANG ] C:\Users\Administrator\Desktop\file\thinkphp\lang\zh-cn.php
[ info ] [ ROUTE ] array (
  'type' => 'module',
  'module' => 
  array (
    0 => 'favicon.ico',
    1 => NULL,
    2 => NULL,
  ),
)
[ info ] [ HEADER ] array (
  'cache-control' => 'max-age=0',
  'cookie' => 'pgv_pvi=7288054784',
  'connection' => 'close',
  'accept-encoding' => 'gzip, deflate',
  'accept-language' => 'zh-CN,zh;q=0.8,zh-TW;q=0.7,zh-HK;q=0.5,en-US;q=0.3,en;q=0.2',
  'accept' => 'text/html,application/xhtml+xml,application/xml;q=0.9,*/*;q=0.8',
  'user-agent' => 'Mozilla/5.0 (Windows NT 10.0; WOW64; rv:63.0) Gecko/20100101 Firefox/63.0',
  'host' => 'www.qyice.co',
)
[ info ] [ PARAM ] array (
  '/favicon_ico' => '',
)
[ info ] [ LOG ] INIT File
---------------------------------------------------------------
[ 2018-12-06T17:26:51+08:00 ] 127.0.0.1 GET /index/wx_pay/qrcode
[ info ] www.qyice.co/index/wx_pay/qrcode [运行时间：0.301069s][吞吐率：3.32req/s] [内存消耗：6,524.37kb] [文件加载：43]
[ info ] [ LANG ] C:\Users\Administrator\Desktop\file\thinkphp\lang\zh-cn.php
[ info ] [ ROUTE ] array (
  'type' => 'module',
  'module' => 
  array (
    0 => 'index',
    1 => 'wx_pay',
    2 => 'qrcode',
  ),
)
[ info ] [ HEADER ] array (
  'cache-control' => 'max-age=0',
  'upgrade-insecure-requests' => '1',
  'cookie' => 'pgv_pvi=7288054784',
  'connection' => 'close',
  'accept-encoding' => 'gzip, deflate',
  'accept-language' => 'zh-CN,zh;q=0.8,zh-TW;q=0.7,zh-HK;q=0.5,en-US;q=0.3,en;q=0.2',
  'accept' => 'text/html,application/xhtml+xml,application/xml;q=0.9,*/*;q=0.8',
  'user-agent' => 'Mozilla/5.0 (Windows NT 10.0; WOW64; rv:63.0) Gecko/20100101 Firefox/63.0',
  'host' => 'www.qyice.co',
)
[ info ] [ PARAM ] array (
  '/index/wx_pay/qrcode' => '',
)
[ info ] [ RUN ] app\index\controller\WxPay->qrcode[ C:\Users\Administrator\Desktop\file\application\index\controller\WxPay.php ]
[ info ] [ LOG ] INIT File
---------------------------------------------------------------
[ 2018-12-06T17:26:52+08:00 ] 127.0.0.1 GET /favicon.ico
[ info ] www.qyice.co/favicon.ico [运行时间：0.040425s][吞吐率：24.74req/s] [内存消耗：1,141.53kb] [文件加载：35]
[ info ] [ LANG ] C:\Users\Administrator\Desktop\file\thinkphp\lang\zh-cn.php
[ info ] [ ROUTE ] array (
  'type' => 'module',
  'module' => 
  array (
    0 => 'favicon.ico',
    1 => NULL,
    2 => NULL,
  ),
)
[ info ] [ HEADER ] array (
  'cache-control' => 'max-age=0',
  'cookie' => 'pgv_pvi=7288054784',
  'connection' => 'close',
  'accept-encoding' => 'gzip, deflate',
  'accept-language' => 'zh-CN,zh;q=0.8,zh-TW;q=0.7,zh-HK;q=0.5,en-US;q=0.3,en;q=0.2',
  'accept' => 'text/html,application/xhtml+xml,application/xml;q=0.9,*/*;q=0.8',
  'user-agent' => 'Mozilla/5.0 (Windows NT 10.0; WOW64; rv:63.0) Gecko/20100101 Firefox/63.0',
  'host' => 'www.qyice.co',
)
[ info ] [ PARAM ] array (
  '/favicon_ico' => '',
)
[ info ] [ LOG ] INIT File
---------------------------------------------------------------
[ 2018-12-06T17:28:00+08:00 ] 127.0.0.1 GET /index/wx_pay/qrcode
[ info ] www.qyice.co/index/wx_pay/qrcode [运行时间：0.263627s][吞吐率：3.79req/s] [内存消耗：6,524.88kb] [文件加载：43]
[ info ] [ LANG ] C:\Users\Administrator\Desktop\file\thinkphp\lang\zh-cn.php
[ info ] [ ROUTE ] array (
  'type' => 'module',
  'module' => 
  array (
    0 => 'index',
    1 => 'wx_pay',
    2 => 'qrcode',
  ),
)
[ info ] [ HEADER ] array (
  'cache-control' => 'max-age=0',
  'if-modified-since' => 'Thu, 06 Dec 2018 09:26:51 GMT',
  'upgrade-insecure-requests' => '1',
  'cookie' => 'pgv_pvi=7288054784',
  'connection' => 'close',
  'accept-encoding' => 'gzip, deflate',
  'accept-language' => 'zh-CN,zh;q=0.8,zh-TW;q=0.7,zh-HK;q=0.5,en-US;q=0.3,en;q=0.2',
  'accept' => 'text/html,application/xhtml+xml,application/xml;q=0.9,*/*;q=0.8',
  'user-agent' => 'Mozilla/5.0 (Windows NT 10.0; WOW64; rv:63.0) Gecko/20100101 Firefox/63.0',
  'host' => 'www.qyice.co',
)
[ info ] [ PARAM ] array (
  '/index/wx_pay/qrcode' => '',
)
[ info ] [ RUN ] app\index\controller\WxPay->qrcode[ C:\Users\Administrator\Desktop\file\application\index\controller\WxPay.php ]
[ info ] [ LOG ] INIT File
---------------------------------------------------------------
[ 2018-12-06T17:28:00+08:00 ] 127.0.0.1 GET /favicon.ico
[ info ] www.qyice.co/favicon.ico [运行时间：0.039016s][吞吐率：25.63req/s] [内存消耗：1,141.53kb] [文件加载：35]
[ info ] [ LANG ] C:\Users\Administrator\Desktop\file\thinkphp\lang\zh-cn.php
[ info ] [ ROUTE ] array (
  'type' => 'module',
  'module' => 
  array (
    0 => 'favicon.ico',
    1 => NULL,
    2 => NULL,
  ),
)
[ info ] [ HEADER ] array (
  'cache-control' => 'max-age=0',
  'cookie' => 'pgv_pvi=7288054784',
  'connection' => 'close',
  'accept-encoding' => 'gzip, deflate',
  'accept-language' => 'zh-CN,zh;q=0.8,zh-TW;q=0.7,zh-HK;q=0.5,en-US;q=0.3,en;q=0.2',
  'accept' => 'text/html,application/xhtml+xml,application/xml;q=0.9,*/*;q=0.8',
  'user-agent' => 'Mozilla/5.0 (Windows NT 10.0; WOW64; rv:63.0) Gecko/20100101 Firefox/63.0',
  'host' => 'www.qyice.co',
)
[ info ] [ PARAM ] array (
  '/favicon_ico' => '',
)
[ info ] [ LOG ] INIT File
---------------------------------------------------------------
[ 2018-12-06T17:28:21+08:00 ] 127.0.0.1 GET /index/wx_pay/qrcode
[ info ] www.qyice.co/index/wx_pay/qrcode [运行时间：0.177087s][吞吐率：5.65req/s] [内存消耗：6,608.42kb] [文件加载：47]
[ info ] [ LANG ] C:\Users\Administrator\Desktop\file\thinkphp\lang\zh-cn.php
[ info ] [ ROUTE ] array (
  'type' => 'module',
  'module' => 
  array (
    0 => 'index',
    1 => 'wx_pay',
    2 => 'qrcode',
  ),
)
[ info ] [ HEADER ] array (
  'cache-control' => 'max-age=0',
  'if-modified-since' => 'Thu, 06 Dec 2018 09:28:00 GMT',
  'upgrade-insecure-requests' => '1',
  'cookie' => 'pgv_pvi=7288054784',
  'connection' => 'close',
  'accept-encoding' => 'gzip, deflate',
  'accept-language' => 'zh-CN,zh;q=0.8,zh-TW;q=0.7,zh-HK;q=0.5,en-US;q=0.3,en;q=0.2',
  'accept' => 'text/html,application/xhtml+xml,application/xml;q=0.9,*/*;q=0.8',
  'user-agent' => 'Mozilla/5.0 (Windows NT 10.0; WOW64; rv:63.0) Gecko/20100101 Firefox/63.0',
  'host' => 'www.qyice.co',
)
[ info ] [ PARAM ] array (
  '/index/wx_pay/qrcode' => '',
)
[ info ] [ RUN ] app\index\controller\WxPay->qrcode[ C:\Users\Administrator\Desktop\file\application\index\controller\WxPay.php ]
[ info ] [ LOG ] INIT File
[ error ] [2]fopen(): remote host file access not supported, file://report_new.pdf[C:\Users\Administrator\Desktop\file\vendor\tecnickcom\tcpdf\include\tcpdf_static.php:1821]
---------------------------------------------------------------
[ 2018-12-06T17:28:21+08:00 ] 127.0.0.1 GET /favicon.ico
[ info ] www.qyice.co/favicon.ico [运行时间：0.052731s][吞吐率：18.96req/s] [内存消耗：1,141.53kb] [文件加载：35]
[ info ] [ LANG ] C:\Users\Administrator\Desktop\file\thinkphp\lang\zh-cn.php
[ info ] [ ROUTE ] array (
  'type' => 'module',
  'module' => 
  array (
    0 => 'favicon.ico',
    1 => NULL,
    2 => NULL,
  ),
)
[ info ] [ HEADER ] array (
  'cache-control' => 'max-age=0',
  'cookie' => 'pgv_pvi=7288054784',
  'connection' => 'close',
  'accept-encoding' => 'gzip, deflate',
  'accept-language' => 'zh-CN,zh;q=0.8,zh-TW;q=0.7,zh-HK;q=0.5,en-US;q=0.3,en;q=0.2',
  'accept' => 'text/html,application/xhtml+xml,application/xml;q=0.9,*/*;q=0.8',
  'user-agent' => 'Mozilla/5.0 (Windows NT 10.0; WOW64; rv:63.0) Gecko/20100101 Firefox/63.0',
  'host' => 'www.qyice.co',
)
[ info ] [ PARAM ] array (
  '/favicon_ico' => '',
)
[ info ] [ LOG ] INIT File
---------------------------------------------------------------
[ 2018-12-06T17:28:35+08:00 ] 127.0.0.1 GET /index/wx_pay/qrcode
[ info ] www.qyice.co/index/wx_pay/qrcode [运行时间：0.118047s][吞吐率：8.47req/s] [内存消耗：6,524.63kb] [文件加载：43]
[ info ] [ LANG ] C:\Users\Administrator\Desktop\file\thinkphp\lang\zh-cn.php
[ info ] [ ROUTE ] array (
  'type' => 'module',
  'module' => 
  array (
    0 => 'index',
    1 => 'wx_pay',
    2 => 'qrcode',
  ),
)
[ info ] [ HEADER ] array (
  'cache-control' => 'max-age=0',
  'upgrade-insecure-requests' => '1',
  'cookie' => 'pgv_pvi=7288054784',
  'connection' => 'close',
  'accept-encoding' => 'gzip, deflate',
  'accept-language' => 'zh-CN,zh;q=0.8,zh-TW;q=0.7,zh-HK;q=0.5,en-US;q=0.3,en;q=0.2',
  'accept' => 'text/html,application/xhtml+xml,application/xml;q=0.9,*/*;q=0.8',
  'user-agent' => 'Mozilla/5.0 (Windows NT 10.0; WOW64; rv:63.0) Gecko/20100101 Firefox/63.0',
  'host' => 'www.qyice.co',
)
[ info ] [ PARAM ] array (
  '/index/wx_pay/qrcode' => '',
)
[ info ] [ RUN ] app\index\controller\WxPay->qrcode[ C:\Users\Administrator\Desktop\file\application\index\controller\WxPay.php ]
[ info ] [ LOG ] INIT File
---------------------------------------------------------------
[ 2018-12-06T17:30:38+08:00 ] 127.0.0.1 GET /index/wx_pay/qrcode
[ info ] www.qyice.co/index/wx_pay/qrcode [运行时间：0.303963s][吞吐率：3.29req/s] [内存消耗：6,525.00kb] [文件加载：43]
[ info ] [ LANG ] C:\Users\Administrator\Desktop\file\thinkphp\lang\zh-cn.php
[ info ] [ ROUTE ] array (
  'type' => 'module',
  'module' => 
  array (
    0 => 'index',
    1 => 'wx_pay',
    2 => 'qrcode',
  ),
)
[ info ] [ HEADER ] array (
  'cache-control' => 'max-age=0',
  'if-modified-since' => 'Thu, 06 Dec 2018 09:28:35 GMT',
  'upgrade-insecure-requests' => '1',
  'cookie' => 'pgv_pvi=7288054784',
  'connection' => 'close',
  'accept-encoding' => 'gzip, deflate',
  'accept-language' => 'zh-CN,zh;q=0.8,zh-TW;q=0.7,zh-HK;q=0.5,en-US;q=0.3,en;q=0.2',
  'accept' => 'text/html,application/xhtml+xml,application/xml;q=0.9,*/*;q=0.8',
  'user-agent' => 'Mozilla/5.0 (Windows NT 10.0; WOW64; rv:63.0) Gecko/20100101 Firefox/63.0',
  'host' => 'www.qyice.co',
)
[ info ] [ PARAM ] array (
  '/index/wx_pay/qrcode' => '',
)
[ info ] [ RUN ] app\index\controller\WxPay->qrcode[ C:\Users\Administrator\Desktop\file\application\index\controller\WxPay.php ]
[ info ] [ LOG ] INIT File
---------------------------------------------------------------
[ 2018-12-06T17:31:42+08:00 ] 127.0.0.1 GET /index/index/index
[ info ] www.qyice.co/index/index/index [运行时间：0.128483s][吞吐率：7.78req/s] [内存消耗：1,366.09kb] [文件加载：41]
[ info ] [ LANG ] C:\Users\Administrator\Desktop\file\thinkphp\lang\zh-cn.php
[ info ] [ ROUTE ] array (
  'type' => 'module',
  'module' => 
  array (
    0 => 'index',
    1 => 'index',
    2 => 'index',
  ),
)
[ info ] [ HEADER ] array (
  'connection' => 'close',
  'host' => 'www.qyice.co',
)
[ info ] [ PARAM ] array (
  '/index/index/index' => '',
)
[ info ] [ RUN ] app\index\controller\Index->index[ C:\Users\Administrator\Desktop\file\application\index\controller\Index.php ]
[ info ] [ VIEW ] C:\Users\Administrator\Desktop\file/application/index\view\index\index.html [ array (
) ]
[ info ] [ LOG ] INIT File
---------------------------------------------------------------
[ 2018-12-06T17:31:42+08:00 ] 127.0.0.1 GET /index/wx_pay/qrcode
[ info ] www.qyice.co/index/wx_pay/qrcode [运行时间：1.653672s][吞吐率：0.60req/s] [内存消耗：6,963.45kb] [文件加载：43]
[ info ] [ LANG ] C:\Users\Administrator\Desktop\file\thinkphp\lang\zh-cn.php
[ info ] [ ROUTE ] array (
  'type' => 'module',
  'module' => 
  array (
    0 => 'index',
    1 => 'wx_pay',
    2 => 'qrcode',
  ),
)
[ info ] [ HEADER ] array (
  'cache-control' => 'max-age=0',
  'if-modified-since' => 'Thu, 06 Dec 2018 09:30:38 GMT',
  'upgrade-insecure-requests' => '1',
  'cookie' => 'pgv_pvi=7288054784',
  'connection' => 'close',
  'accept-encoding' => 'gzip, deflate',
  'accept-language' => 'zh-CN,zh;q=0.8,zh-TW;q=0.7,zh-HK;q=0.5,en-US;q=0.3,en;q=0.2',
  'accept' => 'text/html,application/xhtml+xml,application/xml;q=0.9,*/*;q=0.8',
  'user-agent' => 'Mozilla/5.0 (Windows NT 10.0; WOW64; rv:63.0) Gecko/20100101 Firefox/63.0',
  'host' => 'www.qyice.co',
)
[ info ] [ PARAM ] array (
  '/index/wx_pay/qrcode' => '',
)
[ info ] [ RUN ] app\index\controller\WxPay->qrcode[ C:\Users\Administrator\Desktop\file\application\index\controller\WxPay.php ]
[ info ] [ LOG ] INIT File
---------------------------------------------------------------
[ 2018-12-06T17:35:27+08:00 ] 127.0.0.1 GET /index
[ info ] www.qyice.co/index [运行时间：0.126375s][吞吐率：7.91req/s] [内存消耗：1,369.29kb] [文件加载：41]
[ info ] [ LANG ] C:\Users\Administrator\Desktop\file\thinkphp\lang\zh-cn.php
[ info ] [ ROUTE ] array (
  'type' => 'module',
  'module' => 
  array (
    0 => 'index',
    1 => NULL,
    2 => NULL,
  ),
)
[ info ] [ HEADER ] array (
  'upgrade-insecure-requests' => '1',
  'cookie' => 'pgv_pvi=7288054784',
  'connection' => 'close',
  'accept-encoding' => 'gzip, deflate',
  'accept-language' => 'zh-CN,zh;q=0.8,zh-TW;q=0.7,zh-HK;q=0.5,en-US;q=0.3,en;q=0.2',
  'accept' => 'text/html,application/xhtml+xml,application/xml;q=0.9,*/*;q=0.8',
  'user-agent' => 'Mozilla/5.0 (Windows NT 10.0; WOW64; rv:63.0) Gecko/20100101 Firefox/63.0',
  'host' => 'www.qyice.co',
)
[ info ] [ PARAM ] array (
  '/index' => '',
)
[ info ] [ RUN ] app\index\controller\Index->index[ C:\Users\Administrator\Desktop\file\application\index\controller\Index.php ]
[ info ] [ VIEW ] C:\Users\Administrator\Desktop\file/application/index\view\index\index.html [ array (
) ]
[ info ] [ LOG ] INIT File
---------------------------------------------------------------
[ 2018-12-06T17:35:27+08:00 ] 127.0.0.1 GET /favicon.ico
[ info ] www.qyice.co/favicon.ico [运行时间：0.061675s][吞吐率：16.21req/s] [内存消耗：1,141.02kb] [文件加载：35]
[ info ] [ LANG ] C:\Users\Administrator\Desktop\file\thinkphp\lang\zh-cn.php
[ info ] [ ROUTE ] array (
  'type' => 'module',
  'module' => 
  array (
    0 => 'favicon.ico',
    1 => NULL,
    2 => NULL,
  ),
)
[ info ] [ HEADER ] array (
  'cookie' => 'pgv_pvi=7288054784',
  'connection' => 'close',
  'accept-encoding' => 'gzip, deflate',
  'accept-language' => 'zh-CN,zh;q=0.8,zh-TW;q=0.7,zh-HK;q=0.5,en-US;q=0.3,en;q=0.2',
  'accept' => 'text/html,application/xhtml+xml,application/xml;q=0.9,*/*;q=0.8',
  'user-agent' => 'Mozilla/5.0 (Windows NT 10.0; WOW64; rv:63.0) Gecko/20100101 Firefox/63.0',
  'host' => 'www.qyice.co',
)
[ info ] [ PARAM ] array (
  '/favicon_ico' => '',
)
[ info ] [ LOG ] INIT File
---------------------------------------------------------------
[ 2018-12-06T17:37:19+08:00 ] 127.0.0.1 GET /index/details/index.html
[ info ] www.qyice.co/index/details/index.html [运行时间：0.169929s][吞吐率：5.88req/s] [内存消耗：1,585.30kb] [文件加载：44]
[ info ] [ LANG ] C:\Users\Administrator\Desktop\file\thinkphp\lang\zh-cn.php
[ info ] [ ROUTE ] array (
  'type' => 'module',
  'module' => 
  array (
    0 => 'index',
    1 => 'details',
    2 => 'index',
  ),
)
[ info ] [ HEADER ] array (
  'upgrade-insecure-requests' => '1',
  'cookie' => 'pgv_pvi=7288054784',
  'connection' => 'close',
  'referer' => 'http://www.qyice.co/index',
  'accept-encoding' => 'gzip, deflate',
  'accept-language' => 'zh-CN,zh;q=0.8,zh-TW;q=0.7,zh-HK;q=0.5,en-US;q=0.3,en;q=0.2',
  'accept' => 'text/html,application/xhtml+xml,application/xml;q=0.9,*/*;q=0.8',
  'user-agent' => 'Mozilla/5.0 (Windows NT 10.0; WOW64; rv:63.0) Gecko/20100101 Firefox/63.0',
  'host' => 'www.qyice.co',
)
[ info ] [ PARAM ] array (
  '/index/details/index_html' => '',
)
[ info ] [ RUN ] app\index\controller\Details->index[ C:\Users\Administrator\Desktop\file\application\index\controller\Details.php ]
[ info ] [ VIEW ] C:\Users\Administrator\Desktop\file/application/index\view\details\index.html [ array (
) ]
[ info ] [ LOG ] INIT File
---------------------------------------------------------------
[ 2018-12-06T17:37:20+08:00 ] 127.0.0.1 GET /favicon.ico
[ info ] www.qyice.co/favicon.ico [运行时间：0.059648s][吞吐率：16.77req/s] [内存消耗：1,141.02kb] [文件加载：35]
[ info ] [ LANG ] C:\Users\Administrator\Desktop\file\thinkphp\lang\zh-cn.php
[ info ] [ ROUTE ] array (
  'type' => 'module',
  'module' => 
  array (
    0 => 'favicon.ico',
    1 => NULL,
    2 => NULL,
  ),
)
[ info ] [ HEADER ] array (
  'cookie' => 'pgv_pvi=7288054784',
  'connection' => 'close',
  'accept-encoding' => 'gzip, deflate',
  'accept-language' => 'zh-CN,zh;q=0.8,zh-TW;q=0.7,zh-HK;q=0.5,en-US;q=0.3,en;q=0.2',
  'accept' => 'text/html,application/xhtml+xml,application/xml;q=0.9,*/*;q=0.8',
  'user-agent' => 'Mozilla/5.0 (Windows NT 10.0; WOW64; rv:63.0) Gecko/20100101 Firefox/63.0',
  'host' => 'www.qyice.co',
)
[ info ] [ PARAM ] array (
  '/favicon_ico' => '',
)
[ info ] [ LOG ] INIT File
---------------------------------------------------------------
[ 2018-12-06T17:39:35+08:00 ] 127.0.0.1 GET /index
[ info ] www.qyice.co/index [运行时间：0.039700s][吞吐率：25.19req/s] [内存消耗：1,370.34kb] [文件加载：41]
[ info ] [ LANG ] C:\Users\Administrator\Desktop\file\thinkphp\lang\zh-cn.php
[ info ] [ ROUTE ] array (
  'type' => 'module',
  'module' => 
  array (
    0 => 'index',
    1 => NULL,
    2 => NULL,
  ),
)
[ info ] [ HEADER ] array (
  'cache-control' => 'no-cache',
  'pragma' => 'no-cache',
  'upgrade-insecure-requests' => '1',
  'connection' => 'close',
  'dnt' => '1',
  'accept-encoding' => 'gzip, deflate',
  'accept-language' => 'zh-CN,zh;q=0.8,zh-TW;q=0.7,zh-HK;q=0.5,en-US;q=0.3,en;q=0.2',
  'accept' => 'text/html,application/xhtml+xml,application/xml;q=0.9,*/*;q=0.8',
  'user-agent' => 'Mozilla/5.0 (Windows NT 10.0; WOW64; rv:63.0) Gecko/20100101 Firefox/63.0',
  'host' => 'www.qyice.co',
)
[ info ] [ PARAM ] array (
  '/index' => '',
)
[ info ] [ RUN ] app\index\controller\Index->index[ C:\Users\Administrator\Desktop\file\application\index\controller\Index.php ]
[ info ] [ VIEW ] C:\Users\Administrator\Desktop\file/application/index\view\index\index.html [ array (
) ]
[ info ] [ LOG ] INIT File
---------------------------------------------------------------
[ 2018-12-06T17:39:35+08:00 ] 127.0.0.1 GET /favicon.ico
[ info ] www.qyice.co/favicon.ico [运行时间：0.075544s][吞吐率：13.24req/s] [内存消耗：1,141.88kb] [文件加载：35]
[ info ] [ LANG ] C:\Users\Administrator\Desktop\file\thinkphp\lang\zh-cn.php
[ info ] [ ROUTE ] array (
  'type' => 'module',
  'module' => 
  array (
    0 => 'favicon.ico',
    1 => NULL,
    2 => NULL,
  ),
)
[ info ] [ HEADER ] array (
  'cache-control' => 'no-cache',
  'pragma' => 'no-cache',
  'connection' => 'close',
  'dnt' => '1',
  'accept-encoding' => 'gzip, deflate',
  'accept-language' => 'zh-CN,zh;q=0.8,zh-TW;q=0.7,zh-HK;q=0.5,en-US;q=0.3,en;q=0.2',
  'accept' => 'text/html,application/xhtml+xml,application/xml;q=0.9,*/*;q=0.8',
  'user-agent' => 'Mozilla/5.0 (Windows NT 10.0; WOW64; rv:63.0) Gecko/20100101 Firefox/63.0',
  'host' => 'www.qyice.co',
)
[ info ] [ PARAM ] array (
  '/favicon_ico' => '',
)
[ info ] [ LOG ] INIT File
