---------------------------------------------------------------
[ 2018-12-10T16:14:04+08:00 ] 127.0.0.1 GET /
[ info ] www.qyice.co/ [运行时间：0.110160s][吞吐率：9.08req/s] [内存消耗：1,308.87kb] [文件加载：39]
[ info ] [ LANG ] C:\Users\Administrator\Desktop\file\thinkphp\lang\zh-cn.php
[ info ] [ ROUTE ] array (
  'type' => 'module',
  'module' => 
  array (
    0 => '',
    1 => NULL,
    2 => NULL,
  ),
)
[ info ] [ HEADER ] array (
  'upgrade-insecure-requests' => '1',
  'cookie' => 'pgv_pvi=7288054784',
  'connection' => 'close',
  'accept-encoding' => 'gzip, deflate',
  'accept-language' => 'zh-CN,zh;q=0.8,zh-TW;q=0.7,zh-HK;q=0.5,en-US;q=0.3,en;q=0.2',
  'accept' => 'text/html,application/xhtml+xml,application/xml;q=0.9,*/*;q=0.8',
  'user-agent' => 'Mozilla/5.0 (Windows NT 10.0; WOW64; rv:63.0) Gecko/20100101 Firefox/63.0',
  'host' => 'www.qyice.co',
)
[ info ] [ PARAM ] array (
)
[ info ] [ RUN ] app\index\controller\Index->index[ C:\Users\Administrator\Desktop\file\application\index\controller\Index.php ]
[ info ] [ LOG ] INIT File
---------------------------------------------------------------
[ 2018-12-10T16:14:05+08:00 ] 127.0.0.1 GET /favicon.ico
[ info ] www.qyice.co/favicon.ico [运行时间：0.053626s][吞吐率：18.65req/s] [内存消耗：1,141.24kb] [文件加载：35]
[ info ] [ LANG ] C:\Users\Administrator\Desktop\file\thinkphp\lang\zh-cn.php
[ info ] [ ROUTE ] array (
  'type' => 'module',
  'module' => 
  array (
    0 => 'favicon.ico',
    1 => NULL,
    2 => NULL,
  ),
)
[ info ] [ HEADER ] array (
  'cookie' => 'pgv_pvi=7288054784',
  'connection' => 'close',
  'accept-encoding' => 'gzip, deflate',
  'accept-language' => 'zh-CN,zh;q=0.8,zh-TW;q=0.7,zh-HK;q=0.5,en-US;q=0.3,en;q=0.2',
  'accept' => 'text/html,application/xhtml+xml,application/xml;q=0.9,*/*;q=0.8',
  'user-agent' => 'Mozilla/5.0 (Windows NT 10.0; WOW64; rv:63.0) Gecko/20100101 Firefox/63.0',
  'host' => 'www.qyice.co',
)
[ info ] [ PARAM ] array (
  '/favicon_ico' => '',
)
[ info ] [ LOG ] INIT File
---------------------------------------------------------------
[ 2018-12-10T16:14:16+08:00 ] 127.0.0.1 GET /
[ info ] www.qyice.co/ [运行时间：0.069465s][吞吐率：14.40req/s] [内存消耗：1,309.59kb] [文件加载：39]
[ info ] [ LANG ] C:\Users\Administrator\Desktop\file\thinkphp\lang\zh-cn.php
[ info ] [ ROUTE ] array (
  'type' => 'module',
  'module' => 
  array (
    0 => '',
    1 => NULL,
    2 => NULL,
  ),
)
[ info ] [ HEADER ] array (
  'cache-control' => 'max-age=0',
  'upgrade-insecure-requests' => '1',
  'cookie' => 'pgv_pvi=7288054784',
  'connection' => 'close',
  'accept-encoding' => 'gzip, deflate',
  'accept-language' => 'zh-CN,zh;q=0.8,zh-TW;q=0.7,zh-HK;q=0.5,en-US;q=0.3,en;q=0.2',
  'accept' => 'text/html,application/xhtml+xml,application/xml;q=0.9,*/*;q=0.8',
  'user-agent' => 'Mozilla/5.0 (Windows NT 10.0; WOW64; rv:63.0) Gecko/20100101 Firefox/63.0',
  'host' => 'www.qyice.co',
)
[ info ] [ PARAM ] array (
)
[ info ] [ RUN ] app\index\controller\Index->index[ C:\Users\Administrator\Desktop\file\application\index\controller\Index.php ]
[ info ] [ LOG ] INIT File
---------------------------------------------------------------
[ 2018-12-10T16:14:16+08:00 ] 127.0.0.1 GET /favicon.ico
[ info ] www.qyice.co/favicon.ico [运行时间：0.046902s][吞吐率：21.32req/s] [内存消耗：1,141.76kb] [文件加载：35]
[ info ] [ LANG ] C:\Users\Administrator\Desktop\file\thinkphp\lang\zh-cn.php
[ info ] [ ROUTE ] array (
  'type' => 'module',
  'module' => 
  array (
    0 => 'favicon.ico',
    1 => NULL,
    2 => NULL,
  ),
)
[ info ] [ HEADER ] array (
  'cache-control' => 'max-age=0',
  'cookie' => 'pgv_pvi=7288054784',
  'connection' => 'close',
  'accept-encoding' => 'gzip, deflate',
  'accept-language' => 'zh-CN,zh;q=0.8,zh-TW;q=0.7,zh-HK;q=0.5,en-US;q=0.3,en;q=0.2',
  'accept' => 'text/html,application/xhtml+xml,application/xml;q=0.9,*/*;q=0.8',
  'user-agent' => 'Mozilla/5.0 (Windows NT 10.0; WOW64; rv:63.0) Gecko/20100101 Firefox/63.0',
  'host' => 'www.qyice.co',
)
[ info ] [ PARAM ] array (
  '/favicon_ico' => '',
)
[ info ] [ LOG ] INIT File
---------------------------------------------------------------
[ 2018-12-10T16:14:45+08:00 ] 127.0.0.1 GET /
[ info ] www.qyice.co/ [运行时间：0.068535s][吞吐率：14.59req/s] [内存消耗：1,309.67kb] [文件加载：39]
[ info ] [ LANG ] C:\Users\Administrator\Desktop\file\thinkphp\lang\zh-cn.php
[ info ] [ ROUTE ] array (
  'type' => 'module',
  'module' => 
  array (
    0 => '',
    1 => NULL,
    2 => NULL,
  ),
)
[ info ] [ HEADER ] array (
  'cache-control' => 'max-age=0',
  'upgrade-insecure-requests' => '1',
  'cookie' => 'pgv_pvi=7288054784',
  'connection' => 'close',
  'accept-encoding' => 'gzip, deflate',
  'accept-language' => 'zh-CN,zh;q=0.8,zh-TW;q=0.7,zh-HK;q=0.5,en-US;q=0.3,en;q=0.2',
  'accept' => 'text/html,application/xhtml+xml,application/xml;q=0.9,*/*;q=0.8',
  'user-agent' => 'Mozilla/5.0 (Windows NT 10.0; WOW64; rv:63.0) Gecko/20100101 Firefox/63.0',
  'host' => 'www.qyice.co',
)
[ info ] [ PARAM ] array (
)
[ info ] [ RUN ] app\index\controller\Index->index[ C:\Users\Administrator\Desktop\file\application\index\controller\Index.php ]
[ info ] [ LOG ] INIT File
---------------------------------------------------------------
[ 2018-12-10T16:14:45+08:00 ] 127.0.0.1 GET /favicon.ico
[ info ] www.qyice.co/favicon.ico [运行时间：0.049224s][吞吐率：20.32req/s] [内存消耗：1,141.76kb] [文件加载：35]
[ info ] [ LANG ] C:\Users\Administrator\Desktop\file\thinkphp\lang\zh-cn.php
[ info ] [ ROUTE ] array (
  'type' => 'module',
  'module' => 
  array (
    0 => 'favicon.ico',
    1 => NULL,
    2 => NULL,
  ),
)
[ info ] [ HEADER ] array (
  'cache-control' => 'max-age=0',
  'cookie' => 'pgv_pvi=7288054784',
  'connection' => 'close',
  'accept-encoding' => 'gzip, deflate',
  'accept-language' => 'zh-CN,zh;q=0.8,zh-TW;q=0.7,zh-HK;q=0.5,en-US;q=0.3,en;q=0.2',
  'accept' => 'text/html,application/xhtml+xml,application/xml;q=0.9,*/*;q=0.8',
  'user-agent' => 'Mozilla/5.0 (Windows NT 10.0; WOW64; rv:63.0) Gecko/20100101 Firefox/63.0',
  'host' => 'www.qyice.co',
)
[ info ] [ PARAM ] array (
  '/favicon_ico' => '',
)
[ info ] [ LOG ] INIT File
---------------------------------------------------------------
[ 2018-12-10T16:15:04+08:00 ] 127.0.0.1 GET /
[ info ] www.qyice.co/ [运行时间：0.112690s][吞吐率：8.87req/s] [内存消耗：1,345.95kb] [文件加载：43]
[ info ] [ LANG ] C:\Users\Administrator\Desktop\file\thinkphp\lang\zh-cn.php
[ info ] [ ROUTE ] array (
  'type' => 'module',
  'module' => 
  array (
    0 => '',
    1 => NULL,
    2 => NULL,
  ),
)
[ info ] [ HEADER ] array (
  'cache-control' => 'max-age=0',
  'upgrade-insecure-requests' => '1',
  'cookie' => 'pgv_pvi=7288054784',
  'connection' => 'close',
  'accept-encoding' => 'gzip, deflate',
  'accept-language' => 'zh-CN,zh;q=0.8,zh-TW;q=0.7,zh-HK;q=0.5,en-US;q=0.3,en;q=0.2',
  'accept' => 'text/html,application/xhtml+xml,application/xml;q=0.9,*/*;q=0.8',
  'user-agent' => 'Mozilla/5.0 (Windows NT 10.0; WOW64; rv:63.0) Gecko/20100101 Firefox/63.0',
  'host' => 'www.qyice.co',
)
[ info ] [ PARAM ] array (
)
[ info ] [ RUN ] app\index\controller\Index->index[ C:\Users\Administrator\Desktop\file\application\index\controller\Index.php ]
[ info ] [ LOG ] INIT File
[ error ] [8]Array to string conversion[C:\Users\Administrator\Desktop\file\application\index\controller\Index.php:14]
---------------------------------------------------------------
[ 2018-12-10T16:15:05+08:00 ] 127.0.0.1 GET /favicon.ico
[ info ] www.qyice.co/favicon.ico [运行时间：0.085918s][吞吐率：11.64req/s] [内存消耗：1,141.76kb] [文件加载：35]
[ info ] [ LANG ] C:\Users\Administrator\Desktop\file\thinkphp\lang\zh-cn.php
[ info ] [ ROUTE ] array (
  'type' => 'module',
  'module' => 
  array (
    0 => 'favicon.ico',
    1 => NULL,
    2 => NULL,
  ),
)
[ info ] [ HEADER ] array (
  'cache-control' => 'max-age=0',
  'cookie' => 'pgv_pvi=7288054784',
  'connection' => 'close',
  'accept-encoding' => 'gzip, deflate',
  'accept-language' => 'zh-CN,zh;q=0.8,zh-TW;q=0.7,zh-HK;q=0.5,en-US;q=0.3,en;q=0.2',
  'accept' => 'text/html,application/xhtml+xml,application/xml;q=0.9,*/*;q=0.8',
  'user-agent' => 'Mozilla/5.0 (Windows NT 10.0; WOW64; rv:63.0) Gecko/20100101 Firefox/63.0',
  'host' => 'www.qyice.co',
)
[ info ] [ PARAM ] array (
  '/favicon_ico' => '',
)
[ info ] [ LOG ] INIT File
---------------------------------------------------------------
[ 2018-12-10T16:16:57+08:00 ] 127.0.0.1 GET /
[ info ] www.qyice.co/ [运行时间：0.268007s][吞吐率：3.73req/s] [内存消耗：1,345.90kb] [文件加载：43]
[ info ] [ LANG ] C:\Users\Administrator\Desktop\file\thinkphp\lang\zh-cn.php
[ info ] [ ROUTE ] array (
  'type' => 'module',
  'module' => 
  array (
    0 => '',
    1 => NULL,
    2 => NULL,
  ),
)
[ info ] [ HEADER ] array (
  'cache-control' => 'max-age=0',
  'upgrade-insecure-requests' => '1',
  'cookie' => 'pgv_pvi=7288054784',
  'connection' => 'close',
  'accept-encoding' => 'gzip, deflate',
  'accept-language' => 'zh-CN,zh;q=0.8,zh-TW;q=0.7,zh-HK;q=0.5,en-US;q=0.3,en;q=0.2',
  'accept' => 'text/html,application/xhtml+xml,application/xml;q=0.9,*/*;q=0.8',
  'user-agent' => 'Mozilla/5.0 (Windows NT 10.0; WOW64; rv:63.0) Gecko/20100101 Firefox/63.0',
  'host' => 'www.qyice.co',
)
[ info ] [ PARAM ] array (
)
[ info ] [ RUN ] app\index\controller\Index->index[ C:\Users\Administrator\Desktop\file\application\index\controller\Index.php ]
[ info ] [ LOG ] INIT File
[ error ] [8]Array to string conversion[C:\Users\Administrator\Desktop\file\application\index\controller\Index.php:14]
---------------------------------------------------------------
[ 2018-12-10T16:16:57+08:00 ] 127.0.0.1 GET /favicon.ico
[ info ] www.qyice.co/favicon.ico [运行时间：0.056693s][吞吐率：17.64req/s] [内存消耗：1,141.76kb] [文件加载：35]
[ info ] [ LANG ] C:\Users\Administrator\Desktop\file\thinkphp\lang\zh-cn.php
[ info ] [ ROUTE ] array (
  'type' => 'module',
  'module' => 
  array (
    0 => 'favicon.ico',
    1 => NULL,
    2 => NULL,
  ),
)
[ info ] [ HEADER ] array (
  'cache-control' => 'max-age=0',
  'cookie' => 'pgv_pvi=7288054784',
  'connection' => 'close',
  'accept-encoding' => 'gzip, deflate',
  'accept-language' => 'zh-CN,zh;q=0.8,zh-TW;q=0.7,zh-HK;q=0.5,en-US;q=0.3,en;q=0.2',
  'accept' => 'text/html,application/xhtml+xml,application/xml;q=0.9,*/*;q=0.8',
  'user-agent' => 'Mozilla/5.0 (Windows NT 10.0; WOW64; rv:63.0) Gecko/20100101 Firefox/63.0',
  'host' => 'www.qyice.co',
)
[ info ] [ PARAM ] array (
  '/favicon_ico' => '',
)
[ info ] [ LOG ] INIT File
---------------------------------------------------------------
[ 2018-12-10T16:18:33+08:00 ] 127.0.0.1 GET /
[ info ] www.qyice.co/ [运行时间：0.107311s][吞吐率：9.32req/s] [内存消耗：1,332.37kb] [文件加载：40]
[ info ] [ LANG ] C:\Users\Administrator\Desktop\file\thinkphp\lang\zh-cn.php
[ info ] [ ROUTE ] array (
  'type' => 'module',
  'module' => 
  array (
    0 => '',
    1 => NULL,
    2 => NULL,
  ),
)
[ info ] [ HEADER ] array (
  'cache-control' => 'max-age=0',
  'upgrade-insecure-requests' => '1',
  'cookie' => 'pgv_pvi=7288054784',
  'connection' => 'close',
  'accept-encoding' => 'gzip, deflate',
  'accept-language' => 'zh-CN,zh;q=0.8,zh-TW;q=0.7,zh-HK;q=0.5,en-US;q=0.3,en;q=0.2',
  'accept' => 'text/html,application/xhtml+xml,application/xml;q=0.9,*/*;q=0.8',
  'user-agent' => 'Mozilla/5.0 (Windows NT 10.0; WOW64; rv:63.0) Gecko/20100101 Firefox/63.0',
  'host' => 'www.qyice.co',
)
[ info ] [ PARAM ] array (
)
[ info ] [ RUN ] app\index\controller\Index->index[ C:\Users\Administrator\Desktop\file\application\index\controller\Index.php ]
[ info ] [ LOG ] INIT File
---------------------------------------------------------------
[ 2018-12-10T16:18:33+08:00 ] 127.0.0.1 GET /favicon.ico
[ info ] www.qyice.co/favicon.ico [运行时间：0.053526s][吞吐率：18.68req/s] [内存消耗：1,141.76kb] [文件加载：35]
[ info ] [ LANG ] C:\Users\Administrator\Desktop\file\thinkphp\lang\zh-cn.php
[ info ] [ ROUTE ] array (
  'type' => 'module',
  'module' => 
  array (
    0 => 'favicon.ico',
    1 => NULL,
    2 => NULL,
  ),
)
[ info ] [ HEADER ] array (
  'cache-control' => 'max-age=0',
  'cookie' => 'pgv_pvi=7288054784',
  'connection' => 'close',
  'accept-encoding' => 'gzip, deflate',
  'accept-language' => 'zh-CN,zh;q=0.8,zh-TW;q=0.7,zh-HK;q=0.5,en-US;q=0.3,en;q=0.2',
  'accept' => 'text/html,application/xhtml+xml,application/xml;q=0.9,*/*;q=0.8',
  'user-agent' => 'Mozilla/5.0 (Windows NT 10.0; WOW64; rv:63.0) Gecko/20100101 Firefox/63.0',
  'host' => 'www.qyice.co',
)
[ info ] [ PARAM ] array (
  '/favicon_ico' => '',
)
[ info ] [ LOG ] INIT File
---------------------------------------------------------------
[ 2018-12-10T16:19:20+08:00 ] 127.0.0.1 GET /
[ info ] www.qyice.co/ [运行时间：0.129319s][吞吐率：7.73req/s] [内存消耗：1,332.70kb] [文件加载：40]
[ info ] [ LANG ] C:\Users\Administrator\Desktop\file\thinkphp\lang\zh-cn.php
[ info ] [ ROUTE ] array (
  'type' => 'module',
  'module' => 
  array (
    0 => '',
    1 => NULL,
    2 => NULL,
  ),
)
[ info ] [ HEADER ] array (
  'cache-control' => 'max-age=0',
  'upgrade-insecure-requests' => '1',
  'cookie' => 'pgv_pvi=7288054784',
  'connection' => 'close',
  'accept-encoding' => 'gzip, deflate',
  'accept-language' => 'zh-CN,zh;q=0.8,zh-TW;q=0.7,zh-HK;q=0.5,en-US;q=0.3,en;q=0.2',
  'accept' => 'text/html,application/xhtml+xml,application/xml;q=0.9,*/*;q=0.8',
  'user-agent' => 'Mozilla/5.0 (Windows NT 10.0; WOW64; rv:63.0) Gecko/20100101 Firefox/63.0',
  'host' => 'www.qyice.co',
)
[ info ] [ PARAM ] array (
)
[ info ] [ RUN ] app\index\controller\Index->index[ C:\Users\Administrator\Desktop\file\application\index\controller\Index.php ]
[ info ] [ LOG ] INIT File
---------------------------------------------------------------
[ 2018-12-10T16:19:20+08:00 ] 127.0.0.1 GET /favicon.ico
[ info ] www.qyice.co/favicon.ico [运行时间：0.066799s][吞吐率：14.97req/s] [内存消耗：1,142.09kb] [文件加载：35]
[ info ] [ LANG ] C:\Users\Administrator\Desktop\file\thinkphp\lang\zh-cn.php
[ info ] [ ROUTE ] array (
  'type' => 'module',
  'module' => 
  array (
    0 => 'favicon.ico',
    1 => NULL,
    2 => NULL,
  ),
)
[ info ] [ HEADER ] array (
  'cache-control' => 'max-age=0',
  'cookie' => 'pgv_pvi=7288054784',
  'connection' => 'close',
  'accept-encoding' => 'gzip, deflate',
  'accept-language' => 'zh-CN,zh;q=0.8,zh-TW;q=0.7,zh-HK;q=0.5,en-US;q=0.3,en;q=0.2',
  'accept' => 'text/html,application/xhtml+xml,application/xml;q=0.9,*/*;q=0.8',
  'user-agent' => 'Mozilla/5.0 (Windows NT 10.0; WOW64; rv:63.0) Gecko/20100101 Firefox/63.0',
  'host' => 'www.qyice.co',
)
[ info ] [ PARAM ] array (
  '/favicon_ico' => '',
)
[ info ] [ LOG ] INIT File
---------------------------------------------------------------
[ 2018-12-10T16:19:50+08:00 ] 127.0.0.1 GET /
[ info ] www.qyice.co/ [运行时间：0.098452s][吞吐率：10.16req/s] [内存消耗：1,332.70kb] [文件加载：40]
[ info ] [ LANG ] C:\Users\Administrator\Desktop\file\thinkphp\lang\zh-cn.php
[ info ] [ ROUTE ] array (
  'type' => 'module',
  'module' => 
  array (
    0 => '',
    1 => NULL,
    2 => NULL,
  ),
)
[ info ] [ HEADER ] array (
  'cache-control' => 'max-age=0',
  'upgrade-insecure-requests' => '1',
  'cookie' => 'pgv_pvi=7288054784',
  'connection' => 'close',
  'accept-encoding' => 'gzip, deflate',
  'accept-language' => 'zh-CN,zh;q=0.8,zh-TW;q=0.7,zh-HK;q=0.5,en-US;q=0.3,en;q=0.2',
  'accept' => 'text/html,application/xhtml+xml,application/xml;q=0.9,*/*;q=0.8',
  'user-agent' => 'Mozilla/5.0 (Windows NT 10.0; WOW64; rv:63.0) Gecko/20100101 Firefox/63.0',
  'host' => 'www.qyice.co',
)
[ info ] [ PARAM ] array (
)
[ info ] [ RUN ] app\index\controller\Index->index[ C:\Users\Administrator\Desktop\file\application\index\controller\Index.php ]
[ info ] [ LOG ] INIT File
---------------------------------------------------------------
[ 2018-12-10T16:19:50+08:00 ] 127.0.0.1 GET /favicon.ico
[ info ] www.qyice.co/favicon.ico [运行时间：0.057826s][吞吐率：17.29req/s] [内存消耗：1,142.09kb] [文件加载：35]
[ info ] [ LANG ] C:\Users\Administrator\Desktop\file\thinkphp\lang\zh-cn.php
[ info ] [ ROUTE ] array (
  'type' => 'module',
  'module' => 
  array (
    0 => 'favicon.ico',
    1 => NULL,
    2 => NULL,
  ),
)
[ info ] [ HEADER ] array (
  'cache-control' => 'max-age=0',
  'cookie' => 'pgv_pvi=7288054784',
  'connection' => 'close',
  'accept-encoding' => 'gzip, deflate',
  'accept-language' => 'zh-CN,zh;q=0.8,zh-TW;q=0.7,zh-HK;q=0.5,en-US;q=0.3,en;q=0.2',
  'accept' => 'text/html,application/xhtml+xml,application/xml;q=0.9,*/*;q=0.8',
  'user-agent' => 'Mozilla/5.0 (Windows NT 10.0; WOW64; rv:63.0) Gecko/20100101 Firefox/63.0',
  'host' => 'www.qyice.co',
)
[ info ] [ PARAM ] array (
  '/favicon_ico' => '',
)
[ info ] [ LOG ] INIT File
---------------------------------------------------------------
[ 2018-12-10T16:20:07+08:00 ] 127.0.0.1 GET /
[ info ] www.qyice.co/ [运行时间：0.055490s][吞吐率：18.02req/s] [内存消耗：1,332.73kb] [文件加载：40]
[ info ] [ LANG ] C:\Users\Administrator\Desktop\file\thinkphp\lang\zh-cn.php
[ info ] [ ROUTE ] array (
  'type' => 'module',
  'module' => 
  array (
    0 => '',
    1 => NULL,
    2 => NULL,
  ),
)
[ info ] [ HEADER ] array (
  'cache-control' => 'max-age=0',
  'upgrade-insecure-requests' => '1',
  'cookie' => 'pgv_pvi=7288054784',
  'connection' => 'close',
  'accept-encoding' => 'gzip, deflate',
  'accept-language' => 'zh-CN,zh;q=0.8,zh-TW;q=0.7,zh-HK;q=0.5,en-US;q=0.3,en;q=0.2',
  'accept' => 'text/html,application/xhtml+xml,application/xml;q=0.9,*/*;q=0.8',
  'user-agent' => 'Mozilla/5.0 (Windows NT 10.0; WOW64; rv:63.0) Gecko/20100101 Firefox/63.0',
  'host' => 'www.qyice.co',
)
[ info ] [ PARAM ] array (
)
[ info ] [ RUN ] app\index\controller\Index->index[ C:\Users\Administrator\Desktop\file\application\index\controller\Index.php ]
[ info ] [ LOG ] INIT File
---------------------------------------------------------------
[ 2018-12-10T16:20:07+08:00 ] 127.0.0.1 GET /favicon.ico
[ info ] www.qyice.co/favicon.ico [运行时间：0.058480s][吞吐率：17.10req/s] [内存消耗：1,142.09kb] [文件加载：35]
[ info ] [ LANG ] C:\Users\Administrator\Desktop\file\thinkphp\lang\zh-cn.php
[ info ] [ ROUTE ] array (
  'type' => 'module',
  'module' => 
  array (
    0 => 'favicon.ico',
    1 => NULL,
    2 => NULL,
  ),
)
[ info ] [ HEADER ] array (
  'cache-control' => 'max-age=0',
  'cookie' => 'pgv_pvi=7288054784',
  'connection' => 'close',
  'accept-encoding' => 'gzip, deflate',
  'accept-language' => 'zh-CN,zh;q=0.8,zh-TW;q=0.7,zh-HK;q=0.5,en-US;q=0.3,en;q=0.2',
  'accept' => 'text/html,application/xhtml+xml,application/xml;q=0.9,*/*;q=0.8',
  'user-agent' => 'Mozilla/5.0 (Windows NT 10.0; WOW64; rv:63.0) Gecko/20100101 Firefox/63.0',
  'host' => 'www.qyice.co',
)
[ info ] [ PARAM ] array (
  '/favicon_ico' => '',
)
[ info ] [ LOG ] INIT File
---------------------------------------------------------------
[ 2018-12-10T16:20:41+08:00 ] 127.0.0.1 GET /
[ info ] www.qyice.co/ [运行时间：0.066379s][吞吐率：15.06req/s] [内存消耗：1,332.73kb] [文件加载：40]
[ info ] [ LANG ] C:\Users\Administrator\Desktop\file\thinkphp\lang\zh-cn.php
[ info ] [ ROUTE ] array (
  'type' => 'module',
  'module' => 
  array (
    0 => '',
    1 => NULL,
    2 => NULL,
  ),
)
[ info ] [ HEADER ] array (
  'cache-control' => 'max-age=0',
  'upgrade-insecure-requests' => '1',
  'cookie' => 'pgv_pvi=7288054784',
  'connection' => 'close',
  'accept-encoding' => 'gzip, deflate',
  'accept-language' => 'zh-CN,zh;q=0.8,zh-TW;q=0.7,zh-HK;q=0.5,en-US;q=0.3,en;q=0.2',
  'accept' => 'text/html,application/xhtml+xml,application/xml;q=0.9,*/*;q=0.8',
  'user-agent' => 'Mozilla/5.0 (Windows NT 10.0; WOW64; rv:63.0) Gecko/20100101 Firefox/63.0',
  'host' => 'www.qyice.co',
)
[ info ] [ PARAM ] array (
)
[ info ] [ RUN ] app\index\controller\Index->index[ C:\Users\Administrator\Desktop\file\application\index\controller\Index.php ]
[ info ] [ LOG ] INIT File
---------------------------------------------------------------
[ 2018-12-10T16:20:42+08:00 ] 127.0.0.1 GET /favicon.ico
[ info ] www.qyice.co/favicon.ico [运行时间：0.054505s][吞吐率：18.35req/s] [内存消耗：1,142.09kb] [文件加载：35]
[ info ] [ LANG ] C:\Users\Administrator\Desktop\file\thinkphp\lang\zh-cn.php
[ info ] [ ROUTE ] array (
  'type' => 'module',
  'module' => 
  array (
    0 => 'favicon.ico',
    1 => NULL,
    2 => NULL,
  ),
)
[ info ] [ HEADER ] array (
  'cache-control' => 'max-age=0',
  'cookie' => 'pgv_pvi=7288054784',
  'connection' => 'close',
  'accept-encoding' => 'gzip, deflate',
  'accept-language' => 'zh-CN,zh;q=0.8,zh-TW;q=0.7,zh-HK;q=0.5,en-US;q=0.3,en;q=0.2',
  'accept' => 'text/html,application/xhtml+xml,application/xml;q=0.9,*/*;q=0.8',
  'user-agent' => 'Mozilla/5.0 (Windows NT 10.0; WOW64; rv:63.0) Gecko/20100101 Firefox/63.0',
  'host' => 'www.qyice.co',
)
[ info ] [ PARAM ] array (
  '/favicon_ico' => '',
)
[ info ] [ LOG ] INIT File
