---------------------------------------------------------------
[ 2018-12-25T07:01:34+08:00 ] 47.100.100.21 GET /
[ info ] qyice.top/ [运行时间：0.071802s][吞吐率：13.93req/s] [内存消耗：1,637.73kb] [文件加载：41]
[ info ] [ LANG ] /www/wwwroot/blog/thinkphp/lang/zh-cn.php
[ info ] [ ROUTE ] array (
  'type' => 'module',
  'module' => 
  array (
    0 => '',
    1 => NULL,
    2 => NULL,
  ),
)
[ info ] [ HEADER ] array (
  'connection' => 'keep-alive',
  'accept' => 'text/html, image/gif, image/jpeg, *; q=.2, */*; q=.2',
  'host' => 'qyice.top',
  'user-agent' => 'Mozilla/5.0 (X11; Ubuntu; Linux x86_64; rv:36.0) Gecko/20100101 Firefox/36.0',
)
[ info ] [ PARAM ] array (
)
[ info ] [ RUN ] app\index\controller\Index->index[ /www/wwwroot/blog/application/index/controller/Index.php ]
[ info ] [ VIEW ] /www/wwwroot/blog/application/index/view/index/index.html [ array (
) ]
[ info ] [ LOG ] INIT File
---------------------------------------------------------------
[ 2018-12-25T07:17:33+08:00 ] 106.14.115.254 GET /
[ info ] www.qyice.top/ [运行时间：0.017232s][吞吐率：58.03req/s] [内存消耗：1,637.77kb] [文件加载：41]
[ info ] [ LANG ] /www/wwwroot/blog/thinkphp/lang/zh-cn.php
[ info ] [ ROUTE ] array (
  'type' => 'module',
  'module' => 
  array (
    0 => '',
    1 => NULL,
    2 => NULL,
  ),
)
[ info ] [ HEADER ] array (
  'connection' => 'keep-alive',
  'accept' => 'text/html, image/gif, image/jpeg, *; q=.2, */*; q=.2',
  'host' => 'www.qyice.top',
  'user-agent' => 'Mozilla/5.0 (X11; Ubuntu; Linux x86_64; rv:36.0) Gecko/20100101 Firefox/36.0',
)
[ info ] [ PARAM ] array (
)
[ info ] [ RUN ] app\index\controller\Index->index[ /www/wwwroot/blog/application/index/controller/Index.php ]
[ info ] [ VIEW ] /www/wwwroot/blog/application/index/view/index/index.html [ array (
) ]
[ info ] [ LOG ] INIT File
---------------------------------------------------------------
[ 2018-12-25T11:11:38+08:00 ] 101.132.188.111 GET /
[ info ] www.qyice.top/ [运行时间：0.015622s][吞吐率：64.01req/s] [内存消耗：1,637.77kb] [文件加载：41]
[ info ] [ LANG ] /www/wwwroot/blog/thinkphp/lang/zh-cn.php
[ info ] [ ROUTE ] array (
  'type' => 'module',
  'module' => 
  array (
    0 => '',
    1 => NULL,
    2 => NULL,
  ),
)
[ info ] [ HEADER ] array (
  'connection' => 'keep-alive',
  'accept' => 'text/html, image/gif, image/jpeg, *; q=.2, */*; q=.2',
  'host' => 'www.qyice.top',
  'user-agent' => 'Mozilla/5.0 (X11; Ubuntu; Linux x86_64; rv:36.0) Gecko/20100101 Firefox/36.0',
)
[ info ] [ PARAM ] array (
)
[ info ] [ RUN ] app\index\controller\Index->index[ /www/wwwroot/blog/application/index/controller/Index.php ]
[ info ] [ VIEW ] /www/wwwroot/blog/application/index/view/index/index.html [ array (
) ]
[ info ] [ LOG ] INIT File
---------------------------------------------------------------
[ 2018-12-25T13:55:30+08:00 ] 222.209.84.138 GET http://www.qyice.top/
[ info ] www.qyice.tophttp://www.qyice.top/ [运行时间：0.016730s][吞吐率：59.77req/s] [内存消耗：1,639.35kb] [文件加载：41]
[ info ] [ LANG ] /www/wwwroot/blog/thinkphp/lang/zh-cn.php
[ info ] [ ROUTE ] array (
  'type' => 'module',
  'module' => 
  array (
    0 => '',
    1 => NULL,
    2 => NULL,
  ),
)
[ info ] [ HEADER ] array (
  'proxy-connection' => 'Keep-Alive',
  'host' => 'www.qyice.top',
  'user-agent' => 'Mozilla/4.0 (compatible; MSIE 6.0; Windows NT 5.2; .NET CLR 1.1.4322)',
  'content-type' => 'application/x-www-form-urlencoded',
  'accept' => 'text/html, application/xhtml+xml, */*',
)
[ info ] [ PARAM ] array (
)
[ info ] [ RUN ] app\index\controller\Index->index[ /www/wwwroot/blog/application/index/controller/Index.php ]
[ info ] [ VIEW ] /www/wwwroot/blog/application/index/view/index/index.html [ array (
) ]
[ info ] [ LOG ] INIT File
---------------------------------------------------------------
[ 2018-12-25T20:07:17+08:00 ] 39.107.121.196 GET /
[ info ] www.qyice.top/ [运行时间：0.016851s][吞吐率：59.34req/s] [内存消耗：1,637.77kb] [文件加载：41]
[ info ] [ LANG ] /www/wwwroot/blog/thinkphp/lang/zh-cn.php
[ info ] [ ROUTE ] array (
  'type' => 'module',
  'module' => 
  array (
    0 => '',
    1 => NULL,
    2 => NULL,
  ),
)
[ info ] [ HEADER ] array (
  'connection' => 'keep-alive',
  'accept' => 'text/html, image/gif, image/jpeg, *; q=.2, */*; q=.2',
  'host' => 'www.qyice.top',
  'user-agent' => 'Mozilla/5.0 (X11; Ubuntu; Linux x86_64; rv:36.0) Gecko/20100101 Firefox/36.0',
)
[ info ] [ PARAM ] array (
)
[ info ] [ RUN ] app\index\controller\Index->index[ /www/wwwroot/blog/application/index/controller/Index.php ]
[ info ] [ VIEW ] /www/wwwroot/blog/application/index/view/index/index.html [ array (
) ]
[ info ] [ LOG ] INIT File
---------------------------------------------------------------
[ 2018-12-25T20:19:22+08:00 ] 116.62.215.53 GET /
[ info ] qyice.top/ [运行时间：0.015555s][吞吐率：64.29req/s] [内存消耗：1,637.74kb] [文件加载：41]
[ info ] [ LANG ] /www/wwwroot/blog/thinkphp/lang/zh-cn.php
[ info ] [ ROUTE ] array (
  'type' => 'module',
  'module' => 
  array (
    0 => '',
    1 => NULL,
    2 => NULL,
  ),
)
[ info ] [ HEADER ] array (
  'connection' => 'keep-alive',
  'accept' => 'text/html, image/gif, image/jpeg, *; q=.2, */*; q=.2',
  'host' => 'qyice.top',
  'user-agent' => 'Mozilla/5.0 (X11; Ubuntu; Linux x86_64; rv:36.0) Gecko/20100101 Firefox/36.0',
)
[ info ] [ PARAM ] array (
)
[ info ] [ RUN ] app\index\controller\Index->index[ /www/wwwroot/blog/application/index/controller/Index.php ]
[ info ] [ VIEW ] /www/wwwroot/blog/application/index/view/index/index.html [ array (
) ]
[ info ] [ LOG ] INIT File
