---------------------------------------------------------------
[ 2018-12-26T03:38:05+08:00 ] 47.98.97.81 GET /
[ info ] qyice.top/ [运行时间：0.015836s][吞吐率：63.15req/s] [内存消耗：1,637.58kb] [文件加载：41]
[ info ] [ LANG ] /www/wwwroot/blog/thinkphp/lang/zh-cn.php
[ info ] [ ROUTE ] array (
  'type' => 'module',
  'module' => 
  array (
    0 => '',
    1 => NULL,
    2 => NULL,
  ),
)
[ info ] [ HEADER ] array (
  'connection' => 'keep-alive',
  'accept' => 'text/html, image/gif, image/jpeg, *; q=.2, */*; q=.2',
  'host' => 'qyice.top',
  'user-agent' => 'Mozilla/5.0 (iPhone; CPU iPhone OS 8_0_2 like Mac OS X)',
)
[ info ] [ PARAM ] array (
)
[ info ] [ RUN ] app\index\controller\Index->index[ /www/wwwroot/blog/application/index/controller/Index.php ]
[ info ] [ VIEW ] /www/wwwroot/blog/application/index/view/index/index.html [ array (
) ]
[ info ] [ LOG ] INIT File
---------------------------------------------------------------
[ 2018-12-26T04:52:47+08:00 ] 106.15.176.145 GET /
[ info ] www.qyice.top/ [运行时间：0.017294s][吞吐率：57.82req/s] [内存消耗：1,637.77kb] [文件加载：41]
[ info ] [ LANG ] /www/wwwroot/blog/thinkphp/lang/zh-cn.php
[ info ] [ ROUTE ] array (
  'type' => 'module',
  'module' => 
  array (
    0 => '',
    1 => NULL,
    2 => NULL,
  ),
)
[ info ] [ HEADER ] array (
  'connection' => 'keep-alive',
  'accept' => 'text/html, image/gif, image/jpeg, *; q=.2, */*; q=.2',
  'host' => 'www.qyice.top',
  'user-agent' => 'Mozilla/5.0 (X11; Ubuntu; Linux x86_64; rv:36.0) Gecko/20100101 Firefox/36.0',
)
[ info ] [ PARAM ] array (
)
[ info ] [ RUN ] app\index\controller\Index->index[ /www/wwwroot/blog/application/index/controller/Index.php ]
[ info ] [ VIEW ] /www/wwwroot/blog/application/index/view/index/index.html [ array (
) ]
[ info ] [ LOG ] INIT File
---------------------------------------------------------------
[ 2018-12-26T04:59:41+08:00 ] 106.14.115.254 GET /
[ info ] qyice.top/ [运行时间：0.015318s][吞吐率：65.28req/s] [内存消耗：1,637.74kb] [文件加载：41]
[ info ] [ LANG ] /www/wwwroot/blog/thinkphp/lang/zh-cn.php
[ info ] [ ROUTE ] array (
  'type' => 'module',
  'module' => 
  array (
    0 => '',
    1 => NULL,
    2 => NULL,
  ),
)
[ info ] [ HEADER ] array (
  'connection' => 'keep-alive',
  'accept' => 'text/html, image/gif, image/jpeg, *; q=.2, */*; q=.2',
  'host' => 'qyice.top',
  'user-agent' => 'Mozilla/5.0 (X11; Ubuntu; Linux x86_64; rv:36.0) Gecko/20100101 Firefox/36.0',
)
[ info ] [ PARAM ] array (
)
[ info ] [ RUN ] app\index\controller\Index->index[ /www/wwwroot/blog/application/index/controller/Index.php ]
[ info ] [ VIEW ] /www/wwwroot/blog/application/index/view/index/index.html [ array (
) ]
[ info ] [ LOG ] INIT File
---------------------------------------------------------------
[ 2018-12-26T13:41:30+08:00 ] 101.132.193.36 GET /
[ info ] www.qyice.top/ [运行时间：0.016254s][吞吐率：61.52req/s] [内存消耗：1,637.45kb] [文件加载：41]
[ info ] [ LANG ] /www/wwwroot/blog/thinkphp/lang/zh-cn.php
[ info ] [ ROUTE ] array (
  'type' => 'module',
  'module' => 
  array (
    0 => '',
    1 => NULL,
    2 => NULL,
  ),
)
[ info ] [ HEADER ] array (
  'connection' => 'keep-alive',
  'accept' => 'text/html, image/gif, image/jpeg, *; q=.2, */*; q=.2',
  'host' => 'www.qyice.top',
  'user-agent' => 'android',
)
[ info ] [ PARAM ] array (
)
[ info ] [ RUN ] app\index\controller\Index->index[ /www/wwwroot/blog/application/index/controller/Index.php ]
[ info ] [ VIEW ] /www/wwwroot/blog/application/index/view/index/index.html [ array (
) ]
[ info ] [ LOG ] INIT File
---------------------------------------------------------------
[ 2018-12-26T13:41:32+08:00 ] 47.98.105.75 GET /
[ info ] www.qyice.top/ [运行时间：0.015411s][吞吐率：64.89req/s] [内存消耗：1,637.45kb] [文件加载：41]
[ info ] [ LANG ] /www/wwwroot/blog/thinkphp/lang/zh-cn.php
[ info ] [ ROUTE ] array (
  'type' => 'module',
  'module' => 
  array (
    0 => '',
    1 => NULL,
    2 => NULL,
  ),
)
[ info ] [ HEADER ] array (
  'connection' => 'keep-alive',
  'accept' => 'text/html, image/gif, image/jpeg, *; q=.2, */*; q=.2',
  'host' => 'www.qyice.top',
  'user-agent' => 'android',
)
[ info ] [ PARAM ] array (
)
[ info ] [ RUN ] app\index\controller\Index->index[ /www/wwwroot/blog/application/index/controller/Index.php ]
[ info ] [ VIEW ] /www/wwwroot/blog/application/index/view/index/index.html [ array (
) ]
[ info ] [ LOG ] INIT File
---------------------------------------------------------------
[ 2018-12-26T20:33:17+08:00 ] 101.132.131.7 GET /
[ info ] qyice.top/ [运行时间：0.085244s][吞吐率：11.73req/s] [内存消耗：1,637.74kb] [文件加载：41]
[ info ] [ LANG ] /www/wwwroot/blog/thinkphp/lang/zh-cn.php
[ info ] [ ROUTE ] array (
  'type' => 'module',
  'module' => 
  array (
    0 => '',
    1 => NULL,
    2 => NULL,
  ),
)
[ info ] [ HEADER ] array (
  'connection' => 'keep-alive',
  'accept' => 'text/html, image/gif, image/jpeg, *; q=.2, */*; q=.2',
  'host' => 'qyice.top',
  'user-agent' => 'Mozilla/5.0 (X11; Ubuntu; Linux x86_64; rv:36.0) Gecko/20100101 Firefox/36.0',
)
[ info ] [ PARAM ] array (
)
[ info ] [ RUN ] app\index\controller\Index->index[ /www/wwwroot/blog/application/index/controller/Index.php ]
[ info ] [ VIEW ] /www/wwwroot/blog/application/index/view/index/index.html [ array (
) ]
[ info ] [ LOG ] INIT File
---------------------------------------------------------------
[ 2018-12-26T20:38:22+08:00 ] 101.132.144.145 GET /
[ info ] www.qyice.top/ [运行时间：0.015056s][吞吐率：66.42req/s] [内存消耗：1,637.77kb] [文件加载：41]
[ info ] [ LANG ] /www/wwwroot/blog/thinkphp/lang/zh-cn.php
[ info ] [ ROUTE ] array (
  'type' => 'module',
  'module' => 
  array (
    0 => '',
    1 => NULL,
    2 => NULL,
  ),
)
[ info ] [ HEADER ] array (
  'connection' => 'keep-alive',
  'accept' => 'text/html, image/gif, image/jpeg, *; q=.2, */*; q=.2',
  'host' => 'www.qyice.top',
  'user-agent' => 'Mozilla/5.0 (X11; Ubuntu; Linux x86_64; rv:36.0) Gecko/20100101 Firefox/36.0',
)
[ info ] [ PARAM ] array (
)
[ info ] [ RUN ] app\index\controller\Index->index[ /www/wwwroot/blog/application/index/controller/Index.php ]
[ info ] [ VIEW ] /www/wwwroot/blog/application/index/view/index/index.html [ array (
) ]
[ info ] [ LOG ] INIT File
---------------------------------------------------------------
[ 2018-12-26T21:08:55+08:00 ] 101.206.166.247 GET /.well-known/pki-validation/fileauth.txt?spm=5176.2020520154.cas.4.6368vSbVvSbVPA&file=fileauth.txt
[ info ] qyice.top/.well-known/pki-validation/fileauth.txt?spm=5176.2020520154.cas.4.6368vSbVvSbVPA&file=fileauth.txt [运行时间：0.054748s][吞吐率：18.27req/s] [内存消耗：1,323.01kb] [文件加载：35]
[ info ] [ LANG ] /www/wwwroot/blog/thinkphp/lang/zh-cn.php
[ info ] [ ROUTE ] array (
  'type' => 'module',
  'module' => 
  array (
    0 => '.well-known',
    1 => 'pki-validation',
    2 => 'fileauth.txt',
  ),
)
[ info ] [ HEADER ] array (
  'cookie' => 'request_token=09141105e0979c5874a154b707d8cdf9; order=id%20desc; memSize=1839; sites_path=/www/wwwroot; serverType=apache; force=0; vcodesum=3; uploadSize=1073741824; rank=a; SetName=; Path=/www/wwwroot/website/data; pnull=1',
  'accept-language' => 'zh-CN,zh;q=0.9',
  'accept-encoding' => 'gzip, deflate',
  'accept' => 'text/html,application/xhtml+xml,application/xml;q=0.9,image/webp,image/apng,*/*;q=0.8',
  'user-agent' => 'Mozilla/5.0 (Windows NT 10.0; Win64; x64) AppleWebKit/537.36 (KHTML, like Gecko) Chrome/70.0.3538.102 Safari/537.36',
  'upgrade-insecure-requests' => '1',
  'connection' => 'keep-alive',
  'host' => 'qyice.top',
)
[ info ] [ PARAM ] array (
  '/_well-known/pki-validation/fileauth_txt' => '',
  'spm' => '5176.2020520154.cas.4.6368vSbVvSbVPA',
  'file' => 'fileauth.txt',
)
[ info ] [ LOG ] INIT File
---------------------------------------------------------------
[ 2018-12-26T21:08:56+08:00 ] 101.206.166.247 GET /favicon.ico
[ info ] qyice.top/favicon.ico [运行时间：0.014262s][吞吐率：70.12req/s] [内存消耗：1,322.22kb] [文件加载：35]
[ info ] [ LANG ] /www/wwwroot/blog/thinkphp/lang/zh-cn.php
[ info ] [ ROUTE ] array (
  'type' => 'module',
  'module' => 
  array (
    0 => 'favicon.ico',
    1 => NULL,
    2 => NULL,
  ),
)
[ info ] [ HEADER ] array (
  'cookie' => 'request_token=09141105e0979c5874a154b707d8cdf9; order=id%20desc; memSize=1839; sites_path=/www/wwwroot; serverType=apache; force=0; vcodesum=3; uploadSize=1073741824; rank=a; SetName=; Path=/www/wwwroot/website/data; pnull=1',
  'accept-language' => 'zh-CN,zh;q=0.9',
  'accept-encoding' => 'gzip, deflate',
  'referer' => 'http://qyice.top/.well-known/pki-validation/fileauth.txt?spm=5176.2020520154.cas.4.6368vSbVvSbVPA&file=fileauth.txt',
  'accept' => 'image/webp,image/apng,image/*,*/*;q=0.8',
  'user-agent' => 'Mozilla/5.0 (Windows NT 10.0; Win64; x64) AppleWebKit/537.36 (KHTML, like Gecko) Chrome/70.0.3538.102 Safari/537.36',
  'connection' => 'keep-alive',
  'host' => 'qyice.top',
)
[ info ] [ PARAM ] array (
  '/favicon_ico' => '',
)
[ info ] [ LOG ] INIT File
---------------------------------------------------------------
[ 2018-12-26T21:10:08+08:00 ] 64.78.193.238 GET /.well-known/pki-validation/fileauth.txt
[ info ] www.qyice.top/.well-known/pki-validation/fileauth.txt [运行时间：0.014252s][吞吐率：70.17req/s] [内存消耗：1,320.68kb] [文件加载：35]
[ info ] [ LANG ] /www/wwwroot/blog/thinkphp/lang/zh-cn.php
[ info ] [ ROUTE ] array (
  'type' => 'module',
  'module' => 
  array (
    0 => '.well-known',
    1 => 'pki-validation',
    2 => 'fileauth.txt',
  ),
)
[ info ] [ HEADER ] array (
  'accept-encoding' => 'gzip,deflate',
  'connection' => 'Keep-Alive',
  'host' => 'www.qyice.top',
  'accept' => '*/*',
  'user-agent' => 'DigiCert DCV Bot/1.1',
  'x-newrelic-transaction' => 'PxRWVFdXDFIBXABSBggOV1IAFB8EBw8RVU4aUAxeVlYGB1xUUlJVAF0AB0NKQV0HBgdQBwUGFTs=',
  'x-newrelic-id' => 'VQEFVFRbChAGU1RQDwQPUg==',
)
[ info ] [ PARAM ] array (
  '/_well-known/pki-validation/fileauth_txt' => '',
)
[ info ] [ LOG ] INIT File
---------------------------------------------------------------
[ 2018-12-26T21:10:14+08:00 ] 64.78.193.238 GET /.well-known/pki-validation/fileauth.txt
[ info ] qyice.top/.well-known/pki-validation/fileauth.txt [运行时间：0.012550s][吞吐率：79.68req/s] [内存消耗：1,320.65kb] [文件加载：35]
[ info ] [ LANG ] /www/wwwroot/blog/thinkphp/lang/zh-cn.php
[ info ] [ ROUTE ] array (
  'type' => 'module',
  'module' => 
  array (
    0 => '.well-known',
    1 => 'pki-validation',
    2 => 'fileauth.txt',
  ),
)
[ info ] [ HEADER ] array (
  'accept-encoding' => 'gzip,deflate',
  'connection' => 'Keep-Alive',
  'host' => 'qyice.top',
  'accept' => '*/*',
  'user-agent' => 'DigiCert DCV Bot/1.1',
  'x-newrelic-transaction' => 'PxQAUlVVAFEBBQIEDwFVUAUCFB8EBw8RVU4aUAxeVlYGB1xUUlJVAF0AB0NKQV0HBgdQBwUGFTs=',
  'x-newrelic-id' => 'VQEFVFRbChAGU1RQDwQPUg==',
)
[ info ] [ PARAM ] array (
  '/_well-known/pki-validation/fileauth_txt' => '',
)
[ info ] [ LOG ] INIT File
---------------------------------------------------------------
[ 2018-12-26T23:27:35+08:00 ] 138.68.254.101 GET /
[ info ] qyice.top/ [运行时间：0.017420s][吞吐率：57.41req/s] [内存消耗：1,639.66kb] [文件加载：41]
[ info ] [ LANG ] /www/wwwroot/blog/thinkphp/lang/zh-cn.php
[ info ] [ ROUTE ] array (
  'type' => 'module',
  'module' => 
  array (
    0 => '',
    1 => NULL,
    2 => NULL,
  ),
)
[ info ] [ HEADER ] array (
  'upgrade-insecure-requests' => '1',
  'connection' => 'close',
  'host' => 'qyice.top',
  'accept-encoding' => 'gzip, deflate',
  'accept' => 'text/html,application/xhtml+xml,application/xml;q=0.9,image/webp,image/apng,*/*;q=0.8',
  'user-agent' => 'Mozilla/5.0 (Windows NT 10.0; Win64; x64; rv:57.0) Gecko/20100101 Firefox/57.0',
)
[ info ] [ PARAM ] array (
)
[ info ] [ RUN ] app\index\controller\Index->index[ /www/wwwroot/blog/application/index/controller/Index.php ]
[ info ] [ VIEW ] /www/wwwroot/blog/application/index/view/index/index.html [ array (
) ]
[ info ] [ LOG ] INIT File
---------------------------------------------------------------
[ 2018-12-26T23:45:37+08:00 ] 101.206.166.247 GET /admin
[ info ] www.qyice.top/admin [运行时间：0.018481s][吞吐率：54.11req/s] [内存消耗：1,856.50kb] [文件加载：44]
[ info ] [ LANG ] /www/wwwroot/blog/thinkphp/lang/zh-cn.php
[ info ] [ ROUTE ] array (
  'type' => 'module',
  'module' => 
  array (
    0 => 'admin',
    1 => NULL,
    2 => NULL,
  ),
)
[ info ] [ HEADER ] array (
  'cookie' => 'order=id%20desc; memSize=1839; uploadSize=1073741824; rank=a; sites_path=/www/wwwroot; serverType=apache; BatchPaste=null; SetName=; force=0; pnull=1; softType=0; BT_PANEL_6=89d629a0-8ea8-44a1-bdef-97f8b88c17f9.Vbts3_5tLGhW7PtrhvRv-MzMsRE; request_token=273757f5c0d810e6e28b51bc084e7968; backup_path=/www/backup; depType=4; p0=2; Path=/www/wwwroot/blog',
  'accept-language' => 'zh-CN,zh;q=0.9',
  'accept-encoding' => 'gzip, deflate',
  'accept' => 'text/html,application/xhtml+xml,application/xml;q=0.9,image/webp,image/apng,*/*;q=0.8',
  'user-agent' => 'Mozilla/5.0 (Windows NT 10.0; Win64; x64) AppleWebKit/537.36 (KHTML, like Gecko) Chrome/70.0.3538.102 Safari/537.36',
  'upgrade-insecure-requests' => '1',
  'cache-control' => 'no-cache',
  'pragma' => 'no-cache',
  'connection' => 'keep-alive',
  'host' => 'www.qyice.top',
)
[ info ] [ PARAM ] array (
  '/admin' => '',
)
[ info ] [ RUN ] app\admin\controller\Index->index[ /www/wwwroot/blog/application/admin/controller/Index.php ]
[ info ] [ VIEW ] /www/wwwroot/blog/application/admin/view/index/index.html [ array (
  0 => 'msg',
) ]
[ info ] [ LOG ] INIT File
---------------------------------------------------------------
[ 2018-12-26T23:45:38+08:00 ] 101.206.166.247 GET /admin/index/welcome.html
[ info ] www.qyice.top/admin/index/welcome.html [运行时间：0.016951s][吞吐率：58.99req/s] [内存消耗：1,792.90kb] [文件加载：43]
[ info ] [ LANG ] /www/wwwroot/blog/thinkphp/lang/zh-cn.php
[ info ] [ ROUTE ] array (
  'type' => 'module',
  'module' => 
  array (
    0 => 'admin',
    1 => 'index',
    2 => 'welcome',
  ),
)
[ info ] [ HEADER ] array (
  'cookie' => 'order=id%20desc; memSize=1839; uploadSize=1073741824; rank=a; sites_path=/www/wwwroot; serverType=apache; BatchPaste=null; SetName=; force=0; pnull=1; softType=0; BT_PANEL_6=89d629a0-8ea8-44a1-bdef-97f8b88c17f9.Vbts3_5tLGhW7PtrhvRv-MzMsRE; request_token=273757f5c0d810e6e28b51bc084e7968; backup_path=/www/backup; depType=4; p0=2; Path=/www/wwwroot/blog',
  'accept-language' => 'zh-CN,zh;q=0.9',
  'accept-encoding' => 'gzip, deflate',
  'referer' => 'http://www.qyice.top/admin',
  'accept' => 'text/html,application/xhtml+xml,application/xml;q=0.9,image/webp,image/apng,*/*;q=0.8',
  'user-agent' => 'Mozilla/5.0 (Windows NT 10.0; Win64; x64) AppleWebKit/537.36 (KHTML, like Gecko) Chrome/70.0.3538.102 Safari/537.36',
  'upgrade-insecure-requests' => '1',
  'cache-control' => 'no-cache',
  'pragma' => 'no-cache',
  'connection' => 'keep-alive',
  'host' => 'www.qyice.top',
)
[ info ] [ PARAM ] array (
  '/admin/index/welcome_html' => '',
)
[ info ] [ RUN ] app\admin\controller\Index->welcome[ /www/wwwroot/blog/application/admin/controller/Index.php ]
[ info ] [ VIEW ] /www/wwwroot/blog/application/admin/view/index/welcome.html [ array (
) ]
[ info ] [ LOG ] INIT File
---------------------------------------------------------------
[ 2018-12-26T23:45:38+08:00 ] 101.206.166.247 GET /favicon.ico
[ info ] www.qyice.top/favicon.ico [运行时间：0.013997s][吞吐率：71.44req/s] [内存消耗：1,323.24kb] [文件加载：35]
[ info ] [ LANG ] /www/wwwroot/blog/thinkphp/lang/zh-cn.php
[ info ] [ ROUTE ] array (
  'type' => 'module',
  'module' => 
  array (
    0 => 'favicon.ico',
    1 => NULL,
    2 => NULL,
  ),
)
[ info ] [ HEADER ] array (
  'cookie' => 'order=id%20desc; memSize=1839; uploadSize=1073741824; rank=a; sites_path=/www/wwwroot; serverType=apache; BatchPaste=null; SetName=; force=0; pnull=1; softType=0; BT_PANEL_6=89d629a0-8ea8-44a1-bdef-97f8b88c17f9.Vbts3_5tLGhW7PtrhvRv-MzMsRE; request_token=273757f5c0d810e6e28b51bc084e7968; backup_path=/www/backup; depType=4; p0=2; Path=/www/wwwroot/blog',
  'accept-language' => 'zh-CN,zh;q=0.9',
  'accept-encoding' => 'gzip, deflate',
  'referer' => 'http://www.qyice.top/admin',
  'accept' => 'image/webp,image/apng,image/*,*/*;q=0.8',
  'user-agent' => 'Mozilla/5.0 (Windows NT 10.0; Win64; x64) AppleWebKit/537.36 (KHTML, like Gecko) Chrome/70.0.3538.102 Safari/537.36',
  'cache-control' => 'no-cache',
  'pragma' => 'no-cache',
  'connection' => 'keep-alive',
  'host' => 'www.qyice.top',
)
[ info ] [ PARAM ] array (
  '/favicon_ico' => '',
)
[ info ] [ LOG ] INIT File
---------------------------------------------------------------
[ 2018-12-26T23:45:40+08:00 ] 101.206.166.247 GET /admin/privates/pass.html
[ info ] www.qyice.top/admin/privates/pass.html [运行时间：0.017048s][吞吐率：58.66req/s] [内存消耗：1,855.57kb] [文件加载：45]
[ info ] [ LANG ] /www/wwwroot/blog/thinkphp/lang/zh-cn.php
[ info ] [ ROUTE ] array (
  'type' => 'module',
  'module' => 
  array (
    0 => 'admin',
    1 => 'privates',
    2 => 'pass',
  ),
)
[ info ] [ HEADER ] array (
  'cookie' => 'order=id%20desc; memSize=1839; uploadSize=1073741824; rank=a; sites_path=/www/wwwroot; serverType=apache; BatchPaste=null; SetName=; force=0; pnull=1; softType=0; BT_PANEL_6=89d629a0-8ea8-44a1-bdef-97f8b88c17f9.Vbts3_5tLGhW7PtrhvRv-MzMsRE; request_token=273757f5c0d810e6e28b51bc084e7968; backup_path=/www/backup; depType=4; p0=2; Path=/www/wwwroot/blog',
  'accept-language' => 'zh-CN,zh;q=0.9',
  'accept-encoding' => 'gzip, deflate',
  'referer' => 'http://www.qyice.top/admin',
  'accept' => 'text/html,application/xhtml+xml,application/xml;q=0.9,image/webp,image/apng,*/*;q=0.8',
  'user-agent' => 'Mozilla/5.0 (Windows NT 10.0; Win64; x64) AppleWebKit/537.36 (KHTML, like Gecko) Chrome/70.0.3538.102 Safari/537.36',
  'upgrade-insecure-requests' => '1',
  'cache-control' => 'no-cache',
  'pragma' => 'no-cache',
  'connection' => 'keep-alive',
  'host' => 'www.qyice.top',
)
[ info ] [ PARAM ] array (
  '/admin/privates/pass_html' => '',
)
[ info ] [ RUN ] app\admin\controller\Privates->pass[ /www/wwwroot/blog/application/admin/controller/Privates.php ]
[ info ] [ VIEW ] /www/wwwroot/blog/application/admin/view/privates/pass.html [ array (
) ]
[ info ] [ LOG ] INIT File
---------------------------------------------------------------
[ 2018-12-26T23:45:42+08:00 ] 101.206.166.247 GET /admin/privates/passlist.html?page=1&limit=10
[ info ] www.qyice.top/admin/privates/passlist.html?page=1&limit=10 [运行时间：0.044259s][吞吐率：22.59req/s] [内存消耗：2,462.86kb] [文件加载：49]
[ info ] [ LANG ] /www/wwwroot/blog/thinkphp/lang/zh-cn.php
[ info ] [ ROUTE ] array (
  'type' => 'module',
  'module' => 
  array (
    0 => 'admin',
    1 => 'privates',
    2 => 'passlist',
  ),
)
[ info ] [ HEADER ] array (
  'cookie' => 'order=id%20desc; memSize=1839; uploadSize=1073741824; rank=a; sites_path=/www/wwwroot; serverType=apache; BatchPaste=null; SetName=; force=0; pnull=1; softType=0; BT_PANEL_6=89d629a0-8ea8-44a1-bdef-97f8b88c17f9.Vbts3_5tLGhW7PtrhvRv-MzMsRE; request_token=273757f5c0d810e6e28b51bc084e7968; backup_path=/www/backup; depType=4; p0=2; Path=/www/wwwroot/blog',
  'accept-language' => 'zh-CN,zh;q=0.9',
  'accept-encoding' => 'gzip, deflate',
  'referer' => 'http://www.qyice.top/admin/privates/pass.html',
  'user-agent' => 'Mozilla/5.0 (Windows NT 10.0; Win64; x64) AppleWebKit/537.36 (KHTML, like Gecko) Chrome/70.0.3538.102 Safari/537.36',
  'x-requested-with' => 'XMLHttpRequest',
  'accept' => 'application/json, text/javascript, */*; q=0.01',
  'cache-control' => 'no-cache',
  'pragma' => 'no-cache',
  'connection' => 'keep-alive',
  'host' => 'www.qyice.top',
)
[ info ] [ PARAM ] array (
  '/admin/privates/passlist_html' => '',
  'page' => '1',
  'limit' => '10',
)
[ info ] [ RUN ] app\admin\controller\Privates->passList[ /www/wwwroot/blog/application/admin/controller/Privates.php ]
[ info ] [ DB ] INIT mysql
[ info ] [ LOG ] INIT File
[ sql ] [ DB ] CONNECT:[ UseTime:0.000506s ] mysql:host=127.0.0.1;port=3306;dbname=www_qyice_top;charset=utf8
[ sql ] [ SQL ] SHOW COLUMNS FROM `qy_password` [ RunTime:0.000706s ]
[ sql ] [ SQL ] SELECT * FROM `qy_password` LIMIT 0,10 [ RunTime:0.000167s ]
---------------------------------------------------------------
[ 2018-12-26T23:48:27+08:00 ] 101.206.166.247 GET /admin
[ info ] www.qyice.top/admin [运行时间：0.017379s][吞吐率：57.54req/s] [内存消耗：1,643.41kb] [文件加载：42]
[ info ] [ LANG ] /www/wwwroot/blog/thinkphp/lang/zh-cn.php
[ info ] [ ROUTE ] array (
  'type' => 'module',
  'module' => 
  array (
    0 => 'admin',
    1 => NULL,
    2 => NULL,
  ),
)
[ info ] [ HEADER ] array (
  'cookie' => 'order=id%20desc; memSize=1839; uploadSize=1073741824; rank=a; sites_path=/www/wwwroot; serverType=apache; BatchPaste=null; SetName=; force=0; pnull=1; softType=0; BT_PANEL_6=89d629a0-8ea8-44a1-bdef-97f8b88c17f9.Vbts3_5tLGhW7PtrhvRv-MzMsRE; request_token=273757f5c0d810e6e28b51bc084e7968; backup_path=/www/backup; depType=4; p0=2; Path=/www/wwwroot/blog/application/admin/view/privates',
  'accept-language' => 'zh-CN,zh;q=0.9',
  'accept-encoding' => 'gzip, deflate',
  'accept' => 'text/html,application/xhtml+xml,application/xml;q=0.9,image/webp,image/apng,*/*;q=0.8',
  'user-agent' => 'Mozilla/5.0 (Windows NT 10.0; Win64; x64) AppleWebKit/537.36 (KHTML, like Gecko) Chrome/70.0.3538.102 Safari/537.36',
  'upgrade-insecure-requests' => '1',
  'cache-control' => 'max-age=0',
  'connection' => 'keep-alive',
  'host' => 'www.qyice.top',
)
[ info ] [ PARAM ] array (
  '/admin' => '',
)
[ info ] [ RUN ] app\admin\controller\Index->index[ /www/wwwroot/blog/application/admin/controller/Index.php ]
[ info ] [ VIEW ] /www/wwwroot/blog/application/admin/view/index/index.html [ array (
  0 => 'msg',
) ]
[ info ] [ LOG ] INIT File
---------------------------------------------------------------
[ 2018-12-26T23:48:27+08:00 ] 101.206.166.247 GET /admin/index/welcome.html
[ info ] www.qyice.top/admin/index/welcome.html [运行时间：0.014742s][吞吐率：67.83req/s] [内存消耗：1,587.92kb] [文件加载：41]
[ info ] [ LANG ] /www/wwwroot/blog/thinkphp/lang/zh-cn.php
[ info ] [ ROUTE ] array (
  'type' => 'module',
  'module' => 
  array (
    0 => 'admin',
    1 => 'index',
    2 => 'welcome',
  ),
)
[ info ] [ HEADER ] array (
  'cookie' => 'order=id%20desc; memSize=1839; uploadSize=1073741824; rank=a; sites_path=/www/wwwroot; serverType=apache; BatchPaste=null; SetName=; force=0; pnull=1; softType=0; BT_PANEL_6=89d629a0-8ea8-44a1-bdef-97f8b88c17f9.Vbts3_5tLGhW7PtrhvRv-MzMsRE; request_token=273757f5c0d810e6e28b51bc084e7968; backup_path=/www/backup; depType=4; p0=2; Path=/www/wwwroot/blog/application/admin/view/privates',
  'accept-language' => 'zh-CN,zh;q=0.9',
  'accept-encoding' => 'gzip, deflate',
  'referer' => 'http://www.qyice.top/admin',
  'accept' => 'text/html,application/xhtml+xml,application/xml;q=0.9,image/webp,image/apng,*/*;q=0.8',
  'user-agent' => 'Mozilla/5.0 (Windows NT 10.0; Win64; x64) AppleWebKit/537.36 (KHTML, like Gecko) Chrome/70.0.3538.102 Safari/537.36',
  'upgrade-insecure-requests' => '1',
  'connection' => 'keep-alive',
  'host' => 'www.qyice.top',
)
[ info ] [ PARAM ] array (
  '/admin/index/welcome_html' => '',
)
[ info ] [ RUN ] app\admin\controller\Index->welcome[ /www/wwwroot/blog/application/admin/controller/Index.php ]
[ info ] [ VIEW ] /www/wwwroot/blog/application/admin/view/index/welcome.html [ array (
) ]
[ info ] [ LOG ] INIT File
---------------------------------------------------------------
[ 2018-12-26T23:48:28+08:00 ] 101.206.166.247 GET /admin/privates/pass.html
[ info ] www.qyice.top/admin/privates/pass.html [运行时间：0.017562s][吞吐率：56.94req/s] [内存消耗：1,854.96kb] [文件加载：45]
[ info ] [ LANG ] /www/wwwroot/blog/thinkphp/lang/zh-cn.php
[ info ] [ ROUTE ] array (
  'type' => 'module',
  'module' => 
  array (
    0 => 'admin',
    1 => 'privates',
    2 => 'pass',
  ),
)
[ info ] [ HEADER ] array (
  'cookie' => 'order=id%20desc; memSize=1839; uploadSize=1073741824; rank=a; sites_path=/www/wwwroot; serverType=apache; BatchPaste=null; SetName=; force=0; pnull=1; softType=0; BT_PANEL_6=89d629a0-8ea8-44a1-bdef-97f8b88c17f9.Vbts3_5tLGhW7PtrhvRv-MzMsRE; request_token=273757f5c0d810e6e28b51bc084e7968; backup_path=/www/backup; depType=4; p0=2; Path=/www/wwwroot/blog/application/admin/view/privates',
  'accept-language' => 'zh-CN,zh;q=0.9',
  'accept-encoding' => 'gzip, deflate',
  'referer' => 'http://www.qyice.top/admin',
  'accept' => 'text/html,application/xhtml+xml,application/xml;q=0.9,image/webp,image/apng,*/*;q=0.8',
  'user-agent' => 'Mozilla/5.0 (Windows NT 10.0; Win64; x64) AppleWebKit/537.36 (KHTML, like Gecko) Chrome/70.0.3538.102 Safari/537.36',
  'upgrade-insecure-requests' => '1',
  'connection' => 'keep-alive',
  'host' => 'www.qyice.top',
)
[ info ] [ PARAM ] array (
  '/admin/privates/pass_html' => '',
)
[ info ] [ RUN ] app\admin\controller\Privates->pass[ /www/wwwroot/blog/application/admin/controller/Privates.php ]
[ info ] [ VIEW ] /www/wwwroot/blog/application/admin/view/privates/pass.html [ array (
) ]
[ info ] [ LOG ] INIT File
---------------------------------------------------------------
[ 2018-12-26T23:48:29+08:00 ] 101.206.166.247 GET /admin/privates/passlist.html?page=1&limit=10
[ info ] www.qyice.top/admin/privates/passlist.html?page=1&limit=10 [运行时间：0.021850s][吞吐率：45.77req/s] [内存消耗：2,462.53kb] [文件加载：49]
[ info ] [ LANG ] /www/wwwroot/blog/thinkphp/lang/zh-cn.php
[ info ] [ ROUTE ] array (
  'type' => 'module',
  'module' => 
  array (
    0 => 'admin',
    1 => 'privates',
    2 => 'passlist',
  ),
)
[ info ] [ HEADER ] array (
  'cookie' => 'order=id%20desc; memSize=1839; uploadSize=1073741824; rank=a; sites_path=/www/wwwroot; serverType=apache; BatchPaste=null; SetName=; force=0; pnull=1; softType=0; BT_PANEL_6=89d629a0-8ea8-44a1-bdef-97f8b88c17f9.Vbts3_5tLGhW7PtrhvRv-MzMsRE; request_token=273757f5c0d810e6e28b51bc084e7968; backup_path=/www/backup; depType=4; p0=2; Path=/www/wwwroot/blog/application/admin/view/privates',
  'accept-language' => 'zh-CN,zh;q=0.9',
  'accept-encoding' => 'gzip, deflate',
  'referer' => 'http://www.qyice.top/admin/privates/pass.html',
  'user-agent' => 'Mozilla/5.0 (Windows NT 10.0; Win64; x64) AppleWebKit/537.36 (KHTML, like Gecko) Chrome/70.0.3538.102 Safari/537.36',
  'x-requested-with' => 'XMLHttpRequest',
  'accept' => 'application/json, text/javascript, */*; q=0.01',
  'connection' => 'keep-alive',
  'host' => 'www.qyice.top',
)
[ info ] [ PARAM ] array (
  '/admin/privates/passlist_html' => '',
  'page' => '1',
  'limit' => '10',
)
[ info ] [ RUN ] app\admin\controller\Privates->passList[ /www/wwwroot/blog/application/admin/controller/Privates.php ]
[ info ] [ DB ] INIT mysql
[ info ] [ LOG ] INIT File
[ sql ] [ DB ] CONNECT:[ UseTime:0.000890s ] mysql:host=127.0.0.1;port=3306;dbname=www_qyice_top;charset=utf8
[ sql ] [ SQL ] SHOW COLUMNS FROM `qy_password` [ RunTime:0.000627s ]
[ sql ] [ SQL ] SELECT * FROM `qy_password` LIMIT 0,10 [ RunTime:0.000131s ]
---------------------------------------------------------------
[ 2018-12-26T23:51:11+08:00 ] 101.206.166.247 GET /admin/privates/pass.html
[ info ] www.qyice.top/admin/privates/pass.html [运行时间：0.014719s][吞吐率：67.94req/s] [内存消耗：1,645.78kb] [文件加载：43]
[ info ] [ LANG ] /www/wwwroot/blog/thinkphp/lang/zh-cn.php
[ info ] [ ROUTE ] array (
  'type' => 'module',
  'module' => 
  array (
    0 => 'admin',
    1 => 'privates',
    2 => 'pass',
  ),
)
[ info ] [ HEADER ] array (
  'cookie' => 'order=id%20desc; memSize=1839; uploadSize=1073741824; rank=a; sites_path=/www/wwwroot; serverType=apache; BatchPaste=null; SetName=; force=0; pnull=1; softType=0; BT_PANEL_6=89d629a0-8ea8-44a1-bdef-97f8b88c17f9.Vbts3_5tLGhW7PtrhvRv-MzMsRE; request_token=273757f5c0d810e6e28b51bc084e7968; backup_path=/www/backup; depType=4; p0=2; Path=/www/wwwroot/blog/application/admin/view/privates',
  'accept-language' => 'zh-CN,zh;q=0.9',
  'accept-encoding' => 'gzip, deflate',
  'referer' => 'http://www.qyice.top/admin',
  'accept' => 'text/html,application/xhtml+xml,application/xml;q=0.9,image/webp,image/apng,*/*;q=0.8',
  'user-agent' => 'Mozilla/5.0 (Windows NT 10.0; Win64; x64) AppleWebKit/537.36 (KHTML, like Gecko) Chrome/70.0.3538.102 Safari/537.36',
  'upgrade-insecure-requests' => '1',
  'connection' => 'keep-alive',
  'host' => 'www.qyice.top',
)
[ info ] [ PARAM ] array (
  '/admin/privates/pass_html' => '',
)
[ info ] [ RUN ] app\admin\controller\Privates->pass[ /www/wwwroot/blog/application/admin/controller/Privates.php ]
[ info ] [ VIEW ] /www/wwwroot/blog/application/admin/view/privates/pass.html [ array (
) ]
[ info ] [ LOG ] INIT File
---------------------------------------------------------------
[ 2018-12-26T23:51:11+08:00 ] 101.206.166.247 GET /admin/privates/passlist.html?page=1&limit=10
[ info ] www.qyice.top/admin/privates/passlist.html?page=1&limit=10 [运行时间：0.021878s][吞吐率：45.71req/s] [内存消耗：2,462.53kb] [文件加载：49]
[ info ] [ LANG ] /www/wwwroot/blog/thinkphp/lang/zh-cn.php
[ info ] [ ROUTE ] array (
  'type' => 'module',
  'module' => 
  array (
    0 => 'admin',
    1 => 'privates',
    2 => 'passlist',
  ),
)
[ info ] [ HEADER ] array (
  'cookie' => 'order=id%20desc; memSize=1839; uploadSize=1073741824; rank=a; sites_path=/www/wwwroot; serverType=apache; BatchPaste=null; SetName=; force=0; pnull=1; softType=0; BT_PANEL_6=89d629a0-8ea8-44a1-bdef-97f8b88c17f9.Vbts3_5tLGhW7PtrhvRv-MzMsRE; request_token=273757f5c0d810e6e28b51bc084e7968; backup_path=/www/backup; depType=4; p0=2; Path=/www/wwwroot/blog/application/admin/view/privates',
  'accept-language' => 'zh-CN,zh;q=0.9',
  'accept-encoding' => 'gzip, deflate',
  'referer' => 'http://www.qyice.top/admin/privates/pass.html',
  'user-agent' => 'Mozilla/5.0 (Windows NT 10.0; Win64; x64) AppleWebKit/537.36 (KHTML, like Gecko) Chrome/70.0.3538.102 Safari/537.36',
  'x-requested-with' => 'XMLHttpRequest',
  'accept' => 'application/json, text/javascript, */*; q=0.01',
  'connection' => 'keep-alive',
  'host' => 'www.qyice.top',
)
[ info ] [ PARAM ] array (
  '/admin/privates/passlist_html' => '',
  'page' => '1',
  'limit' => '10',
)
[ info ] [ RUN ] app\admin\controller\Privates->passList[ /www/wwwroot/blog/application/admin/controller/Privates.php ]
[ info ] [ DB ] INIT mysql
[ info ] [ LOG ] INIT File
[ sql ] [ DB ] CONNECT:[ UseTime:0.000577s ] mysql:host=127.0.0.1;port=3306;dbname=www_qyice_top;charset=utf8
[ sql ] [ SQL ] SHOW COLUMNS FROM `qy_password` [ RunTime:0.000684s ]
[ sql ] [ SQL ] SELECT * FROM `qy_password` LIMIT 0,10 [ RunTime:0.000166s ]
---------------------------------------------------------------
[ 2018-12-26T23:51:12+08:00 ] 101.206.166.247 GET /admin/privates/pass.html
[ info ] www.qyice.top/admin/privates/pass.html [运行时间：0.014690s][吞吐率：68.07req/s] [内存消耗：1,645.78kb] [文件加载：43]
[ info ] [ LANG ] /www/wwwroot/blog/thinkphp/lang/zh-cn.php
[ info ] [ ROUTE ] array (
  'type' => 'module',
  'module' => 
  array (
    0 => 'admin',
    1 => 'privates',
    2 => 'pass',
  ),
)
[ info ] [ HEADER ] array (
  'cookie' => 'order=id%20desc; memSize=1839; uploadSize=1073741824; rank=a; sites_path=/www/wwwroot; serverType=apache; BatchPaste=null; SetName=; force=0; pnull=1; softType=0; BT_PANEL_6=89d629a0-8ea8-44a1-bdef-97f8b88c17f9.Vbts3_5tLGhW7PtrhvRv-MzMsRE; request_token=273757f5c0d810e6e28b51bc084e7968; backup_path=/www/backup; depType=4; p0=2; Path=/www/wwwroot/blog/application/admin/view/privates',
  'accept-language' => 'zh-CN,zh;q=0.9',
  'accept-encoding' => 'gzip, deflate',
  'referer' => 'http://www.qyice.top/admin',
  'accept' => 'text/html,application/xhtml+xml,application/xml;q=0.9,image/webp,image/apng,*/*;q=0.8',
  'user-agent' => 'Mozilla/5.0 (Windows NT 10.0; Win64; x64) AppleWebKit/537.36 (KHTML, like Gecko) Chrome/70.0.3538.102 Safari/537.36',
  'upgrade-insecure-requests' => '1',
  'connection' => 'keep-alive',
  'host' => 'www.qyice.top',
)
[ info ] [ PARAM ] array (
  '/admin/privates/pass_html' => '',
)
[ info ] [ RUN ] app\admin\controller\Privates->pass[ /www/wwwroot/blog/application/admin/controller/Privates.php ]
[ info ] [ VIEW ] /www/wwwroot/blog/application/admin/view/privates/pass.html [ array (
) ]
[ info ] [ LOG ] INIT File
---------------------------------------------------------------
[ 2018-12-26T23:51:12+08:00 ] 101.206.166.247 GET /admin/privates/passlist.html?page=1&limit=10
[ info ] www.qyice.top/admin/privates/passlist.html?page=1&limit=10 [运行时间：0.020348s][吞吐率：49.14req/s] [内存消耗：2,462.53kb] [文件加载：49]
[ info ] [ LANG ] /www/wwwroot/blog/thinkphp/lang/zh-cn.php
[ info ] [ ROUTE ] array (
  'type' => 'module',
  'module' => 
  array (
    0 => 'admin',
    1 => 'privates',
    2 => 'passlist',
  ),
)
[ info ] [ HEADER ] array (
  'cookie' => 'order=id%20desc; memSize=1839; uploadSize=1073741824; rank=a; sites_path=/www/wwwroot; serverType=apache; BatchPaste=null; SetName=; force=0; pnull=1; softType=0; BT_PANEL_6=89d629a0-8ea8-44a1-bdef-97f8b88c17f9.Vbts3_5tLGhW7PtrhvRv-MzMsRE; request_token=273757f5c0d810e6e28b51bc084e7968; backup_path=/www/backup; depType=4; p0=2; Path=/www/wwwroot/blog/application/admin/view/privates',
  'accept-language' => 'zh-CN,zh;q=0.9',
  'accept-encoding' => 'gzip, deflate',
  'referer' => 'http://www.qyice.top/admin/privates/pass.html',
  'user-agent' => 'Mozilla/5.0 (Windows NT 10.0; Win64; x64) AppleWebKit/537.36 (KHTML, like Gecko) Chrome/70.0.3538.102 Safari/537.36',
  'x-requested-with' => 'XMLHttpRequest',
  'accept' => 'application/json, text/javascript, */*; q=0.01',
  'connection' => 'keep-alive',
  'host' => 'www.qyice.top',
)
[ info ] [ PARAM ] array (
  '/admin/privates/passlist_html' => '',
  'page' => '1',
  'limit' => '10',
)
[ info ] [ RUN ] app\admin\controller\Privates->passList[ /www/wwwroot/blog/application/admin/controller/Privates.php ]
[ info ] [ DB ] INIT mysql
[ info ] [ LOG ] INIT File
[ sql ] [ DB ] CONNECT:[ UseTime:0.000509s ] mysql:host=127.0.0.1;port=3306;dbname=www_qyice_top;charset=utf8
[ sql ] [ SQL ] SHOW COLUMNS FROM `qy_password` [ RunTime:0.000659s ]
[ sql ] [ SQL ] SELECT * FROM `qy_password` LIMIT 0,10 [ RunTime:0.000134s ]
---------------------------------------------------------------
[ 2018-12-26T23:51:29+08:00 ] 101.206.166.247 GET /admin/privates/pass.html
[ info ] www.qyice.top/admin/privates/pass.html [运行时间：0.016434s][吞吐率：60.85req/s] [内存消耗：1,646.17kb] [文件加载：43]
[ info ] [ LANG ] /www/wwwroot/blog/thinkphp/lang/zh-cn.php
[ info ] [ ROUTE ] array (
  'type' => 'module',
  'module' => 
  array (
    0 => 'admin',
    1 => 'privates',
    2 => 'pass',
  ),
)
[ info ] [ HEADER ] array (
  'cookie' => 'order=id%20desc; memSize=1839; uploadSize=1073741824; rank=a; sites_path=/www/wwwroot; serverType=apache; BatchPaste=null; SetName=; force=0; pnull=1; softType=0; BT_PANEL_6=89d629a0-8ea8-44a1-bdef-97f8b88c17f9.Vbts3_5tLGhW7PtrhvRv-MzMsRE; request_token=273757f5c0d810e6e28b51bc084e7968; backup_path=/www/backup; depType=4; p0=2; Path=/www/wwwroot/blog/application/admin/view/privates',
  'accept-language' => 'zh-CN,zh;q=0.9',
  'accept-encoding' => 'gzip, deflate',
  'referer' => 'http://www.qyice.top/admin',
  'accept' => 'text/html,application/xhtml+xml,application/xml;q=0.9,image/webp,image/apng,*/*;q=0.8',
  'user-agent' => 'Mozilla/5.0 (Windows NT 10.0; Win64; x64) AppleWebKit/537.36 (KHTML, like Gecko) Chrome/70.0.3538.102 Safari/537.36',
  'upgrade-insecure-requests' => '1',
  'cache-control' => 'no-cache',
  'pragma' => 'no-cache',
  'connection' => 'keep-alive',
  'host' => 'www.qyice.top',
)
[ info ] [ PARAM ] array (
  '/admin/privates/pass_html' => '',
)
[ info ] [ RUN ] app\admin\controller\Privates->pass[ /www/wwwroot/blog/application/admin/controller/Privates.php ]
[ info ] [ VIEW ] /www/wwwroot/blog/application/admin/view/privates/pass.html [ array (
) ]
[ info ] [ LOG ] INIT File
---------------------------------------------------------------
[ 2018-12-26T23:51:31+08:00 ] 101.206.166.247 GET /admin/privates/passlist.html?page=1&limit=10
[ info ] www.qyice.top/admin/privates/passlist.html?page=1&limit=10 [运行时间：0.021190s][吞吐率：47.19req/s] [内存消耗：2,463.05kb] [文件加载：49]
[ info ] [ LANG ] /www/wwwroot/blog/thinkphp/lang/zh-cn.php
[ info ] [ ROUTE ] array (
  'type' => 'module',
  'module' => 
  array (
    0 => 'admin',
    1 => 'privates',
    2 => 'passlist',
  ),
)
[ info ] [ HEADER ] array (
  'cookie' => 'order=id%20desc; memSize=1839; uploadSize=1073741824; rank=a; sites_path=/www/wwwroot; serverType=apache; BatchPaste=null; SetName=; force=0; pnull=1; softType=0; BT_PANEL_6=89d629a0-8ea8-44a1-bdef-97f8b88c17f9.Vbts3_5tLGhW7PtrhvRv-MzMsRE; request_token=273757f5c0d810e6e28b51bc084e7968; backup_path=/www/backup; depType=4; p0=2; Path=/www/wwwroot/blog/application/admin/view/privates',
  'accept-language' => 'zh-CN,zh;q=0.9',
  'accept-encoding' => 'gzip, deflate',
  'referer' => 'http://www.qyice.top/admin/privates/pass.html',
  'user-agent' => 'Mozilla/5.0 (Windows NT 10.0; Win64; x64) AppleWebKit/537.36 (KHTML, like Gecko) Chrome/70.0.3538.102 Safari/537.36',
  'x-requested-with' => 'XMLHttpRequest',
  'accept' => 'application/json, text/javascript, */*; q=0.01',
  'cache-control' => 'no-cache',
  'pragma' => 'no-cache',
  'connection' => 'keep-alive',
  'host' => 'www.qyice.top',
)
[ info ] [ PARAM ] array (
  '/admin/privates/passlist_html' => '',
  'page' => '1',
  'limit' => '10',
)
[ info ] [ RUN ] app\admin\controller\Privates->passList[ /www/wwwroot/blog/application/admin/controller/Privates.php ]
[ info ] [ DB ] INIT mysql
[ info ] [ LOG ] INIT File
[ sql ] [ DB ] CONNECT:[ UseTime:0.000508s ] mysql:host=127.0.0.1;port=3306;dbname=www_qyice_top;charset=utf8
[ sql ] [ SQL ] SHOW COLUMNS FROM `qy_password` [ RunTime:0.000604s ]
[ sql ] [ SQL ] SELECT * FROM `qy_password` LIMIT 0,10 [ RunTime:0.000157s ]
---------------------------------------------------------------
[ 2018-12-26T23:52:50+08:00 ] 101.206.166.247 GET /admin/privates/pass.html
[ info ] www.qyice.top/admin/privates/pass.html [运行时间：0.015432s][吞吐率：64.80req/s] [内存消耗：1,646.17kb] [文件加载：43]
[ info ] [ LANG ] /www/wwwroot/blog/thinkphp/lang/zh-cn.php
[ info ] [ ROUTE ] array (
  'type' => 'module',
  'module' => 
  array (
    0 => 'admin',
    1 => 'privates',
    2 => 'pass',
  ),
)
[ info ] [ HEADER ] array (
  'cookie' => 'order=id%20desc; memSize=1839; uploadSize=1073741824; rank=a; sites_path=/www/wwwroot; serverType=apache; BatchPaste=null; SetName=; force=0; pnull=1; softType=0; BT_PANEL_6=89d629a0-8ea8-44a1-bdef-97f8b88c17f9.Vbts3_5tLGhW7PtrhvRv-MzMsRE; request_token=273757f5c0d810e6e28b51bc084e7968; backup_path=/www/backup; depType=4; p0=2; Path=/www/wwwroot/blog/application/admin/controller',
  'accept-language' => 'zh-CN,zh;q=0.9',
  'accept-encoding' => 'gzip, deflate',
  'referer' => 'http://www.qyice.top/admin',
  'accept' => 'text/html,application/xhtml+xml,application/xml;q=0.9,image/webp,image/apng,*/*;q=0.8',
  'user-agent' => 'Mozilla/5.0 (Windows NT 10.0; Win64; x64) AppleWebKit/537.36 (KHTML, like Gecko) Chrome/70.0.3538.102 Safari/537.36',
  'upgrade-insecure-requests' => '1',
  'cache-control' => 'no-cache',
  'pragma' => 'no-cache',
  'connection' => 'keep-alive',
  'host' => 'www.qyice.top',
)
[ info ] [ PARAM ] array (
  '/admin/privates/pass_html' => '',
)
[ info ] [ RUN ] app\admin\controller\Privates->pass[ /www/wwwroot/blog/application/admin/controller/Privates.php ]
[ info ] [ VIEW ] /www/wwwroot/blog/application/admin/view/privates/pass.html [ array (
) ]
[ info ] [ LOG ] INIT File
---------------------------------------------------------------
[ 2018-12-26T23:52:52+08:00 ] 101.206.166.247 GET /admin/privates/passlist.html?page=1&limit=10
[ info ] www.qyice.top/admin/privates/passlist.html?page=1&limit=10 [运行时间：0.021798s][吞吐率：45.88req/s] [内存消耗：2,463.35kb] [文件加载：49]
[ info ] [ LANG ] /www/wwwroot/blog/thinkphp/lang/zh-cn.php
[ info ] [ ROUTE ] array (
  'type' => 'module',
  'module' => 
  array (
    0 => 'admin',
    1 => 'privates',
    2 => 'passlist',
  ),
)
[ info ] [ HEADER ] array (
  'cookie' => 'order=id%20desc; memSize=1839; uploadSize=1073741824; rank=a; sites_path=/www/wwwroot; serverType=apache; BatchPaste=null; SetName=; force=0; pnull=1; softType=0; BT_PANEL_6=89d629a0-8ea8-44a1-bdef-97f8b88c17f9.Vbts3_5tLGhW7PtrhvRv-MzMsRE; request_token=273757f5c0d810e6e28b51bc084e7968; backup_path=/www/backup; depType=4; p0=2; Path=/www/wwwroot/blog/application/admin/controller',
  'accept-language' => 'zh-CN,zh;q=0.9',
  'accept-encoding' => 'gzip, deflate',
  'referer' => 'http://www.qyice.top/admin/privates/pass.html',
  'user-agent' => 'Mozilla/5.0 (Windows NT 10.0; Win64; x64) AppleWebKit/537.36 (KHTML, like Gecko) Chrome/70.0.3538.102 Safari/537.36',
  'x-requested-with' => 'XMLHttpRequest',
  'accept' => 'application/json, text/javascript, */*; q=0.01',
  'cache-control' => 'no-cache',
  'pragma' => 'no-cache',
  'connection' => 'keep-alive',
  'host' => 'www.qyice.top',
)
[ info ] [ PARAM ] array (
  '/admin/privates/passlist_html' => '',
  'page' => '1',
  'limit' => '10',
)
[ info ] [ RUN ] app\admin\controller\Privates->passList[ /www/wwwroot/blog/application/admin/controller/Privates.php ]
[ info ] [ DB ] INIT mysql
[ info ] [ LOG ] INIT File
[ sql ] [ DB ] CONNECT:[ UseTime:0.000480s ] mysql:host=127.0.0.1;port=3306;dbname=www_qyice_top;charset=utf8
[ sql ] [ SQL ] SHOW COLUMNS FROM `qy_password` [ RunTime:0.000787s ]
[ sql ] [ SQL ] SELECT * FROM `qy_password` LIMIT 0,10 [ RunTime:0.000186s ]
---------------------------------------------------------------
[ 2018-12-26T23:53:03+08:00 ] 101.206.166.247 GET /admin/privates/pass.html
[ info ] www.qyice.top/admin/privates/pass.html [运行时间：0.016223s][吞吐率：61.64req/s] [内存消耗：1,645.78kb] [文件加载：43]
[ info ] [ LANG ] /www/wwwroot/blog/thinkphp/lang/zh-cn.php
[ info ] [ ROUTE ] array (
  'type' => 'module',
  'module' => 
  array (
    0 => 'admin',
    1 => 'privates',
    2 => 'pass',
  ),
)
[ info ] [ HEADER ] array (
  'cookie' => 'order=id%20desc; memSize=1839; uploadSize=1073741824; rank=a; sites_path=/www/wwwroot; serverType=apache; BatchPaste=null; SetName=; force=0; pnull=1; softType=0; BT_PANEL_6=89d629a0-8ea8-44a1-bdef-97f8b88c17f9.Vbts3_5tLGhW7PtrhvRv-MzMsRE; request_token=273757f5c0d810e6e28b51bc084e7968; backup_path=/www/backup; depType=4; p0=2; Path=/www/wwwroot/blog/application/admin/controller',
  'accept-language' => 'zh-CN,zh;q=0.9',
  'accept-encoding' => 'gzip, deflate',
  'referer' => 'http://www.qyice.top/admin',
  'accept' => 'text/html,application/xhtml+xml,application/xml;q=0.9,image/webp,image/apng,*/*;q=0.8',
  'user-agent' => 'Mozilla/5.0 (Windows NT 10.0; Win64; x64) AppleWebKit/537.36 (KHTML, like Gecko) Chrome/70.0.3538.102 Safari/537.36',
  'upgrade-insecure-requests' => '1',
  'connection' => 'keep-alive',
  'host' => 'www.qyice.top',
)
[ info ] [ PARAM ] array (
  '/admin/privates/pass_html' => '',
)
[ info ] [ RUN ] app\admin\controller\Privates->pass[ /www/wwwroot/blog/application/admin/controller/Privates.php ]
[ info ] [ VIEW ] /www/wwwroot/blog/application/admin/view/privates/pass.html [ array (
) ]
[ info ] [ LOG ] INIT File
---------------------------------------------------------------
[ 2018-12-26T23:53:03+08:00 ] 101.206.166.247 GET /admin/privates/passlist.html?page=1&limit=10
[ info ] www.qyice.top/admin/privates/passlist.html?page=1&limit=10 [运行时间：0.021071s][吞吐率：47.46req/s] [内存消耗：2,462.84kb] [文件加载：49]
[ info ] [ LANG ] /www/wwwroot/blog/thinkphp/lang/zh-cn.php
[ info ] [ ROUTE ] array (
  'type' => 'module',
  'module' => 
  array (
    0 => 'admin',
    1 => 'privates',
    2 => 'passlist',
  ),
)
[ info ] [ HEADER ] array (
  'cookie' => 'order=id%20desc; memSize=1839; uploadSize=1073741824; rank=a; sites_path=/www/wwwroot; serverType=apache; BatchPaste=null; SetName=; force=0; pnull=1; softType=0; BT_PANEL_6=89d629a0-8ea8-44a1-bdef-97f8b88c17f9.Vbts3_5tLGhW7PtrhvRv-MzMsRE; request_token=273757f5c0d810e6e28b51bc084e7968; backup_path=/www/backup; depType=4; p0=2; Path=/www/wwwroot/blog/application/admin/controller',
  'accept-language' => 'zh-CN,zh;q=0.9',
  'accept-encoding' => 'gzip, deflate',
  'referer' => 'http://www.qyice.top/admin/privates/pass.html',
  'user-agent' => 'Mozilla/5.0 (Windows NT 10.0; Win64; x64) AppleWebKit/537.36 (KHTML, like Gecko) Chrome/70.0.3538.102 Safari/537.36',
  'x-requested-with' => 'XMLHttpRequest',
  'accept' => 'application/json, text/javascript, */*; q=0.01',
  'connection' => 'keep-alive',
  'host' => 'www.qyice.top',
)
[ info ] [ PARAM ] array (
  '/admin/privates/passlist_html' => '',
  'page' => '1',
  'limit' => '10',
)
[ info ] [ RUN ] app\admin\controller\Privates->passList[ /www/wwwroot/blog/application/admin/controller/Privates.php ]
[ info ] [ DB ] INIT mysql
[ info ] [ LOG ] INIT File
[ sql ] [ DB ] CONNECT:[ UseTime:0.000505s ] mysql:host=127.0.0.1;port=3306;dbname=www_qyice_top;charset=utf8
[ sql ] [ SQL ] SHOW COLUMNS FROM `qy_password` [ RunTime:0.000638s ]
[ sql ] [ SQL ] SELECT * FROM `qy_password` LIMIT 0,10 [ RunTime:0.000184s ]
---------------------------------------------------------------
[ 2018-12-26T23:53:12+08:00 ] 101.206.166.247 GET /admin/privates/pass.html
[ info ] www.qyice.top/admin/privates/pass.html [运行时间：0.016780s][吞吐率：59.60req/s] [内存消耗：1,646.17kb] [文件加载：43]
[ info ] [ LANG ] /www/wwwroot/blog/thinkphp/lang/zh-cn.php
[ info ] [ ROUTE ] array (
  'type' => 'module',
  'module' => 
  array (
    0 => 'admin',
    1 => 'privates',
    2 => 'pass',
  ),
)
[ info ] [ HEADER ] array (
  'cookie' => 'order=id%20desc; memSize=1839; uploadSize=1073741824; rank=a; sites_path=/www/wwwroot; serverType=apache; BatchPaste=null; SetName=; force=0; pnull=1; softType=0; BT_PANEL_6=89d629a0-8ea8-44a1-bdef-97f8b88c17f9.Vbts3_5tLGhW7PtrhvRv-MzMsRE; request_token=273757f5c0d810e6e28b51bc084e7968; backup_path=/www/backup; depType=4; p0=2; Path=/www/wwwroot/blog/application/admin/controller',
  'accept-language' => 'zh-CN,zh;q=0.9',
  'accept-encoding' => 'gzip, deflate',
  'referer' => 'http://www.qyice.top/admin',
  'accept' => 'text/html,application/xhtml+xml,application/xml;q=0.9,image/webp,image/apng,*/*;q=0.8',
  'user-agent' => 'Mozilla/5.0 (Windows NT 10.0; Win64; x64) AppleWebKit/537.36 (KHTML, like Gecko) Chrome/70.0.3538.102 Safari/537.36',
  'upgrade-insecure-requests' => '1',
  'cache-control' => 'no-cache',
  'pragma' => 'no-cache',
  'connection' => 'keep-alive',
  'host' => 'www.qyice.top',
)
[ info ] [ PARAM ] array (
  '/admin/privates/pass_html' => '',
)
[ info ] [ RUN ] app\admin\controller\Privates->pass[ /www/wwwroot/blog/application/admin/controller/Privates.php ]
[ info ] [ VIEW ] /www/wwwroot/blog/application/admin/view/privates/pass.html [ array (
) ]
[ info ] [ LOG ] INIT File
---------------------------------------------------------------
[ 2018-12-26T23:53:14+08:00 ] 101.206.166.247 GET /admin/privates/passlist.html?page=1&limit=10
[ info ] www.qyice.top/admin/privates/passlist.html?page=1&limit=10 [运行时间：0.020246s][吞吐率：49.39req/s] [内存消耗：2,463.35kb] [文件加载：49]
[ info ] [ LANG ] /www/wwwroot/blog/thinkphp/lang/zh-cn.php
[ info ] [ ROUTE ] array (
  'type' => 'module',
  'module' => 
  array (
    0 => 'admin',
    1 => 'privates',
    2 => 'passlist',
  ),
)
[ info ] [ HEADER ] array (
  'cookie' => 'order=id%20desc; memSize=1839; uploadSize=1073741824; rank=a; sites_path=/www/wwwroot; serverType=apache; BatchPaste=null; SetName=; force=0; pnull=1; softType=0; BT_PANEL_6=89d629a0-8ea8-44a1-bdef-97f8b88c17f9.Vbts3_5tLGhW7PtrhvRv-MzMsRE; request_token=273757f5c0d810e6e28b51bc084e7968; backup_path=/www/backup; depType=4; p0=2; Path=/www/wwwroot/blog/application/admin/controller',
  'accept-language' => 'zh-CN,zh;q=0.9',
  'accept-encoding' => 'gzip, deflate',
  'referer' => 'http://www.qyice.top/admin/privates/pass.html',
  'user-agent' => 'Mozilla/5.0 (Windows NT 10.0; Win64; x64) AppleWebKit/537.36 (KHTML, like Gecko) Chrome/70.0.3538.102 Safari/537.36',
  'x-requested-with' => 'XMLHttpRequest',
  'accept' => 'application/json, text/javascript, */*; q=0.01',
  'cache-control' => 'no-cache',
  'pragma' => 'no-cache',
  'connection' => 'keep-alive',
  'host' => 'www.qyice.top',
)
[ info ] [ PARAM ] array (
  '/admin/privates/passlist_html' => '',
  'page' => '1',
  'limit' => '10',
)
[ info ] [ RUN ] app\admin\controller\Privates->passList[ /www/wwwroot/blog/application/admin/controller/Privates.php ]
[ info ] [ DB ] INIT mysql
[ info ] [ LOG ] INIT File
[ sql ] [ DB ] CONNECT:[ UseTime:0.000449s ] mysql:host=127.0.0.1;port=3306;dbname=www_qyice_top;charset=utf8
[ sql ] [ SQL ] SHOW COLUMNS FROM `qy_password` [ RunTime:0.000594s ]
[ sql ] [ SQL ] SELECT * FROM `qy_password` LIMIT 0,10 [ RunTime:0.000134s ]
