---------------------------------------------------------------
[ 2018-12-28T00:03:28+08:00 ] 139.205.158.205 GET http://www.qyice.top/
[ info ] www.qyice.tophttp://www.qyice.top/ [运行时间：0.146375s][吞吐率：6.83req/s] [内存消耗：1,641.93kb] [文件加载：41]
[ info ] [ LANG ] /www/wwwroot/www.qyice.top/thinkphp/lang/zh-cn.php
[ info ] [ ROUTE ] array (
  'type' => 'module',
  'module' => 
  array (
    0 => '',
    1 => NULL,
    2 => NULL,
  ),
)
[ info ] [ HEADER ] array (
  'proxy-connection' => 'keep-alive',
  'accept' => 'text/html, image/gif, image/jpeg, *; q=.2, */*; q=.2',
  'host' => 'www.qyice.top',
  'pragma' => 'no-cache',
  'cache-control' => 'no-cache',
  'accept-encoding' => 'gzip',
  'user-agent' => 'Android Studio/171.4408382',
)
[ info ] [ PARAM ] array (
)
[ info ] [ RUN ] app\index\controller\Index->index[ /www/wwwroot/www.qyice.top/application/index/controller/Index.php ]
[ info ] [ VIEW ] /www/wwwroot/www.qyice.top/application/index/view/index/index.html [ array (
) ]
[ info ] [ LOG ] INIT File
---------------------------------------------------------------
[ 2018-12-28T00:03:30+08:00 ] 139.205.158.205 GET http://www.qyice.top/
[ info ] www.qyice.tophttp://www.qyice.top/ [运行时间：0.017140s][吞吐率：58.34req/s] [内存消耗：1,641.94kb] [文件加载：41]
[ info ] [ LANG ] /www/wwwroot/www.qyice.top/thinkphp/lang/zh-cn.php
[ info ] [ ROUTE ] array (
  'type' => 'module',
  'module' => 
  array (
    0 => '',
    1 => NULL,
    2 => NULL,
  ),
)
[ info ] [ HEADER ] array (
  'proxy-connection' => 'keep-alive',
  'accept' => 'text/html, image/gif, image/jpeg, *; q=.2, */*; q=.2',
  'host' => 'www.qyice.top',
  'pragma' => 'no-cache',
  'cache-control' => 'no-cache',
  'accept-encoding' => 'gzip',
  'user-agent' => 'Android Studio/171.4408382',
)
[ info ] [ PARAM ] array (
)
[ info ] [ RUN ] app\index\controller\Index->index[ /www/wwwroot/www.qyice.top/application/index/controller/Index.php ]
[ info ] [ VIEW ] /www/wwwroot/www.qyice.top/application/index/view/index/index.html [ array (
) ]
[ info ] [ LOG ] INIT File
---------------------------------------------------------------
[ 2018-12-28T00:03:30+08:00 ] 139.205.158.205 GET http://www.qyice.top/
[ info ] www.qyice.tophttp://www.qyice.top/ [运行时间：0.017266s][吞吐率：57.92req/s] [内存消耗：1,641.94kb] [文件加载：41]
[ info ] [ LANG ] /www/wwwroot/www.qyice.top/thinkphp/lang/zh-cn.php
[ info ] [ ROUTE ] array (
  'type' => 'module',
  'module' => 
  array (
    0 => '',
    1 => NULL,
    2 => NULL,
  ),
)
[ info ] [ HEADER ] array (
  'proxy-connection' => 'keep-alive',
  'accept' => 'text/html, image/gif, image/jpeg, *; q=.2, */*; q=.2',
  'host' => 'www.qyice.top',
  'pragma' => 'no-cache',
  'cache-control' => 'no-cache',
  'accept-encoding' => 'gzip',
  'user-agent' => 'Android Studio/171.4408382',
)
[ info ] [ PARAM ] array (
)
[ info ] [ RUN ] app\index\controller\Index->index[ /www/wwwroot/www.qyice.top/application/index/controller/Index.php ]
[ info ] [ VIEW ] /www/wwwroot/www.qyice.top/application/index/view/index/index.html [ array (
) ]
[ info ] [ LOG ] INIT File
---------------------------------------------------------------
[ 2018-12-28T00:03:30+08:00 ] 139.205.158.205 GET http://www.qyice.top/
[ info ] www.qyice.tophttp://www.qyice.top/ [运行时间：0.016053s][吞吐率：62.29req/s] [内存消耗：1,641.94kb] [文件加载：41]
[ info ] [ LANG ] /www/wwwroot/www.qyice.top/thinkphp/lang/zh-cn.php
[ info ] [ ROUTE ] array (
  'type' => 'module',
  'module' => 
  array (
    0 => '',
    1 => NULL,
    2 => NULL,
  ),
)
[ info ] [ HEADER ] array (
  'proxy-connection' => 'keep-alive',
  'accept' => 'text/html, image/gif, image/jpeg, *; q=.2, */*; q=.2',
  'host' => 'www.qyice.top',
  'pragma' => 'no-cache',
  'cache-control' => 'no-cache',
  'accept-encoding' => 'gzip',
  'user-agent' => 'Android Studio/171.4408382',
)
[ info ] [ PARAM ] array (
)
[ info ] [ RUN ] app\index\controller\Index->index[ /www/wwwroot/www.qyice.top/application/index/controller/Index.php ]
[ info ] [ VIEW ] /www/wwwroot/www.qyice.top/application/index/view/index/index.html [ array (
) ]
[ info ] [ LOG ] INIT File
---------------------------------------------------------------
[ 2018-12-28T00:03:30+08:00 ] 139.205.158.205 GET http://www.qyice.top/
[ info ] www.qyice.tophttp://www.qyice.top/ [运行时间：0.016593s][吞吐率：60.27req/s] [内存消耗：1,641.94kb] [文件加载：41]
[ info ] [ LANG ] /www/wwwroot/www.qyice.top/thinkphp/lang/zh-cn.php
[ info ] [ ROUTE ] array (
  'type' => 'module',
  'module' => 
  array (
    0 => '',
    1 => NULL,
    2 => NULL,
  ),
)
[ info ] [ HEADER ] array (
  'proxy-connection' => 'keep-alive',
  'accept' => 'text/html, image/gif, image/jpeg, *; q=.2, */*; q=.2',
  'host' => 'www.qyice.top',
  'pragma' => 'no-cache',
  'cache-control' => 'no-cache',
  'accept-encoding' => 'gzip',
  'user-agent' => 'Android Studio/171.4408382',
)
[ info ] [ PARAM ] array (
)
[ info ] [ RUN ] app\index\controller\Index->index[ /www/wwwroot/www.qyice.top/application/index/controller/Index.php ]
[ info ] [ VIEW ] /www/wwwroot/www.qyice.top/application/index/view/index/index.html [ array (
) ]
[ info ] [ LOG ] INIT File
---------------------------------------------------------------
[ 2018-12-28T00:03:31+08:00 ] 139.205.158.205 GET http://www.qyice.top/
[ info ] www.qyice.tophttp://www.qyice.top/ [运行时间：0.017308s][吞吐率：57.78req/s] [内存消耗：1,641.94kb] [文件加载：41]
[ info ] [ LANG ] /www/wwwroot/www.qyice.top/thinkphp/lang/zh-cn.php
[ info ] [ ROUTE ] array (
  'type' => 'module',
  'module' => 
  array (
    0 => '',
    1 => NULL,
    2 => NULL,
  ),
)
[ info ] [ HEADER ] array (
  'proxy-connection' => 'keep-alive',
  'accept' => 'text/html, image/gif, image/jpeg, *; q=.2, */*; q=.2',
  'host' => 'www.qyice.top',
  'pragma' => 'no-cache',
  'cache-control' => 'no-cache',
  'accept-encoding' => 'gzip',
  'user-agent' => 'Android Studio/171.4408382',
)
[ info ] [ PARAM ] array (
)
[ info ] [ RUN ] app\index\controller\Index->index[ /www/wwwroot/www.qyice.top/application/index/controller/Index.php ]
[ info ] [ VIEW ] /www/wwwroot/www.qyice.top/application/index/view/index/index.html [ array (
) ]
[ info ] [ LOG ] INIT File
---------------------------------------------------------------
[ 2018-12-28T00:03:31+08:00 ] 139.205.158.205 GET http://www.qyice.top/
[ info ] www.qyice.tophttp://www.qyice.top/ [运行时间：0.017107s][吞吐率：58.46req/s] [内存消耗：1,641.94kb] [文件加载：41]
[ info ] [ LANG ] /www/wwwroot/www.qyice.top/thinkphp/lang/zh-cn.php
[ info ] [ ROUTE ] array (
  'type' => 'module',
  'module' => 
  array (
    0 => '',
    1 => NULL,
    2 => NULL,
  ),
)
[ info ] [ HEADER ] array (
  'proxy-connection' => 'keep-alive',
  'accept' => 'text/html, image/gif, image/jpeg, *; q=.2, */*; q=.2',
  'host' => 'www.qyice.top',
  'pragma' => 'no-cache',
  'cache-control' => 'no-cache',
  'accept-encoding' => 'gzip',
  'user-agent' => 'Android Studio/171.4408382',
)
[ info ] [ PARAM ] array (
)
[ info ] [ RUN ] app\index\controller\Index->index[ /www/wwwroot/www.qyice.top/application/index/controller/Index.php ]
[ info ] [ VIEW ] /www/wwwroot/www.qyice.top/application/index/view/index/index.html [ array (
) ]
[ info ] [ LOG ] INIT File
---------------------------------------------------------------
[ 2018-12-28T00:03:32+08:00 ] 139.205.158.205 GET http://www.qyice.top/
[ info ] www.qyice.tophttp://www.qyice.top/ [运行时间：0.017169s][吞吐率：58.24req/s] [内存消耗：1,641.94kb] [文件加载：41]
[ info ] [ LANG ] /www/wwwroot/www.qyice.top/thinkphp/lang/zh-cn.php
[ info ] [ ROUTE ] array (
  'type' => 'module',
  'module' => 
  array (
    0 => '',
    1 => NULL,
    2 => NULL,
  ),
)
[ info ] [ HEADER ] array (
  'proxy-connection' => 'keep-alive',
  'accept' => 'text/html, image/gif, image/jpeg, *; q=.2, */*; q=.2',
  'host' => 'www.qyice.top',
  'pragma' => 'no-cache',
  'cache-control' => 'no-cache',
  'accept-encoding' => 'gzip',
  'user-agent' => 'Android Studio/171.4408382',
)
[ info ] [ PARAM ] array (
)
[ info ] [ RUN ] app\index\controller\Index->index[ /www/wwwroot/www.qyice.top/application/index/controller/Index.php ]
[ info ] [ VIEW ] /www/wwwroot/www.qyice.top/application/index/view/index/index.html [ array (
) ]
[ info ] [ LOG ] INIT File
---------------------------------------------------------------
[ 2018-12-28T00:03:32+08:00 ] 139.205.158.205 GET http://www.qyice.top/
[ info ] www.qyice.tophttp://www.qyice.top/ [运行时间：0.016886s][吞吐率：59.22req/s] [内存消耗：1,641.94kb] [文件加载：41]
[ info ] [ LANG ] /www/wwwroot/www.qyice.top/thinkphp/lang/zh-cn.php
[ info ] [ ROUTE ] array (
  'type' => 'module',
  'module' => 
  array (
    0 => '',
    1 => NULL,
    2 => NULL,
  ),
)
[ info ] [ HEADER ] array (
  'proxy-connection' => 'keep-alive',
  'accept' => 'text/html, image/gif, image/jpeg, *; q=.2, */*; q=.2',
  'host' => 'www.qyice.top',
  'pragma' => 'no-cache',
  'cache-control' => 'no-cache',
  'accept-encoding' => 'gzip',
  'user-agent' => 'Android Studio/171.4408382',
)
[ info ] [ PARAM ] array (
)
[ info ] [ RUN ] app\index\controller\Index->index[ /www/wwwroot/www.qyice.top/application/index/controller/Index.php ]
[ info ] [ VIEW ] /www/wwwroot/www.qyice.top/application/index/view/index/index.html [ array (
) ]
[ info ] [ LOG ] INIT File
---------------------------------------------------------------
[ 2018-12-28T00:03:33+08:00 ] 139.205.158.205 GET http://www.qyice.top/
[ info ] www.qyice.tophttp://www.qyice.top/ [运行时间：0.017336s][吞吐率：57.68req/s] [内存消耗：1,641.94kb] [文件加载：41]
[ info ] [ LANG ] /www/wwwroot/www.qyice.top/thinkphp/lang/zh-cn.php
[ info ] [ ROUTE ] array (
  'type' => 'module',
  'module' => 
  array (
    0 => '',
    1 => NULL,
    2 => NULL,
  ),
)
[ info ] [ HEADER ] array (
  'proxy-connection' => 'keep-alive',
  'accept' => 'text/html, image/gif, image/jpeg, *; q=.2, */*; q=.2',
  'host' => 'www.qyice.top',
  'pragma' => 'no-cache',
  'cache-control' => 'no-cache',
  'accept-encoding' => 'gzip',
  'user-agent' => 'Android Studio/171.4408382',
)
[ info ] [ PARAM ] array (
)
[ info ] [ RUN ] app\index\controller\Index->index[ /www/wwwroot/www.qyice.top/application/index/controller/Index.php ]
[ info ] [ VIEW ] /www/wwwroot/www.qyice.top/application/index/view/index/index.html [ array (
) ]
[ info ] [ LOG ] INIT File
---------------------------------------------------------------
[ 2018-12-28T00:03:33+08:00 ] 139.205.158.205 GET http://www.qyice.top/
[ info ] www.qyice.tophttp://www.qyice.top/ [运行时间：0.015019s][吞吐率：66.58req/s] [内存消耗：1,641.94kb] [文件加载：41]
[ info ] [ LANG ] /www/wwwroot/www.qyice.top/thinkphp/lang/zh-cn.php
[ info ] [ ROUTE ] array (
  'type' => 'module',
  'module' => 
  array (
    0 => '',
    1 => NULL,
    2 => NULL,
  ),
)
[ info ] [ HEADER ] array (
  'proxy-connection' => 'keep-alive',
  'accept' => 'text/html, image/gif, image/jpeg, *; q=.2, */*; q=.2',
  'host' => 'www.qyice.top',
  'pragma' => 'no-cache',
  'cache-control' => 'no-cache',
  'accept-encoding' => 'gzip',
  'user-agent' => 'Android Studio/171.4408382',
)
[ info ] [ PARAM ] array (
)
[ info ] [ RUN ] app\index\controller\Index->index[ /www/wwwroot/www.qyice.top/application/index/controller/Index.php ]
[ info ] [ VIEW ] /www/wwwroot/www.qyice.top/application/index/view/index/index.html [ array (
) ]
[ info ] [ LOG ] INIT File
---------------------------------------------------------------
[ 2018-12-28T00:03:33+08:00 ] 139.205.158.205 GET http://www.qyice.top/
[ info ] www.qyice.tophttp://www.qyice.top/ [运行时间：0.014980s][吞吐率：66.76req/s] [内存消耗：1,641.94kb] [文件加载：41]
[ info ] [ LANG ] /www/wwwroot/www.qyice.top/thinkphp/lang/zh-cn.php
[ info ] [ ROUTE ] array (
  'type' => 'module',
  'module' => 
  array (
    0 => '',
    1 => NULL,
    2 => NULL,
  ),
)
[ info ] [ HEADER ] array (
  'proxy-connection' => 'keep-alive',
  'accept' => 'text/html, image/gif, image/jpeg, *; q=.2, */*; q=.2',
  'host' => 'www.qyice.top',
  'pragma' => 'no-cache',
  'cache-control' => 'no-cache',
  'accept-encoding' => 'gzip',
  'user-agent' => 'Android Studio/171.4408382',
)
[ info ] [ PARAM ] array (
)
[ info ] [ RUN ] app\index\controller\Index->index[ /www/wwwroot/www.qyice.top/application/index/controller/Index.php ]
[ info ] [ VIEW ] /www/wwwroot/www.qyice.top/application/index/view/index/index.html [ array (
) ]
[ info ] [ LOG ] INIT File
---------------------------------------------------------------
[ 2018-12-28T00:03:34+08:00 ] 139.205.158.205 GET http://www.qyice.top/
[ info ] www.qyice.tophttp://www.qyice.top/ [运行时间：0.014754s][吞吐率：67.78req/s] [内存消耗：1,641.94kb] [文件加载：41]
[ info ] [ LANG ] /www/wwwroot/www.qyice.top/thinkphp/lang/zh-cn.php
[ info ] [ ROUTE ] array (
  'type' => 'module',
  'module' => 
  array (
    0 => '',
    1 => NULL,
    2 => NULL,
  ),
)
[ info ] [ HEADER ] array (
  'proxy-connection' => 'keep-alive',
  'accept' => 'text/html, image/gif, image/jpeg, *; q=.2, */*; q=.2',
  'host' => 'www.qyice.top',
  'pragma' => 'no-cache',
  'cache-control' => 'no-cache',
  'accept-encoding' => 'gzip',
  'user-agent' => 'Android Studio/171.4408382',
)
[ info ] [ PARAM ] array (
)
[ info ] [ RUN ] app\index\controller\Index->index[ /www/wwwroot/www.qyice.top/application/index/controller/Index.php ]
[ info ] [ VIEW ] /www/wwwroot/www.qyice.top/application/index/view/index/index.html [ array (
) ]
[ info ] [ LOG ] INIT File
---------------------------------------------------------------
[ 2018-12-28T00:06:42+08:00 ] 139.205.158.205 GET http://www.qyice.top/
[ info ] www.qyice.tophttp://www.qyice.top/ [运行时间：0.016062s][吞吐率：62.26req/s] [内存消耗：1,641.94kb] [文件加载：41]
[ info ] [ LANG ] /www/wwwroot/www.qyice.top/thinkphp/lang/zh-cn.php
[ info ] [ ROUTE ] array (
  'type' => 'module',
  'module' => 
  array (
    0 => '',
    1 => NULL,
    2 => NULL,
  ),
)
[ info ] [ HEADER ] array (
  'proxy-connection' => 'keep-alive',
  'accept' => 'text/html, image/gif, image/jpeg, *; q=.2, */*; q=.2',
  'host' => 'www.qyice.top',
  'pragma' => 'no-cache',
  'cache-control' => 'no-cache',
  'accept-encoding' => 'gzip',
  'user-agent' => 'Android Studio/171.4408382',
)
[ info ] [ PARAM ] array (
)
[ info ] [ RUN ] app\index\controller\Index->index[ /www/wwwroot/www.qyice.top/application/index/controller/Index.php ]
[ info ] [ VIEW ] /www/wwwroot/www.qyice.top/application/index/view/index/index.html [ array (
) ]
[ info ] [ LOG ] INIT File
---------------------------------------------------------------
[ 2018-12-28T00:06:43+08:00 ] 139.205.158.205 GET http://www.qyice.top/
[ info ] www.qyice.tophttp://www.qyice.top/ [运行时间：0.015717s][吞吐率：63.63req/s] [内存消耗：1,641.94kb] [文件加载：41]
[ info ] [ LANG ] /www/wwwroot/www.qyice.top/thinkphp/lang/zh-cn.php
[ info ] [ ROUTE ] array (
  'type' => 'module',
  'module' => 
  array (
    0 => '',
    1 => NULL,
    2 => NULL,
  ),
)
[ info ] [ HEADER ] array (
  'proxy-connection' => 'keep-alive',
  'accept' => 'text/html, image/gif, image/jpeg, *; q=.2, */*; q=.2',
  'host' => 'www.qyice.top',
  'pragma' => 'no-cache',
  'cache-control' => 'no-cache',
  'accept-encoding' => 'gzip',
  'user-agent' => 'Android Studio/171.4408382',
)
[ info ] [ PARAM ] array (
)
[ info ] [ RUN ] app\index\controller\Index->index[ /www/wwwroot/www.qyice.top/application/index/controller/Index.php ]
[ info ] [ VIEW ] /www/wwwroot/www.qyice.top/application/index/view/index/index.html [ array (
) ]
[ info ] [ LOG ] INIT File
---------------------------------------------------------------
[ 2018-12-28T00:06:43+08:00 ] 139.205.158.205 GET http://www.qyice.top/
[ info ] www.qyice.tophttp://www.qyice.top/ [运行时间：0.015845s][吞吐率：63.11req/s] [内存消耗：1,641.94kb] [文件加载：41]
[ info ] [ LANG ] /www/wwwroot/www.qyice.top/thinkphp/lang/zh-cn.php
[ info ] [ ROUTE ] array (
  'type' => 'module',
  'module' => 
  array (
    0 => '',
    1 => NULL,
    2 => NULL,
  ),
)
[ info ] [ HEADER ] array (
  'proxy-connection' => 'keep-alive',
  'accept' => 'text/html, image/gif, image/jpeg, *; q=.2, */*; q=.2',
  'host' => 'www.qyice.top',
  'pragma' => 'no-cache',
  'cache-control' => 'no-cache',
  'accept-encoding' => 'gzip',
  'user-agent' => 'Android Studio/171.4408382',
)
[ info ] [ PARAM ] array (
)
[ info ] [ RUN ] app\index\controller\Index->index[ /www/wwwroot/www.qyice.top/application/index/controller/Index.php ]
[ info ] [ VIEW ] /www/wwwroot/www.qyice.top/application/index/view/index/index.html [ array (
) ]
[ info ] [ LOG ] INIT File
---------------------------------------------------------------
[ 2018-12-28T00:06:44+08:00 ] 139.205.158.205 GET http://www.qyice.top/
[ info ] www.qyice.tophttp://www.qyice.top/ [运行时间：0.015226s][吞吐率：65.68req/s] [内存消耗：1,641.94kb] [文件加载：41]
[ info ] [ LANG ] /www/wwwroot/www.qyice.top/thinkphp/lang/zh-cn.php
[ info ] [ ROUTE ] array (
  'type' => 'module',
  'module' => 
  array (
    0 => '',
    1 => NULL,
    2 => NULL,
  ),
)
[ info ] [ HEADER ] array (
  'proxy-connection' => 'keep-alive',
  'accept' => 'text/html, image/gif, image/jpeg, *; q=.2, */*; q=.2',
  'host' => 'www.qyice.top',
  'pragma' => 'no-cache',
  'cache-control' => 'no-cache',
  'accept-encoding' => 'gzip',
  'user-agent' => 'Android Studio/171.4408382',
)
[ info ] [ PARAM ] array (
)
[ info ] [ RUN ] app\index\controller\Index->index[ /www/wwwroot/www.qyice.top/application/index/controller/Index.php ]
[ info ] [ VIEW ] /www/wwwroot/www.qyice.top/application/index/view/index/index.html [ array (
) ]
[ info ] [ LOG ] INIT File
---------------------------------------------------------------
[ 2018-12-28T00:06:44+08:00 ] 139.205.158.205 GET http://www.qyice.top/
[ info ] www.qyice.tophttp://www.qyice.top/ [运行时间：0.016732s][吞吐率：59.77req/s] [内存消耗：1,641.94kb] [文件加载：41]
[ info ] [ LANG ] /www/wwwroot/www.qyice.top/thinkphp/lang/zh-cn.php
[ info ] [ ROUTE ] array (
  'type' => 'module',
  'module' => 
  array (
    0 => '',
    1 => NULL,
    2 => NULL,
  ),
)
[ info ] [ HEADER ] array (
  'proxy-connection' => 'keep-alive',
  'accept' => 'text/html, image/gif, image/jpeg, *; q=.2, */*; q=.2',
  'host' => 'www.qyice.top',
  'pragma' => 'no-cache',
  'cache-control' => 'no-cache',
  'accept-encoding' => 'gzip',
  'user-agent' => 'Android Studio/171.4408382',
)
[ info ] [ PARAM ] array (
)
[ info ] [ RUN ] app\index\controller\Index->index[ /www/wwwroot/www.qyice.top/application/index/controller/Index.php ]
[ info ] [ VIEW ] /www/wwwroot/www.qyice.top/application/index/view/index/index.html [ array (
) ]
[ info ] [ LOG ] INIT File
---------------------------------------------------------------
[ 2018-12-28T00:06:45+08:00 ] 139.205.158.205 GET http://www.qyice.top/
[ info ] www.qyice.tophttp://www.qyice.top/ [运行时间：0.015614s][吞吐率：64.04req/s] [内存消耗：1,641.94kb] [文件加载：41]
[ info ] [ LANG ] /www/wwwroot/www.qyice.top/thinkphp/lang/zh-cn.php
[ info ] [ ROUTE ] array (
  'type' => 'module',
  'module' => 
  array (
    0 => '',
    1 => NULL,
    2 => NULL,
  ),
)
[ info ] [ HEADER ] array (
  'proxy-connection' => 'keep-alive',
  'accept' => 'text/html, image/gif, image/jpeg, *; q=.2, */*; q=.2',
  'host' => 'www.qyice.top',
  'pragma' => 'no-cache',
  'cache-control' => 'no-cache',
  'accept-encoding' => 'gzip',
  'user-agent' => 'Android Studio/171.4408382',
)
[ info ] [ PARAM ] array (
)
[ info ] [ RUN ] app\index\controller\Index->index[ /www/wwwroot/www.qyice.top/application/index/controller/Index.php ]
[ info ] [ VIEW ] /www/wwwroot/www.qyice.top/application/index/view/index/index.html [ array (
) ]
[ info ] [ LOG ] INIT File
---------------------------------------------------------------
[ 2018-12-28T00:06:46+08:00 ] 139.205.158.205 GET http://www.qyice.top/
[ info ] www.qyice.tophttp://www.qyice.top/ [运行时间：0.015287s][吞吐率：65.42req/s] [内存消耗：1,641.94kb] [文件加载：41]
[ info ] [ LANG ] /www/wwwroot/www.qyice.top/thinkphp/lang/zh-cn.php
[ info ] [ ROUTE ] array (
  'type' => 'module',
  'module' => 
  array (
    0 => '',
    1 => NULL,
    2 => NULL,
  ),
)
[ info ] [ HEADER ] array (
  'proxy-connection' => 'keep-alive',
  'accept' => 'text/html, image/gif, image/jpeg, *; q=.2, */*; q=.2',
  'host' => 'www.qyice.top',
  'pragma' => 'no-cache',
  'cache-control' => 'no-cache',
  'accept-encoding' => 'gzip',
  'user-agent' => 'Android Studio/171.4408382',
)
[ info ] [ PARAM ] array (
)
[ info ] [ RUN ] app\index\controller\Index->index[ /www/wwwroot/www.qyice.top/application/index/controller/Index.php ]
[ info ] [ VIEW ] /www/wwwroot/www.qyice.top/application/index/view/index/index.html [ array (
) ]
[ info ] [ LOG ] INIT File
---------------------------------------------------------------
[ 2018-12-28T00:06:46+08:00 ] 139.205.158.205 GET http://www.qyice.top/
[ info ] www.qyice.tophttp://www.qyice.top/ [运行时间：0.015977s][吞吐率：62.59req/s] [内存消耗：1,641.94kb] [文件加载：41]
[ info ] [ LANG ] /www/wwwroot/www.qyice.top/thinkphp/lang/zh-cn.php
[ info ] [ ROUTE ] array (
  'type' => 'module',
  'module' => 
  array (
    0 => '',
    1 => NULL,
    2 => NULL,
  ),
)
[ info ] [ HEADER ] array (
  'proxy-connection' => 'keep-alive',
  'accept' => 'text/html, image/gif, image/jpeg, *; q=.2, */*; q=.2',
  'host' => 'www.qyice.top',
  'pragma' => 'no-cache',
  'cache-control' => 'no-cache',
  'accept-encoding' => 'gzip',
  'user-agent' => 'Android Studio/171.4408382',
)
[ info ] [ PARAM ] array (
)
[ info ] [ RUN ] app\index\controller\Index->index[ /www/wwwroot/www.qyice.top/application/index/controller/Index.php ]
[ info ] [ VIEW ] /www/wwwroot/www.qyice.top/application/index/view/index/index.html [ array (
) ]
[ info ] [ LOG ] INIT File
---------------------------------------------------------------
[ 2018-12-28T00:06:46+08:00 ] 139.205.158.205 GET http://www.qyice.top/
[ info ] www.qyice.tophttp://www.qyice.top/ [运行时间：0.015434s][吞吐率：64.79req/s] [内存消耗：1,641.94kb] [文件加载：41]
[ info ] [ LANG ] /www/wwwroot/www.qyice.top/thinkphp/lang/zh-cn.php
[ info ] [ ROUTE ] array (
  'type' => 'module',
  'module' => 
  array (
    0 => '',
    1 => NULL,
    2 => NULL,
  ),
)
[ info ] [ HEADER ] array (
  'proxy-connection' => 'keep-alive',
  'accept' => 'text/html, image/gif, image/jpeg, *; q=.2, */*; q=.2',
  'host' => 'www.qyice.top',
  'pragma' => 'no-cache',
  'cache-control' => 'no-cache',
  'accept-encoding' => 'gzip',
  'user-agent' => 'Android Studio/171.4408382',
)
[ info ] [ PARAM ] array (
)
[ info ] [ RUN ] app\index\controller\Index->index[ /www/wwwroot/www.qyice.top/application/index/controller/Index.php ]
[ info ] [ VIEW ] /www/wwwroot/www.qyice.top/application/index/view/index/index.html [ array (
) ]
[ info ] [ LOG ] INIT File
---------------------------------------------------------------
[ 2018-12-28T00:06:48+08:00 ] 139.205.158.205 GET http://www.qyice.top/
[ info ] www.qyice.tophttp://www.qyice.top/ [运行时间：0.015637s][吞吐率：63.95req/s] [内存消耗：1,641.94kb] [文件加载：41]
[ info ] [ LANG ] /www/wwwroot/www.qyice.top/thinkphp/lang/zh-cn.php
[ info ] [ ROUTE ] array (
  'type' => 'module',
  'module' => 
  array (
    0 => '',
    1 => NULL,
    2 => NULL,
  ),
)
[ info ] [ HEADER ] array (
  'proxy-connection' => 'keep-alive',
  'accept' => 'text/html, image/gif, image/jpeg, *; q=.2, */*; q=.2',
  'host' => 'www.qyice.top',
  'pragma' => 'no-cache',
  'cache-control' => 'no-cache',
  'accept-encoding' => 'gzip',
  'user-agent' => 'Android Studio/171.4408382',
)
[ info ] [ PARAM ] array (
)
[ info ] [ RUN ] app\index\controller\Index->index[ /www/wwwroot/www.qyice.top/application/index/controller/Index.php ]
[ info ] [ VIEW ] /www/wwwroot/www.qyice.top/application/index/view/index/index.html [ array (
) ]
[ info ] [ LOG ] INIT File
---------------------------------------------------------------
[ 2018-12-28T00:06:48+08:00 ] 139.205.158.205 GET http://www.qyice.top/
[ info ] www.qyice.tophttp://www.qyice.top/ [运行时间：0.016061s][吞吐率：62.26req/s] [内存消耗：1,641.94kb] [文件加载：41]
[ info ] [ LANG ] /www/wwwroot/www.qyice.top/thinkphp/lang/zh-cn.php
[ info ] [ ROUTE ] array (
  'type' => 'module',
  'module' => 
  array (
    0 => '',
    1 => NULL,
    2 => NULL,
  ),
)
[ info ] [ HEADER ] array (
  'proxy-connection' => 'keep-alive',
  'accept' => 'text/html, image/gif, image/jpeg, *; q=.2, */*; q=.2',
  'host' => 'www.qyice.top',
  'pragma' => 'no-cache',
  'cache-control' => 'no-cache',
  'accept-encoding' => 'gzip',
  'user-agent' => 'Android Studio/171.4408382',
)
[ info ] [ PARAM ] array (
)
[ info ] [ RUN ] app\index\controller\Index->index[ /www/wwwroot/www.qyice.top/application/index/controller/Index.php ]
[ info ] [ VIEW ] /www/wwwroot/www.qyice.top/application/index/view/index/index.html [ array (
) ]
[ info ] [ LOG ] INIT File
---------------------------------------------------------------
[ 2018-12-28T00:06:49+08:00 ] 139.205.158.205 GET http://www.qyice.top/
[ info ] www.qyice.tophttp://www.qyice.top/ [运行时间：0.015321s][吞吐率：65.27req/s] [内存消耗：1,641.94kb] [文件加载：41]
[ info ] [ LANG ] /www/wwwroot/www.qyice.top/thinkphp/lang/zh-cn.php
[ info ] [ ROUTE ] array (
  'type' => 'module',
  'module' => 
  array (
    0 => '',
    1 => NULL,
    2 => NULL,
  ),
)
[ info ] [ HEADER ] array (
  'proxy-connection' => 'keep-alive',
  'accept' => 'text/html, image/gif, image/jpeg, *; q=.2, */*; q=.2',
  'host' => 'www.qyice.top',
  'pragma' => 'no-cache',
  'cache-control' => 'no-cache',
  'accept-encoding' => 'gzip',
  'user-agent' => 'Android Studio/171.4408382',
)
[ info ] [ PARAM ] array (
)
[ info ] [ RUN ] app\index\controller\Index->index[ /www/wwwroot/www.qyice.top/application/index/controller/Index.php ]
[ info ] [ VIEW ] /www/wwwroot/www.qyice.top/application/index/view/index/index.html [ array (
) ]
[ info ] [ LOG ] INIT File
---------------------------------------------------------------
[ 2018-12-28T04:39:11+08:00 ] 47.97.192.46 GET /
[ info ] www.qyice.top/ [运行时间：0.015940s][吞吐率：62.74req/s] [内存消耗：1,640.09kb] [文件加载：41]
[ info ] [ LANG ] /www/wwwroot/www.qyice.top/thinkphp/lang/zh-cn.php
[ info ] [ ROUTE ] array (
  'type' => 'module',
  'module' => 
  array (
    0 => '',
    1 => NULL,
    2 => NULL,
  ),
)
[ info ] [ HEADER ] array (
  'connection' => 'keep-alive',
  'accept' => 'text/html, image/gif, image/jpeg, *; q=.2, */*; q=.2',
  'host' => 'www.qyice.top',
  'user-agent' => 'Mozilla/5.0 (X11; Ubuntu; Linux x86_64; rv:36.0) Gecko/20100101 Firefox/36.0',
)
[ info ] [ PARAM ] array (
)
[ info ] [ RUN ] app\index\controller\Index->index[ /www/wwwroot/www.qyice.top/application/index/controller/Index.php ]
[ info ] [ VIEW ] /www/wwwroot/www.qyice.top/application/index/view/index/index.html [ array (
) ]
[ info ] [ LOG ] INIT File
---------------------------------------------------------------
[ 2018-12-28T04:45:30+08:00 ] 39.104.67.189 GET /Css/Pictures/Login/LoginContent.png
[ info ] www.qyice.top/Css/Pictures/Login/LoginContent.png [运行时间：0.024620s][吞吐率：40.62req/s] [内存消耗：1,321.45kb] [文件加载：35]
[ info ] [ LANG ] /www/wwwroot/www.qyice.top/thinkphp/lang/zh-cn.php
[ info ] [ ROUTE ] array (
  'type' => 'module',
  'module' => 
  array (
    0 => 'Css',
    1 => 'Pictures',
    2 => 'Login',
  ),
)
[ info ] [ HEADER ] array (
  'user-agent' => 'Python-urllib/2.7',
  'connection' => 'close',
  'host' => 'www.qyice.top',
  'accept-encoding' => 'identity',
)
[ info ] [ PARAM ] array (
  '/Css/Pictures/Login/LoginContent_png' => '',
)
[ info ] [ LOG ] INIT File
---------------------------------------------------------------
[ 2018-12-28T04:45:33+08:00 ] 47.97.192.46 GET /
[ info ] qyice.top/ [运行时间：0.015170s][吞吐率：65.92req/s] [内存消耗：1,640.05kb] [文件加载：41]
[ info ] [ LANG ] /www/wwwroot/www.qyice.top/thinkphp/lang/zh-cn.php
[ info ] [ ROUTE ] array (
  'type' => 'module',
  'module' => 
  array (
    0 => '',
    1 => NULL,
    2 => NULL,
  ),
)
[ info ] [ HEADER ] array (
  'connection' => 'keep-alive',
  'accept' => 'text/html, image/gif, image/jpeg, *; q=.2, */*; q=.2',
  'host' => 'qyice.top',
  'user-agent' => 'Mozilla/5.0 (X11; Ubuntu; Linux x86_64; rv:36.0) Gecko/20100101 Firefox/36.0',
)
[ info ] [ PARAM ] array (
)
[ info ] [ RUN ] app\index\controller\Index->index[ /www/wwwroot/www.qyice.top/application/index/controller/Index.php ]
[ info ] [ VIEW ] /www/wwwroot/www.qyice.top/application/index/view/index/index.html [ array (
) ]
[ info ] [ LOG ] INIT File
---------------------------------------------------------------
[ 2018-12-28T04:45:39+08:00 ] 39.104.67.189 GET /image/lgbg.jpg
[ info ] www.qyice.top/image/lgbg.jpg [运行时间：0.011924s][吞吐率：83.86req/s] [内存消耗：1,321.16kb] [文件加载：35]
[ info ] [ LANG ] /www/wwwroot/www.qyice.top/thinkphp/lang/zh-cn.php
[ info ] [ ROUTE ] array (
  'type' => 'module',
  'module' => 
  array (
    0 => 'image',
    1 => 'lgbg.jpg',
    2 => NULL,
  ),
)
[ info ] [ HEADER ] array (
  'user-agent' => 'Python-urllib/2.7',
  'connection' => 'close',
  'host' => 'www.qyice.top',
  'accept-encoding' => 'identity',
)
[ info ] [ PARAM ] array (
  '/image/lgbg_jpg' => '',
)
[ info ] [ LOG ] INIT File
---------------------------------------------------------------
[ 2018-12-28T04:45:46+08:00 ] 39.104.67.189 GET /images/login/login_01.jpg
[ info ] www.qyice.top/images/login/login_01.jpg [运行时间：0.012519s][吞吐率：79.88req/s] [内存消耗：1,321.36kb] [文件加载：35]
[ info ] [ LANG ] /www/wwwroot/www.qyice.top/thinkphp/lang/zh-cn.php
[ info ] [ ROUTE ] array (
  'type' => 'module',
  'module' => 
  array (
    0 => 'images',
    1 => 'login',
    2 => 'login_01.jpg',
  ),
)
[ info ] [ HEADER ] array (
  'user-agent' => 'Python-urllib/2.7',
  'connection' => 'close',
  'host' => 'www.qyice.top',
  'accept-encoding' => 'identity',
)
[ info ] [ PARAM ] array (
  '/images/login/login_01_jpg' => '',
)
[ info ] [ LOG ] INIT File
---------------------------------------------------------------
[ 2018-12-28T04:46:06+08:00 ] 39.104.67.189 GET /images/logo.png
[ info ] www.qyice.top/images/logo.png [运行时间：0.012172s][吞吐率：82.16req/s] [内存消耗：1,321.23kb] [文件加载：35]
[ info ] [ LANG ] /www/wwwroot/www.qyice.top/thinkphp/lang/zh-cn.php
[ info ] [ ROUTE ] array (
  'type' => 'module',
  'module' => 
  array (
    0 => 'images',
    1 => 'logo.png',
    2 => NULL,
  ),
)
[ info ] [ HEADER ] array (
  'user-agent' => 'Python-urllib/2.7',
  'connection' => 'close',
  'host' => 'www.qyice.top',
  'accept-encoding' => 'identity',
)
[ info ] [ PARAM ] array (
  '/images/logo_png' => '',
)
[ info ] [ LOG ] INIT File
---------------------------------------------------------------
[ 2018-12-28T04:46:09+08:00 ] 39.104.72.92 GET /
[ info ] www.qyice.top/ [运行时间：0.016950s][吞吐率：59.00req/s] [内存消耗：1,639.23kb] [文件加载：41]
[ info ] [ LANG ] /www/wwwroot/www.qyice.top/thinkphp/lang/zh-cn.php
[ info ] [ ROUTE ] array (
  'type' => 'module',
  'module' => 
  array (
    0 => '',
    1 => NULL,
    2 => NULL,
  ),
)
[ info ] [ HEADER ] array (
  'accept' => '*/*',
  'user-agent' => 'curl/7.47.0',
  'host' => 'www.qyice.top',
)
[ info ] [ PARAM ] array (
)
[ info ] [ RUN ] app\index\controller\Index->index[ /www/wwwroot/www.qyice.top/application/index/controller/Index.php ]
[ info ] [ VIEW ] /www/wwwroot/www.qyice.top/application/index/view/index/index.html [ array (
) ]
[ info ] [ LOG ] INIT File
---------------------------------------------------------------
[ 2018-12-28T04:46:09+08:00 ] 39.104.72.92 GET /
[ info ] www.qyice.top/ [运行时间：0.015918s][吞吐率：62.82req/s] [内存消耗：1,639.23kb] [文件加载：41]
[ info ] [ LANG ] /www/wwwroot/www.qyice.top/thinkphp/lang/zh-cn.php
[ info ] [ ROUTE ] array (
  'type' => 'module',
  'module' => 
  array (
    0 => '',
    1 => NULL,
    2 => NULL,
  ),
)
[ info ] [ HEADER ] array (
  'accept' => '*/*',
  'user-agent' => 'curl/7.47.0',
  'host' => 'www.qyice.top',
)
[ info ] [ PARAM ] array (
)
[ info ] [ RUN ] app\index\controller\Index->index[ /www/wwwroot/www.qyice.top/application/index/controller/Index.php ]
[ info ] [ VIEW ] /www/wwwroot/www.qyice.top/application/index/view/index/index.html [ array (
) ]
[ info ] [ LOG ] INIT File
---------------------------------------------------------------
[ 2018-12-28T04:46:10+08:00 ] 39.104.89.134 GET /onvif/device_service
[ info ] www.qyice.top/onvif/device_service [运行时间：0.013158s][吞吐率：76.00req/s] [内存消耗：1,321.83kb] [文件加载：35]
[ info ] [ LANG ] /www/wwwroot/www.qyice.top/thinkphp/lang/zh-cn.php
[ info ] [ ROUTE ] array (
  'type' => 'module',
  'module' => 
  array (
    0 => 'onvif',
    1 => 'device_service',
    2 => NULL,
  ),
)
[ info ] [ HEADER ] array (
  'soapaction' => '"http://www.onvif.org/ver10/device/wsdl/GetCapabilities"',
  'user-agent' => 'Zeep/3.1.0 (www.python-zeep.org)',
  'accept' => '*/*',
  'accept-encoding' => 'gzip, deflate',
  'connection' => 'keep-alive',
  'host' => 'www.qyice.top',
)
[ info ] [ PARAM ] array (
  '/onvif/device_service' => '',
)
[ info ] [ LOG ] INIT File
---------------------------------------------------------------
[ 2018-12-28T07:47:28+08:00 ] 64.246.178.34 GET /robots.txt
[ info ] www.qyice.top/robots.txt [运行时间：0.012906s][吞吐率：77.48req/s] [内存消耗：1,321.60kb] [文件加载：35]
[ info ] [ LANG ] /www/wwwroot/www.qyice.top/thinkphp/lang/zh-cn.php
[ info ] [ ROUTE ] array (
  'type' => 'module',
  'module' => 
  array (
    0 => 'robots.txt',
    1 => NULL,
    2 => NULL,
  ),
)
[ info ] [ HEADER ] array (
  'accept' => '*/*',
  'pragma' => 'no-cache',
  'user-agent' => 'Mozilla/5.0 (Macintosh; Intel Mac OS X 10.10; rv:59.0) Gecko/20100101 Firefox/59.0',
  'connection' => 'close',
  'accept-language' => 'en-us,fr-be;q=0.5',
  'host' => 'www.qyice.top',
)
[ info ] [ PARAM ] array (
  '/robots_txt' => '',
)
[ info ] [ LOG ] INIT File
---------------------------------------------------------------
[ 2018-12-28T07:47:29+08:00 ] 64.246.178.34 GET /
[ info ] www.qyice.top/ [运行时间：0.017772s][吞吐率：56.27req/s] [内存消耗：1,644.58kb] [文件加载：41]
[ info ] [ LANG ] /www/wwwroot/www.qyice.top/thinkphp/lang/zh-cn.php
[ info ] [ ROUTE ] array (
  'type' => 'module',
  'module' => 
  array (
    0 => '',
    1 => NULL,
    2 => NULL,
  ),
)
[ info ] [ HEADER ] array (
  'wsip' => '47.105.127.117',
  'wshost' => 'www.qyice.top',
  'user-agent' => 'Mozilla/5.0 (Macintosh; Intel Mac OS X 10.10; rv:59.0) Gecko/20100101 Firefox/59.0',
  'host' => 'www.qyice.top',
  'from' => 'feedback@surveybot.com',
  'accept-language' => 'en-us,fr-be;q=0.5',
  'accept-encoding' => 'gzip, x-gzip, deflate',
  'accept' => '*/*',
  'pragma' => 'no-cache',
  'connection' => 'close, TE',
  'te' => 'deflate,gzip;q=0.3',
)
[ info ] [ PARAM ] array (
)
[ info ] [ RUN ] app\index\controller\Index->index[ /www/wwwroot/www.qyice.top/application/index/controller/Index.php ]
[ info ] [ VIEW ] /www/wwwroot/www.qyice.top/application/index/view/index/index.html [ array (
) ]
[ info ] [ LOG ] INIT File
---------------------------------------------------------------
[ 2018-12-28T08:56:55+08:00 ] 47.101.50.252 GET /
[ info ] qyice.top/ [运行时间：0.017358s][吞吐率：57.61req/s] [内存消耗：1,642.27kb] [文件加载：41]
[ info ] [ LANG ] /www/wwwroot/www.qyice.top/thinkphp/lang/zh-cn.php
[ info ] [ ROUTE ] array (
  'type' => 'module',
  'module' => 
  array (
    0 => '',
    1 => NULL,
    2 => NULL,
  ),
)
[ info ] [ HEADER ] array (
  'accept-language' => 'zh-CN,zh;q=0.8',
  'connection' => 'keep-alive',
  'accept' => 'text/html,application/xhtml+xml,application/xml;q=0.9,image/webp,image/apng,*/*;q=0.8',
  'accept-encoding' => 'gzip, deflate',
  'user-agent' => 'Mozilla/5.0 (Windows NT 10.0; Win64; x64) AppleWebKit/537.36 (KHTML, like Gecko) Chrome/59.0.3071.115 Safari/537.36',
  'host' => 'qyice.top',
)
[ info ] [ PARAM ] array (
)
[ info ] [ RUN ] app\index\controller\Index->index[ /www/wwwroot/www.qyice.top/application/index/controller/Index.php ]
[ info ] [ VIEW ] /www/wwwroot/www.qyice.top/application/index/view/index/index.html [ array (
) ]
[ info ] [ LOG ] INIT File
---------------------------------------------------------------
[ 2018-12-28T08:56:55+08:00 ] 47.101.50.252 GET /explicit_not_exist_path
[ info ] qyice.top/explicit_not_exist_path [运行时间：0.013179s][吞吐率：75.88req/s] [内存消耗：1,322.38kb] [文件加载：35]
[ info ] [ LANG ] /www/wwwroot/www.qyice.top/thinkphp/lang/zh-cn.php
[ info ] [ ROUTE ] array (
  'type' => 'module',
  'module' => 
  array (
    0 => 'explicit_not_exist_path',
    1 => NULL,
    2 => NULL,
  ),
)
[ info ] [ HEADER ] array (
  'accept-language' => 'zh-CN,zh;q=0.8',
  'connection' => 'keep-alive',
  'accept' => 'text/html,application/xhtml+xml,application/xml;q=0.9,image/webp,image/apng,*/*;q=0.8',
  'accept-encoding' => 'gzip, deflate',
  'user-agent' => 'Mozilla/5.0 (Windows NT 10.0; Win64; x64) AppleWebKit/537.36 (KHTML, like Gecko) Chrome/59.0.3071.115 Safari/537.36',
  'host' => 'qyice.top',
)
[ info ] [ PARAM ] array (
  '/explicit_not_exist_path' => '',
)
[ info ] [ LOG ] INIT File
---------------------------------------------------------------
[ 2018-12-28T08:56:56+08:00 ] 47.101.50.252 GET /index.php
[ info ] qyice.top/index.php [运行时间：0.015193s][吞吐率：65.82req/s] [内存消耗：1,642.30kb] [文件加载：41]
[ info ] [ LANG ] /www/wwwroot/www.qyice.top/thinkphp/lang/zh-cn.php
[ info ] [ ROUTE ] array (
  'type' => 'module',
  'module' => 
  array (
    0 => '',
    1 => NULL,
    2 => NULL,
  ),
)
[ info ] [ HEADER ] array (
  'accept-language' => 'zh-CN,zh;q=0.8',
  'connection' => 'keep-alive',
  'accept' => 'text/html,application/xhtml+xml,application/xml;q=0.9,image/webp,image/apng,*/*;q=0.8',
  'accept-encoding' => 'gzip, deflate',
  'user-agent' => 'Mozilla/5.0 (Windows NT 10.0; Win64; x64) AppleWebKit/537.36 (KHTML, like Gecko) Chrome/59.0.3071.115 Safari/537.36',
  'host' => 'qyice.top',
)
[ info ] [ PARAM ] array (
)
[ info ] [ RUN ] app\index\controller\Index->index[ /www/wwwroot/www.qyice.top/application/index/controller/Index.php ]
[ info ] [ VIEW ] /www/wwwroot/www.qyice.top/application/index/view/index/index.html [ array (
) ]
[ info ] [ LOG ] INIT File
---------------------------------------------------------------
[ 2018-12-28T08:56:56+08:00 ] 47.101.50.252 GET /index.jsp
[ info ] qyice.top/index.jsp [运行时间：0.012379s][吞吐率：80.78req/s] [内存消耗：1,322.20kb] [文件加载：35]
[ info ] [ LANG ] /www/wwwroot/www.qyice.top/thinkphp/lang/zh-cn.php
[ info ] [ ROUTE ] array (
  'type' => 'module',
  'module' => 
  array (
    0 => 'index.jsp',
    1 => NULL,
    2 => NULL,
  ),
)
[ info ] [ HEADER ] array (
  'accept-language' => 'zh-CN,zh;q=0.8',
  'connection' => 'keep-alive',
  'accept' => 'text/html,application/xhtml+xml,application/xml;q=0.9,image/webp,image/apng,*/*;q=0.8',
  'accept-encoding' => 'gzip, deflate',
  'user-agent' => 'Mozilla/5.0 (Windows NT 10.0; Win64; x64) AppleWebKit/537.36 (KHTML, like Gecko) Chrome/59.0.3071.115 Safari/537.36',
  'host' => 'qyice.top',
)
[ info ] [ PARAM ] array (
  '/index_jsp' => '',
)
[ info ] [ LOG ] INIT File
---------------------------------------------------------------
[ 2018-12-28T08:56:56+08:00 ] 47.101.50.252 GET /admin/
[ info ] qyice.top/admin/ [运行时间：0.015435s][吞吐率：64.79req/s] [内存消耗：1,642.49kb] [文件加载：42]
[ info ] [ LANG ] /www/wwwroot/www.qyice.top/thinkphp/lang/zh-cn.php
[ info ] [ ROUTE ] array (
  'type' => 'module',
  'module' => 
  array (
    0 => 'admin',
    1 => NULL,
    2 => NULL,
  ),
)
[ info ] [ HEADER ] array (
  'accept-language' => 'zh-CN,zh;q=0.8',
  'connection' => 'keep-alive',
  'accept' => 'text/html,application/xhtml+xml,application/xml;q=0.9,image/webp,image/apng,*/*;q=0.8',
  'accept-encoding' => 'gzip, deflate',
  'user-agent' => 'Mozilla/5.0 (Windows NT 10.0; Win64; x64) AppleWebKit/537.36 (KHTML, like Gecko) Chrome/59.0.3071.115 Safari/537.36',
  'host' => 'qyice.top',
)
[ info ] [ PARAM ] array (
  '/admin/' => '',
)
[ info ] [ RUN ] app\admin\controller\Index->index[ /www/wwwroot/www.qyice.top/application/admin/controller/Index.php ]
[ info ] [ VIEW ] /www/wwwroot/www.qyice.top/application/admin/view/index/index.html [ array (
  0 => 'msg',
) ]
[ info ] [ LOG ] INIT File
---------------------------------------------------------------
[ 2018-12-28T08:56:56+08:00 ] 47.101.50.252 GET /favicon.ico
[ info ] qyice.top/favicon.ico [运行时间：0.012958s][吞吐率：77.17req/s] [内存消耗：1,322.20kb] [文件加载：35]
[ info ] [ LANG ] /www/wwwroot/www.qyice.top/thinkphp/lang/zh-cn.php
[ info ] [ ROUTE ] array (
  'type' => 'module',
  'module' => 
  array (
    0 => 'favicon.ico',
    1 => NULL,
    2 => NULL,
  ),
)
[ info ] [ HEADER ] array (
  'accept-language' => 'zh-CN,zh;q=0.8',
  'connection' => 'keep-alive',
  'accept' => 'text/html,application/xhtml+xml,application/xml;q=0.9,image/webp,image/apng,*/*;q=0.8',
  'accept-encoding' => 'gzip, deflate',
  'user-agent' => 'Mozilla/5.0 (Windows NT 10.0; Win64; x64) AppleWebKit/537.36 (KHTML, like Gecko) Chrome/59.0.3071.115 Safari/537.36',
  'host' => 'qyice.top',
)
[ info ] [ PARAM ] array (
  '/favicon_ico' => '',
)
[ info ] [ LOG ] INIT File
---------------------------------------------------------------
[ 2018-12-28T08:56:56+08:00 ] 47.101.50.252 GET /wp-login.php
[ info ] qyice.top/wp-login.php [运行时间：0.013491s][吞吐率：74.12req/s] [内存消耗：1,322.20kb] [文件加载：35]
[ info ] [ LANG ] /www/wwwroot/www.qyice.top/thinkphp/lang/zh-cn.php
[ info ] [ ROUTE ] array (
  'type' => 'module',
  'module' => 
  array (
    0 => 'wp-login.php',
    1 => NULL,
    2 => NULL,
  ),
)
[ info ] [ HEADER ] array (
  'accept-language' => 'zh-CN,zh;q=0.8',
  'connection' => 'keep-alive',
  'accept' => 'text/html,application/xhtml+xml,application/xml;q=0.9,image/webp,image/apng,*/*;q=0.8',
  'accept-encoding' => 'gzip, deflate',
  'user-agent' => 'Mozilla/5.0 (Windows NT 10.0; Win64; x64) AppleWebKit/537.36 (KHTML, like Gecko) Chrome/59.0.3071.115 Safari/537.36',
  'host' => 'qyice.top',
)
[ info ] [ PARAM ] array (
  '/wp-login_php' => '',
)
[ info ] [ LOG ] INIT File
---------------------------------------------------------------
[ 2018-12-28T08:56:56+08:00 ] 47.101.50.252 GET /readme.html
[ info ] qyice.top/readme.html [运行时间：0.013338s][吞吐率：74.97req/s] [内存消耗：1,322.24kb] [文件加载：35]
[ info ] [ LANG ] /www/wwwroot/www.qyice.top/thinkphp/lang/zh-cn.php
[ info ] [ ROUTE ] array (
  'type' => 'module',
  'module' => 
  array (
    0 => 'readme',
    1 => NULL,
    2 => NULL,
  ),
)
[ info ] [ HEADER ] array (
  'accept-language' => 'zh-CN,zh;q=0.8',
  'connection' => 'keep-alive',
  'accept' => 'text/html,application/xhtml+xml,application/xml;q=0.9,image/webp,image/apng,*/*;q=0.8',
  'accept-encoding' => 'gzip, deflate',
  'user-agent' => 'Mozilla/5.0 (Windows NT 10.0; Win64; x64) AppleWebKit/537.36 (KHTML, like Gecko) Chrome/59.0.3071.115 Safari/537.36',
  'host' => 'qyice.top',
)
[ info ] [ PARAM ] array (
  '/readme_html' => '',
)
[ info ] [ LOG ] INIT File
---------------------------------------------------------------
[ 2018-12-28T08:56:57+08:00 ] 47.101.50.252 GET /license.txt
[ info ] qyice.top/license.txt [运行时间：0.013128s][吞吐率：76.17req/s] [内存消耗：1,322.20kb] [文件加载：35]
[ info ] [ LANG ] /www/wwwroot/www.qyice.top/thinkphp/lang/zh-cn.php
[ info ] [ ROUTE ] array (
  'type' => 'module',
  'module' => 
  array (
    0 => 'license.txt',
    1 => NULL,
    2 => NULL,
  ),
)
[ info ] [ HEADER ] array (
  'accept-language' => 'zh-CN,zh;q=0.8',
  'connection' => 'keep-alive',
  'accept' => 'text/html,application/xhtml+xml,application/xml;q=0.9,image/webp,image/apng,*/*;q=0.8',
  'accept-encoding' => 'gzip, deflate',
  'user-agent' => 'Mozilla/5.0 (Windows NT 10.0; Win64; x64) AppleWebKit/537.36 (KHTML, like Gecko) Chrome/59.0.3071.115 Safari/537.36',
  'host' => 'qyice.top',
)
[ info ] [ PARAM ] array (
  '/license_txt' => '',
)
[ info ] [ LOG ] INIT File
---------------------------------------------------------------
[ 2018-12-28T08:56:57+08:00 ] 47.101.50.252 GET /wp-includes/js/wplink.js
[ info ] qyice.top/wp-includes/js/wplink.js [运行时间：0.012716s][吞吐率：78.64req/s] [内存消耗：1,322.48kb] [文件加载：35]
[ info ] [ LANG ] /www/wwwroot/www.qyice.top/thinkphp/lang/zh-cn.php
[ info ] [ ROUTE ] array (
  'type' => 'module',
  'module' => 
  array (
    0 => 'wp-includes',
    1 => 'js',
    2 => 'wplink.js',
  ),
)
[ info ] [ HEADER ] array (
  'accept-language' => 'zh-CN,zh;q=0.8',
  'connection' => 'keep-alive',
  'accept' => 'text/html,application/xhtml+xml,application/xml;q=0.9,image/webp,image/apng,*/*;q=0.8',
  'accept-encoding' => 'gzip, deflate',
  'user-agent' => 'Mozilla/5.0 (Windows NT 10.0; Win64; x64) AppleWebKit/537.36 (KHTML, like Gecko) Chrome/59.0.3071.115 Safari/537.36',
  'host' => 'qyice.top',
)
[ info ] [ PARAM ] array (
  '/wp-includes/js/wplink_js' => '',
)
[ info ] [ LOG ] INIT File
---------------------------------------------------------------
[ 2018-12-28T08:56:57+08:00 ] 47.101.50.252 GET /wp-admin/js/customize-controls.js
[ info ] qyice.top/wp-admin/js/customize-controls.js [运行时间：0.013615s][吞吐率：73.45req/s] [内存消耗：1,322.61kb] [文件加载：35]
[ info ] [ LANG ] /www/wwwroot/www.qyice.top/thinkphp/lang/zh-cn.php
[ info ] [ ROUTE ] array (
  'type' => 'module',
  'module' => 
  array (
    0 => 'wp-admin',
    1 => 'js',
    2 => 'customize-controls.js',
  ),
)
[ info ] [ HEADER ] array (
  'accept-language' => 'zh-CN,zh;q=0.8',
  'connection' => 'keep-alive',
  'accept' => 'text/html,application/xhtml+xml,application/xml;q=0.9,image/webp,image/apng,*/*;q=0.8',
  'accept-encoding' => 'gzip, deflate',
  'user-agent' => 'Mozilla/5.0 (Windows NT 10.0; Win64; x64) AppleWebKit/537.36 (KHTML, like Gecko) Chrome/59.0.3071.115 Safari/537.36',
  'host' => 'qyice.top',
)
[ info ] [ PARAM ] array (
  '/wp-admin/js/customize-controls_js' => '',
)
[ info ] [ LOG ] INIT File
---------------------------------------------------------------
[ 2018-12-28T08:56:57+08:00 ] 47.101.50.252 GET /wp-admin/js/nav-menu.js
[ info ] qyice.top/wp-admin/js/nav-menu.js [运行时间：0.013260s][吞吐率：75.41req/s] [内存消耗：1,322.46kb] [文件加载：35]
[ info ] [ LANG ] /www/wwwroot/www.qyice.top/thinkphp/lang/zh-cn.php
[ info ] [ ROUTE ] array (
  'type' => 'module',
  'module' => 
  array (
    0 => 'wp-admin',
    1 => 'js',
    2 => 'nav-menu.js',
  ),
)
[ info ] [ HEADER ] array (
  'accept-language' => 'zh-CN,zh;q=0.8',
  'connection' => 'keep-alive',
  'accept' => 'text/html,application/xhtml+xml,application/xml;q=0.9,image/webp,image/apng,*/*;q=0.8',
  'accept-encoding' => 'gzip, deflate',
  'user-agent' => 'Mozilla/5.0 (Windows NT 10.0; Win64; x64) AppleWebKit/537.36 (KHTML, like Gecko) Chrome/59.0.3071.115 Safari/537.36',
  'host' => 'qyice.top',
)
[ info ] [ PARAM ] array (
  '/wp-admin/js/nav-menu_js' => '',
)
[ info ] [ LOG ] INIT File
---------------------------------------------------------------
[ 2018-12-28T08:56:57+08:00 ] 47.101.50.252 GET /wp-includes/js/plupload/handlers.js
[ info ] qyice.top/wp-includes/js/plupload/handlers.js [运行时间：0.013112s][吞吐率：76.27req/s] [内存消耗：1,322.57kb] [文件加载：35]
[ info ] [ LANG ] /www/wwwroot/www.qyice.top/thinkphp/lang/zh-cn.php
[ info ] [ ROUTE ] array (
  'type' => 'module',
  'module' => 
  array (
    0 => 'wp-includes',
    1 => 'js',
    2 => 'plupload',
  ),
)
[ info ] [ HEADER ] array (
  'accept-language' => 'zh-CN,zh;q=0.8',
  'connection' => 'keep-alive',
  'accept' => 'text/html,application/xhtml+xml,application/xml;q=0.9,image/webp,image/apng,*/*;q=0.8',
  'accept-encoding' => 'gzip, deflate',
  'user-agent' => 'Mozilla/5.0 (Windows NT 10.0; Win64; x64) AppleWebKit/537.36 (KHTML, like Gecko) Chrome/59.0.3071.115 Safari/537.36',
  'host' => 'qyice.top',
)
[ info ] [ PARAM ] array (
  '/wp-includes/js/plupload/handlers_js' => '',
)
[ info ] [ LOG ] INIT File
---------------------------------------------------------------
[ 2018-12-28T08:56:57+08:00 ] 47.101.50.252 GET /wp-includes/js/tinymce/wp-tinymce.js.gz
[ info ] qyice.top/wp-includes/js/tinymce/wp-tinymce.js.gz [运行时间：0.013733s][吞吐率：72.82req/s] [内存消耗：1,322.91kb] [文件加载：35]
[ info ] [ LANG ] /www/wwwroot/www.qyice.top/thinkphp/lang/zh-cn.php
[ info ] [ ROUTE ] array (
  'type' => 'module',
  'module' => 
  array (
    0 => 'wp-includes',
    1 => 'js',
    2 => 'tinymce',
  ),
)
[ info ] [ HEADER ] array (
  'accept-language' => 'zh-CN,zh;q=0.8',
  'connection' => 'keep-alive',
  'accept' => 'text/html,application/xhtml+xml,application/xml;q=0.9,image/webp,image/apng,*/*;q=0.8',
  'accept-encoding' => 'gzip, deflate',
  'user-agent' => 'Mozilla/5.0 (Windows NT 10.0; Win64; x64) AppleWebKit/537.36 (KHTML, like Gecko) Chrome/59.0.3071.115 Safari/537.36',
  'host' => 'qyice.top',
)
[ info ] [ PARAM ] array (
  '/wp-includes/js/tinymce/wp-tinymce_js_gz' => '',
)
[ info ] [ LOG ] INIT File
---------------------------------------------------------------
[ 2018-12-28T08:56:57+08:00 ] 47.101.50.252 GET /robots.txt
[ info ] qyice.top/robots.txt [运行时间：0.013059s][吞吐率：76.58req/s] [内存消耗：1,322.20kb] [文件加载：35]
[ info ] [ LANG ] /www/wwwroot/www.qyice.top/thinkphp/lang/zh-cn.php
[ info ] [ ROUTE ] array (
  'type' => 'module',
  'module' => 
  array (
    0 => 'robots.txt',
    1 => NULL,
    2 => NULL,
  ),
)
[ info ] [ HEADER ] array (
  'accept-language' => 'zh-CN,zh;q=0.8',
  'connection' => 'keep-alive',
  'accept' => 'text/html,application/xhtml+xml,application/xml;q=0.9,image/webp,image/apng,*/*;q=0.8',
  'accept-encoding' => 'gzip, deflate',
  'user-agent' => 'Mozilla/5.0 (Windows NT 10.0; Win64; x64) AppleWebKit/537.36 (KHTML, like Gecko) Chrome/59.0.3071.115 Safari/537.36',
  'host' => 'qyice.top',
)
[ info ] [ PARAM ] array (
  '/robots_txt' => '',
)
[ info ] [ LOG ] INIT File
---------------------------------------------------------------
[ 2018-12-28T08:56:57+08:00 ] 47.101.50.252 GET /README
[ info ] qyice.top/README [运行时间：0.012799s][吞吐率：78.13req/s] [内存消耗：1,322.12kb] [文件加载：35]
[ info ] [ LANG ] /www/wwwroot/www.qyice.top/thinkphp/lang/zh-cn.php
[ info ] [ ROUTE ] array (
  'type' => 'module',
  'module' => 
  array (
    0 => 'README',
    1 => NULL,
    2 => NULL,
  ),
)
[ info ] [ HEADER ] array (
  'accept-language' => 'zh-CN,zh;q=0.8',
  'connection' => 'keep-alive',
  'accept' => 'text/html,application/xhtml+xml,application/xml;q=0.9,image/webp,image/apng,*/*;q=0.8',
  'accept-encoding' => 'gzip, deflate',
  'user-agent' => 'Mozilla/5.0 (Windows NT 10.0; Win64; x64) AppleWebKit/537.36 (KHTML, like Gecko) Chrome/59.0.3071.115 Safari/537.36',
  'host' => 'qyice.top',
)
[ info ] [ PARAM ] array (
  '/README' => '',
)
[ info ] [ LOG ] INIT File
---------------------------------------------------------------
[ 2018-12-28T08:56:57+08:00 ] 47.101.50.252 GET /solr/
[ info ] qyice.top/solr/ [运行时间：0.013359s][吞吐率：74.86req/s] [内存消耗：1,322.14kb] [文件加载：35]
[ info ] [ LANG ] /www/wwwroot/www.qyice.top/thinkphp/lang/zh-cn.php
[ info ] [ ROUTE ] array (
  'type' => 'module',
  'module' => 
  array (
    0 => 'solr',
    1 => NULL,
    2 => NULL,
  ),
)
[ info ] [ HEADER ] array (
  'accept-language' => 'zh-CN,zh;q=0.8',
  'connection' => 'keep-alive',
  'accept' => 'text/html,application/xhtml+xml,application/xml;q=0.9,image/webp,image/apng,*/*;q=0.8',
  'accept-encoding' => 'gzip, deflate',
  'user-agent' => 'Mozilla/5.0 (Windows NT 10.0; Win64; x64) AppleWebKit/537.36 (KHTML, like Gecko) Chrome/59.0.3071.115 Safari/537.36',
  'host' => 'qyice.top',
)
[ info ] [ PARAM ] array (
  '/solr/' => '',
)
[ info ] [ LOG ] INIT File
---------------------------------------------------------------
[ 2018-12-28T08:56:57+08:00 ] 47.101.50.252 GET /wcm/
[ info ] qyice.top/wcm/ [运行时间：0.012942s][吞吐率：77.27req/s] [内存消耗：1,322.14kb] [文件加载：35]
[ info ] [ LANG ] /www/wwwroot/www.qyice.top/thinkphp/lang/zh-cn.php
[ info ] [ ROUTE ] array (
  'type' => 'module',
  'module' => 
  array (
    0 => 'wcm',
    1 => NULL,
    2 => NULL,
  ),
)
[ info ] [ HEADER ] array (
  'accept-language' => 'zh-CN,zh;q=0.8',
  'connection' => 'keep-alive',
  'accept' => 'text/html,application/xhtml+xml,application/xml;q=0.9,image/webp,image/apng,*/*;q=0.8',
  'accept-encoding' => 'gzip, deflate',
  'user-agent' => 'Mozilla/5.0 (Windows NT 10.0; Win64; x64) AppleWebKit/537.36 (KHTML, like Gecko) Chrome/59.0.3071.115 Safari/537.36',
  'host' => 'qyice.top',
)
[ info ] [ PARAM ] array (
  '/wcm/' => '',
)
[ info ] [ LOG ] INIT File
---------------------------------------------------------------
[ 2018-12-28T08:56:57+08:00 ] 47.101.50.252 GET /phpMyAdmin/
[ info ] qyice.top/phpMyAdmin/ [运行时间：0.012223s][吞吐率：81.81req/s] [内存消耗：1,322.24kb] [文件加载：35]
[ info ] [ LANG ] /www/wwwroot/www.qyice.top/thinkphp/lang/zh-cn.php
[ info ] [ ROUTE ] array (
  'type' => 'module',
  'module' => 
  array (
    0 => 'phpMyAdmin',
    1 => NULL,
    2 => NULL,
  ),
)
[ info ] [ HEADER ] array (
  'accept-language' => 'zh-CN,zh;q=0.8',
  'connection' => 'keep-alive',
  'accept' => 'text/html,application/xhtml+xml,application/xml;q=0.9,image/webp,image/apng,*/*;q=0.8',
  'accept-encoding' => 'gzip, deflate',
  'user-agent' => 'Mozilla/5.0 (Windows NT 10.0; Win64; x64) AppleWebKit/537.36 (KHTML, like Gecko) Chrome/59.0.3071.115 Safari/537.36',
  'host' => 'qyice.top',
)
[ info ] [ PARAM ] array (
  '/phpMyAdmin/' => '',
)
[ info ] [ LOG ] INIT File
---------------------------------------------------------------
[ 2018-12-28T08:56:57+08:00 ] 47.101.50.252 GET /phpmyadmin/
[ info ] qyice.top/phpmyadmin/ [运行时间：0.012030s][吞吐率：83.13req/s] [内存消耗：1,322.24kb] [文件加载：35]
[ info ] [ LANG ] /www/wwwroot/www.qyice.top/thinkphp/lang/zh-cn.php
[ info ] [ ROUTE ] array (
  'type' => 'module',
  'module' => 
  array (
    0 => 'phpmyadmin',
    1 => NULL,
    2 => NULL,
  ),
)
[ info ] [ HEADER ] array (
  'accept-language' => 'zh-CN,zh;q=0.8',
  'connection' => 'keep-alive',
  'accept' => 'text/html,application/xhtml+xml,application/xml;q=0.9,image/webp,image/apng,*/*;q=0.8',
  'accept-encoding' => 'gzip, deflate',
  'user-agent' => 'Mozilla/5.0 (Windows NT 10.0; Win64; x64) AppleWebKit/537.36 (KHTML, like Gecko) Chrome/59.0.3071.115 Safari/537.36',
  'host' => 'qyice.top',
)
[ info ] [ PARAM ] array (
  '/phpmyadmin/' => '',
)
[ info ] [ LOG ] INIT File
---------------------------------------------------------------
[ 2018-12-28T08:56:57+08:00 ] 47.101.50.252 GET /pma/
[ info ] qyice.top/pma/ [运行时间：0.012055s][吞吐率：82.95req/s] [内存消耗：1,322.14kb] [文件加载：35]
[ info ] [ LANG ] /www/wwwroot/www.qyice.top/thinkphp/lang/zh-cn.php
[ info ] [ ROUTE ] array (
  'type' => 'module',
  'module' => 
  array (
    0 => 'pma',
    1 => NULL,
    2 => NULL,
  ),
)
[ info ] [ HEADER ] array (
  'accept-language' => 'zh-CN,zh;q=0.8',
  'connection' => 'keep-alive',
  'accept' => 'text/html,application/xhtml+xml,application/xml;q=0.9,image/webp,image/apng,*/*;q=0.8',
  'accept-encoding' => 'gzip, deflate',
  'user-agent' => 'Mozilla/5.0 (Windows NT 10.0; Win64; x64) AppleWebKit/537.36 (KHTML, like Gecko) Chrome/59.0.3071.115 Safari/537.36',
  'host' => 'qyice.top',
)
[ info ] [ PARAM ] array (
  '/pma/' => '',
)
[ info ] [ LOG ] INIT File
---------------------------------------------------------------
[ 2018-12-28T09:51:30+08:00 ] 101.132.162.248 GET /
[ info ] www.qyice.top/ [运行时间：0.016245s][吞吐率：61.56req/s] [内存消耗：1,639.76kb] [文件加载：41]
[ info ] [ LANG ] /www/wwwroot/www.qyice.top/thinkphp/lang/zh-cn.php
[ info ] [ ROUTE ] array (
  'type' => 'module',
  'module' => 
  array (
    0 => '',
    1 => NULL,
    2 => NULL,
  ),
)
[ info ] [ HEADER ] array (
  'connection' => 'keep-alive',
  'accept' => 'text/html, image/gif, image/jpeg, *; q=.2, */*; q=.2',
  'host' => 'www.qyice.top',
  'user-agent' => 'android',
)
[ info ] [ PARAM ] array (
)
[ info ] [ RUN ] app\index\controller\Index->index[ /www/wwwroot/www.qyice.top/application/index/controller/Index.php ]
[ info ] [ VIEW ] /www/wwwroot/www.qyice.top/application/index/view/index/index.html [ array (
) ]
[ info ] [ LOG ] INIT File
---------------------------------------------------------------
[ 2018-12-28T10:56:33+08:00 ] 106.15.186.63 GET /
[ info ] www.qyice.top/ [运行时间：0.015654s][吞吐率：63.88req/s] [内存消耗：1,639.98kb] [文件加载：41]
[ info ] [ LANG ] /www/wwwroot/www.qyice.top/thinkphp/lang/zh-cn.php
[ info ] [ ROUTE ] array (
  'type' => 'module',
  'module' => 
  array (
    0 => '',
    1 => NULL,
    2 => NULL,
  ),
)
[ info ] [ HEADER ] array (
  'connection' => 'keep-alive',
  'accept' => 'text/html, image/gif, image/jpeg, *; q=.2, */*; q=.2',
  'host' => 'www.qyice.top',
  'user-agent' => 'Mozilla/5.0 (Linux; Android 4.1.1; Nexus 7 Build/JRO03D))',
)
[ info ] [ PARAM ] array (
)
[ info ] [ RUN ] app\index\controller\Index->index[ /www/wwwroot/www.qyice.top/application/index/controller/Index.php ]
[ info ] [ VIEW ] /www/wwwroot/www.qyice.top/application/index/view/index/index.html [ array (
) ]
[ info ] [ LOG ] INIT File
---------------------------------------------------------------
[ 2018-12-28T13:51:28+08:00 ] 60.191.52.254 GET http://www.qyice.top/
[ info ] www.qyice.tophttp://www.qyice.top/ [运行时间：0.016820s][吞吐率：59.45req/s] [内存消耗：1,641.91kb] [文件加载：41]
[ info ] [ LANG ] /www/wwwroot/www.qyice.top/thinkphp/lang/zh-cn.php
[ info ] [ ROUTE ] array (
  'type' => 'module',
  'module' => 
  array (
    0 => '',
    1 => NULL,
    2 => NULL,
  ),
)
[ info ] [ HEADER ] array (
  'proxy-connection' => 'keep-alive',
  'accept' => 'text/html, image/gif, image/jpeg, *; q=.2, */*; q=.2',
  'host' => 'www.qyice.top',
  'user-agent' => 'Mozilla/5.0 (Macintosh; Intel Mac OS X 10_11_6) AppleWebKit/537.36 (KHTML, like Gecko) Chrome/53.0.2785.143 Safari/537.36',
  'accept-encoding' => 'gzip',
)
[ info ] [ PARAM ] array (
)
[ info ] [ RUN ] app\index\controller\Index->index[ /www/wwwroot/www.qyice.top/application/index/controller/Index.php ]
[ info ] [ VIEW ] /www/wwwroot/www.qyice.top/application/index/view/index/index.html [ array (
) ]
[ info ] [ LOG ] INIT File
---------------------------------------------------------------
[ 2018-12-28T13:56:17+08:00 ] 192.168.128.116 GET /
[ info ] www.qyice.top/ [运行时间：0.015149s][吞吐率：66.01req/s] [内存消耗：1,642.22kb] [文件加载：41]
[ info ] [ LANG ] /www/wwwroot/www.qyice.top/thinkphp/lang/zh-cn.php
[ info ] [ ROUTE ] array (
  'type' => 'module',
  'module' => 
  array (
    0 => '',
    1 => NULL,
    2 => NULL,
  ),
)
[ info ] [ HEADER ] array (
  'connection' => 'keep-alive',
  'cache-control' => 'max-age=259200',
  'x-forwarded-for' => '192.168.128.116',
  'via' => '1.1 localhost (squid/3.1.23)',
  'accept-encoding' => 'gzip,deflate',
  'host' => 'www.qyice.top',
  'user-agent' => 'Mozilla/5.0 (Windows NT 6.1; WOW64) AppleWebKit/537.36 (KHTML, like Gecko) Chrome/54.0.2840.99 Safari/537.36',
)
[ info ] [ PARAM ] array (
)
[ info ] [ RUN ] app\index\controller\Index->index[ /www/wwwroot/www.qyice.top/application/index/controller/Index.php ]
[ info ] [ VIEW ] /www/wwwroot/www.qyice.top/application/index/view/index/index.html [ array (
) ]
[ info ] [ LOG ] INIT File
---------------------------------------------------------------
[ 2018-12-28T16:35:14+08:00 ] 47.101.50.252 GET /
[ info ] www.qyice.top/ [运行时间：0.016536s][吞吐率：60.47req/s] [内存消耗：1,642.30kb] [文件加载：41]
[ info ] [ LANG ] /www/wwwroot/www.qyice.top/thinkphp/lang/zh-cn.php
[ info ] [ ROUTE ] array (
  'type' => 'module',
  'module' => 
  array (
    0 => '',
    1 => NULL,
    2 => NULL,
  ),
)
[ info ] [ HEADER ] array (
  'accept-language' => 'zh-CN,zh;q=0.8',
  'connection' => 'keep-alive',
  'accept' => 'text/html,application/xhtml+xml,application/xml;q=0.9,image/webp,image/apng,*/*;q=0.8',
  'accept-encoding' => 'gzip, deflate',
  'user-agent' => 'Mozilla/5.0 (Windows NT 10.0; Win64; x64) AppleWebKit/537.36 (KHTML, like Gecko) Chrome/59.0.3071.115 Safari/537.36',
  'host' => 'www.qyice.top',
)
[ info ] [ PARAM ] array (
)
[ info ] [ RUN ] app\index\controller\Index->index[ /www/wwwroot/www.qyice.top/application/index/controller/Index.php ]
[ info ] [ VIEW ] /www/wwwroot/www.qyice.top/application/index/view/index/index.html [ array (
) ]
[ info ] [ LOG ] INIT File
---------------------------------------------------------------
[ 2018-12-28T16:35:14+08:00 ] 47.101.50.252 GET /explicit_not_exist_path
[ info ] www.qyice.top/explicit_not_exist_path [运行时间：0.013727s][吞吐率：72.85req/s] [内存消耗：1,322.41kb] [文件加载：35]
[ info ] [ LANG ] /www/wwwroot/www.qyice.top/thinkphp/lang/zh-cn.php
[ info ] [ ROUTE ] array (
  'type' => 'module',
  'module' => 
  array (
    0 => 'explicit_not_exist_path',
    1 => NULL,
    2 => NULL,
  ),
)
[ info ] [ HEADER ] array (
  'accept-language' => 'zh-CN,zh;q=0.8',
  'connection' => 'keep-alive',
  'accept' => 'text/html,application/xhtml+xml,application/xml;q=0.9,image/webp,image/apng,*/*;q=0.8',
  'accept-encoding' => 'gzip, deflate',
  'user-agent' => 'Mozilla/5.0 (Windows NT 10.0; Win64; x64) AppleWebKit/537.36 (KHTML, like Gecko) Chrome/59.0.3071.115 Safari/537.36',
  'host' => 'www.qyice.top',
)
[ info ] [ PARAM ] array (
  '/explicit_not_exist_path' => '',
)
[ info ] [ LOG ] INIT File
---------------------------------------------------------------
[ 2018-12-28T16:35:15+08:00 ] 47.101.50.252 GET /index.php
[ info ] www.qyice.top/index.php [运行时间：0.016547s][吞吐率：60.43req/s] [内存消耗：1,642.34kb] [文件加载：41]
[ info ] [ LANG ] /www/wwwroot/www.qyice.top/thinkphp/lang/zh-cn.php
[ info ] [ ROUTE ] array (
  'type' => 'module',
  'module' => 
  array (
    0 => '',
    1 => NULL,
    2 => NULL,
  ),
)
[ info ] [ HEADER ] array (
  'accept-language' => 'zh-CN,zh;q=0.8',
  'connection' => 'keep-alive',
  'accept' => 'text/html,application/xhtml+xml,application/xml;q=0.9,image/webp,image/apng,*/*;q=0.8',
  'accept-encoding' => 'gzip, deflate',
  'user-agent' => 'Mozilla/5.0 (Windows NT 10.0; Win64; x64) AppleWebKit/537.36 (KHTML, like Gecko) Chrome/59.0.3071.115 Safari/537.36',
  'host' => 'www.qyice.top',
)
[ info ] [ PARAM ] array (
)
[ info ] [ RUN ] app\index\controller\Index->index[ /www/wwwroot/www.qyice.top/application/index/controller/Index.php ]
[ info ] [ VIEW ] /www/wwwroot/www.qyice.top/application/index/view/index/index.html [ array (
) ]
[ info ] [ LOG ] INIT File
---------------------------------------------------------------
[ 2018-12-28T16:35:15+08:00 ] 47.101.50.252 GET /index.jsp
[ info ] www.qyice.top/index.jsp [运行时间：0.012575s][吞吐率：79.52req/s] [内存消耗：1,322.23kb] [文件加载：35]
[ info ] [ LANG ] /www/wwwroot/www.qyice.top/thinkphp/lang/zh-cn.php
[ info ] [ ROUTE ] array (
  'type' => 'module',
  'module' => 
  array (
    0 => 'index.jsp',
    1 => NULL,
    2 => NULL,
  ),
)
[ info ] [ HEADER ] array (
  'accept-language' => 'zh-CN,zh;q=0.8',
  'connection' => 'keep-alive',
  'accept' => 'text/html,application/xhtml+xml,application/xml;q=0.9,image/webp,image/apng,*/*;q=0.8',
  'accept-encoding' => 'gzip, deflate',
  'user-agent' => 'Mozilla/5.0 (Windows NT 10.0; Win64; x64) AppleWebKit/537.36 (KHTML, like Gecko) Chrome/59.0.3071.115 Safari/537.36',
  'host' => 'www.qyice.top',
)
[ info ] [ PARAM ] array (
  '/index_jsp' => '',
)
[ info ] [ LOG ] INIT File
---------------------------------------------------------------
[ 2018-12-28T16:35:15+08:00 ] 47.101.50.252 GET /admin/
[ info ] www.qyice.top/admin/ [运行时间：0.017790s][吞吐率：56.21req/s] [内存消耗：1,642.52kb] [文件加载：42]
[ info ] [ LANG ] /www/wwwroot/www.qyice.top/thinkphp/lang/zh-cn.php
[ info ] [ ROUTE ] array (
  'type' => 'module',
  'module' => 
  array (
    0 => 'admin',
    1 => NULL,
    2 => NULL,
  ),
)
[ info ] [ HEADER ] array (
  'accept-language' => 'zh-CN,zh;q=0.8',
  'connection' => 'keep-alive',
  'accept' => 'text/html,application/xhtml+xml,application/xml;q=0.9,image/webp,image/apng,*/*;q=0.8',
  'accept-encoding' => 'gzip, deflate',
  'user-agent' => 'Mozilla/5.0 (Windows NT 10.0; Win64; x64) AppleWebKit/537.36 (KHTML, like Gecko) Chrome/59.0.3071.115 Safari/537.36',
  'host' => 'www.qyice.top',
)
[ info ] [ PARAM ] array (
  '/admin/' => '',
)
[ info ] [ RUN ] app\admin\controller\Index->index[ /www/wwwroot/www.qyice.top/application/admin/controller/Index.php ]
[ info ] [ VIEW ] /www/wwwroot/www.qyice.top/application/admin/view/index/index.html [ array (
  0 => 'msg',
) ]
[ info ] [ LOG ] INIT File
---------------------------------------------------------------
[ 2018-12-28T16:35:16+08:00 ] 47.101.50.252 GET /favicon.ico
[ info ] www.qyice.top/favicon.ico [运行时间：0.012162s][吞吐率：82.22req/s] [内存消耗：1,322.24kb] [文件加载：35]
[ info ] [ LANG ] /www/wwwroot/www.qyice.top/thinkphp/lang/zh-cn.php
[ info ] [ ROUTE ] array (
  'type' => 'module',
  'module' => 
  array (
    0 => 'favicon.ico',
    1 => NULL,
    2 => NULL,
  ),
)
[ info ] [ HEADER ] array (
  'accept-language' => 'zh-CN,zh;q=0.8',
  'connection' => 'keep-alive',
  'accept' => 'text/html,application/xhtml+xml,application/xml;q=0.9,image/webp,image/apng,*/*;q=0.8',
  'accept-encoding' => 'gzip, deflate',
  'user-agent' => 'Mozilla/5.0 (Windows NT 10.0; Win64; x64) AppleWebKit/537.36 (KHTML, like Gecko) Chrome/59.0.3071.115 Safari/537.36',
  'host' => 'www.qyice.top',
)
[ info ] [ PARAM ] array (
  '/favicon_ico' => '',
)
[ info ] [ LOG ] INIT File
---------------------------------------------------------------
[ 2018-12-28T16:35:16+08:00 ] 47.101.50.252 GET /wp-login.php
[ info ] www.qyice.top/wp-login.php [运行时间：0.014062s][吞吐率：71.11req/s] [内存消耗：1,322.24kb] [文件加载：35]
[ info ] [ LANG ] /www/wwwroot/www.qyice.top/thinkphp/lang/zh-cn.php
[ info ] [ ROUTE ] array (
  'type' => 'module',
  'module' => 
  array (
    0 => 'wp-login.php',
    1 => NULL,
    2 => NULL,
  ),
)
[ info ] [ HEADER ] array (
  'accept-language' => 'zh-CN,zh;q=0.8',
  'connection' => 'keep-alive',
  'accept' => 'text/html,application/xhtml+xml,application/xml;q=0.9,image/webp,image/apng,*/*;q=0.8',
  'accept-encoding' => 'gzip, deflate',
  'user-agent' => 'Mozilla/5.0 (Windows NT 10.0; Win64; x64) AppleWebKit/537.36 (KHTML, like Gecko) Chrome/59.0.3071.115 Safari/537.36',
  'host' => 'www.qyice.top',
)
[ info ] [ PARAM ] array (
  '/wp-login_php' => '',
)
[ info ] [ LOG ] INIT File
---------------------------------------------------------------
[ 2018-12-28T16:35:16+08:00 ] 47.101.50.252 GET /readme.html
[ info ] www.qyice.top/readme.html [运行时间：0.012617s][吞吐率：79.26req/s] [内存消耗：1,322.28kb] [文件加载：35]
[ info ] [ LANG ] /www/wwwroot/www.qyice.top/thinkphp/lang/zh-cn.php
[ info ] [ ROUTE ] array (
  'type' => 'module',
  'module' => 
  array (
    0 => 'readme',
    1 => NULL,
    2 => NULL,
  ),
)
[ info ] [ HEADER ] array (
  'accept-language' => 'zh-CN,zh;q=0.8',
  'connection' => 'keep-alive',
  'accept' => 'text/html,application/xhtml+xml,application/xml;q=0.9,image/webp,image/apng,*/*;q=0.8',
  'accept-encoding' => 'gzip, deflate',
  'user-agent' => 'Mozilla/5.0 (Windows NT 10.0; Win64; x64) AppleWebKit/537.36 (KHTML, like Gecko) Chrome/59.0.3071.115 Safari/537.36',
  'host' => 'www.qyice.top',
)
[ info ] [ PARAM ] array (
  '/readme_html' => '',
)
[ info ] [ LOG ] INIT File
---------------------------------------------------------------
[ 2018-12-28T16:35:16+08:00 ] 47.101.50.252 GET /license.txt
[ info ] www.qyice.top/license.txt [运行时间：0.013020s][吞吐率：76.80req/s] [内存消耗：1,322.24kb] [文件加载：35]
[ info ] [ LANG ] /www/wwwroot/www.qyice.top/thinkphp/lang/zh-cn.php
[ info ] [ ROUTE ] array (
  'type' => 'module',
  'module' => 
  array (
    0 => 'license.txt',
    1 => NULL,
    2 => NULL,
  ),
)
[ info ] [ HEADER ] array (
  'accept-language' => 'zh-CN,zh;q=0.8',
  'connection' => 'keep-alive',
  'accept' => 'text/html,application/xhtml+xml,application/xml;q=0.9,image/webp,image/apng,*/*;q=0.8',
  'accept-encoding' => 'gzip, deflate',
  'user-agent' => 'Mozilla/5.0 (Windows NT 10.0; Win64; x64) AppleWebKit/537.36 (KHTML, like Gecko) Chrome/59.0.3071.115 Safari/537.36',
  'host' => 'www.qyice.top',
)
[ info ] [ PARAM ] array (
  '/license_txt' => '',
)
[ info ] [ LOG ] INIT File
---------------------------------------------------------------
[ 2018-12-28T16:35:16+08:00 ] 47.101.50.252 GET /wp-includes/js/wplink.js
[ info ] www.qyice.top/wp-includes/js/wplink.js [运行时间：0.013299s][吞吐率：75.19req/s] [内存消耗：1,322.52kb] [文件加载：35]
[ info ] [ LANG ] /www/wwwroot/www.qyice.top/thinkphp/lang/zh-cn.php
[ info ] [ ROUTE ] array (
  'type' => 'module',
  'module' => 
  array (
    0 => 'wp-includes',
    1 => 'js',
    2 => 'wplink.js',
  ),
)
[ info ] [ HEADER ] array (
  'accept-language' => 'zh-CN,zh;q=0.8',
  'connection' => 'keep-alive',
  'accept' => 'text/html,application/xhtml+xml,application/xml;q=0.9,image/webp,image/apng,*/*;q=0.8',
  'accept-encoding' => 'gzip, deflate',
  'user-agent' => 'Mozilla/5.0 (Windows NT 10.0; Win64; x64) AppleWebKit/537.36 (KHTML, like Gecko) Chrome/59.0.3071.115 Safari/537.36',
  'host' => 'www.qyice.top',
)
[ info ] [ PARAM ] array (
  '/wp-includes/js/wplink_js' => '',
)
[ info ] [ LOG ] INIT File
---------------------------------------------------------------
[ 2018-12-28T16:35:16+08:00 ] 47.101.50.252 GET /wp-admin/js/customize-controls.js
[ info ] www.qyice.top/wp-admin/js/customize-controls.js [运行时间：0.013000s][吞吐率：76.92req/s] [内存消耗：1,322.64kb] [文件加载：35]
[ info ] [ LANG ] /www/wwwroot/www.qyice.top/thinkphp/lang/zh-cn.php
[ info ] [ ROUTE ] array (
  'type' => 'module',
  'module' => 
  array (
    0 => 'wp-admin',
    1 => 'js',
    2 => 'customize-controls.js',
  ),
)
[ info ] [ HEADER ] array (
  'accept-language' => 'zh-CN,zh;q=0.8',
  'connection' => 'keep-alive',
  'accept' => 'text/html,application/xhtml+xml,application/xml;q=0.9,image/webp,image/apng,*/*;q=0.8',
  'accept-encoding' => 'gzip, deflate',
  'user-agent' => 'Mozilla/5.0 (Windows NT 10.0; Win64; x64) AppleWebKit/537.36 (KHTML, like Gecko) Chrome/59.0.3071.115 Safari/537.36',
  'host' => 'www.qyice.top',
)
[ info ] [ PARAM ] array (
  '/wp-admin/js/customize-controls_js' => '',
)
[ info ] [ LOG ] INIT File
---------------------------------------------------------------
[ 2018-12-28T16:35:16+08:00 ] 47.101.50.252 GET /wp-admin/js/nav-menu.js
[ info ] www.qyice.top/wp-admin/js/nav-menu.js [运行时间：0.012489s][吞吐率：80.07req/s] [内存消耗：1,322.49kb] [文件加载：35]
[ info ] [ LANG ] /www/wwwroot/www.qyice.top/thinkphp/lang/zh-cn.php
[ info ] [ ROUTE ] array (
  'type' => 'module',
  'module' => 
  array (
    0 => 'wp-admin',
    1 => 'js',
    2 => 'nav-menu.js',
  ),
)
[ info ] [ HEADER ] array (
  'accept-language' => 'zh-CN,zh;q=0.8',
  'connection' => 'keep-alive',
  'accept' => 'text/html,application/xhtml+xml,application/xml;q=0.9,image/webp,image/apng,*/*;q=0.8',
  'accept-encoding' => 'gzip, deflate',
  'user-agent' => 'Mozilla/5.0 (Windows NT 10.0; Win64; x64) AppleWebKit/537.36 (KHTML, like Gecko) Chrome/59.0.3071.115 Safari/537.36',
  'host' => 'www.qyice.top',
)
[ info ] [ PARAM ] array (
  '/wp-admin/js/nav-menu_js' => '',
)
[ info ] [ LOG ] INIT File
---------------------------------------------------------------
[ 2018-12-28T16:35:16+08:00 ] 47.101.50.252 GET /wp-includes/js/plupload/handlers.js
[ info ] www.qyice.top/wp-includes/js/plupload/handlers.js [运行时间：0.013870s][吞吐率：72.10req/s] [内存消耗：1,322.60kb] [文件加载：35]
[ info ] [ LANG ] /www/wwwroot/www.qyice.top/thinkphp/lang/zh-cn.php
[ info ] [ ROUTE ] array (
  'type' => 'module',
  'module' => 
  array (
    0 => 'wp-includes',
    1 => 'js',
    2 => 'plupload',
  ),
)
[ info ] [ HEADER ] array (
  'accept-language' => 'zh-CN,zh;q=0.8',
  'connection' => 'keep-alive',
  'accept' => 'text/html,application/xhtml+xml,application/xml;q=0.9,image/webp,image/apng,*/*;q=0.8',
  'accept-encoding' => 'gzip, deflate',
  'user-agent' => 'Mozilla/5.0 (Windows NT 10.0; Win64; x64) AppleWebKit/537.36 (KHTML, like Gecko) Chrome/59.0.3071.115 Safari/537.36',
  'host' => 'www.qyice.top',
)
[ info ] [ PARAM ] array (
  '/wp-includes/js/plupload/handlers_js' => '',
)
[ info ] [ LOG ] INIT File
---------------------------------------------------------------
[ 2018-12-28T16:35:16+08:00 ] 47.101.50.252 GET /wp-includes/js/tinymce/wp-tinymce.js.gz
[ info ] www.qyice.top/wp-includes/js/tinymce/wp-tinymce.js.gz [运行时间：0.013355s][吞吐率：74.88req/s] [内存消耗：1,322.94kb] [文件加载：35]
[ info ] [ LANG ] /www/wwwroot/www.qyice.top/thinkphp/lang/zh-cn.php
[ info ] [ ROUTE ] array (
  'type' => 'module',
  'module' => 
  array (
    0 => 'wp-includes',
    1 => 'js',
    2 => 'tinymce',
  ),
)
[ info ] [ HEADER ] array (
  'accept-language' => 'zh-CN,zh;q=0.8',
  'connection' => 'keep-alive',
  'accept' => 'text/html,application/xhtml+xml,application/xml;q=0.9,image/webp,image/apng,*/*;q=0.8',
  'accept-encoding' => 'gzip, deflate',
  'user-agent' => 'Mozilla/5.0 (Windows NT 10.0; Win64; x64) AppleWebKit/537.36 (KHTML, like Gecko) Chrome/59.0.3071.115 Safari/537.36',
  'host' => 'www.qyice.top',
)
[ info ] [ PARAM ] array (
  '/wp-includes/js/tinymce/wp-tinymce_js_gz' => '',
)
[ info ] [ LOG ] INIT File
---------------------------------------------------------------
[ 2018-12-28T16:35:16+08:00 ] 47.101.50.252 GET /robots.txt
[ info ] www.qyice.top/robots.txt [运行时间：0.013608s][吞吐率：73.49req/s] [内存消耗：1,322.24kb] [文件加载：35]
[ info ] [ LANG ] /www/wwwroot/www.qyice.top/thinkphp/lang/zh-cn.php
[ info ] [ ROUTE ] array (
  'type' => 'module',
  'module' => 
  array (
    0 => 'robots.txt',
    1 => NULL,
    2 => NULL,
  ),
)
[ info ] [ HEADER ] array (
  'accept-language' => 'zh-CN,zh;q=0.8',
  'connection' => 'keep-alive',
  'accept' => 'text/html,application/xhtml+xml,application/xml;q=0.9,image/webp,image/apng,*/*;q=0.8',
  'accept-encoding' => 'gzip, deflate',
  'user-agent' => 'Mozilla/5.0 (Windows NT 10.0; Win64; x64) AppleWebKit/537.36 (KHTML, like Gecko) Chrome/59.0.3071.115 Safari/537.36',
  'host' => 'www.qyice.top',
)
[ info ] [ PARAM ] array (
  '/robots_txt' => '',
)
[ info ] [ LOG ] INIT File
---------------------------------------------------------------
[ 2018-12-28T16:35:16+08:00 ] 47.101.50.252 GET /README
[ info ] www.qyice.top/README [运行时间：0.013015s][吞吐率：76.83req/s] [内存消耗：1,322.15kb] [文件加载：35]
[ info ] [ LANG ] /www/wwwroot/www.qyice.top/thinkphp/lang/zh-cn.php
[ info ] [ ROUTE ] array (
  'type' => 'module',
  'module' => 
  array (
    0 => 'README',
    1 => NULL,
    2 => NULL,
  ),
)
[ info ] [ HEADER ] array (
  'accept-language' => 'zh-CN,zh;q=0.8',
  'connection' => 'keep-alive',
  'accept' => 'text/html,application/xhtml+xml,application/xml;q=0.9,image/webp,image/apng,*/*;q=0.8',
  'accept-encoding' => 'gzip, deflate',
  'user-agent' => 'Mozilla/5.0 (Windows NT 10.0; Win64; x64) AppleWebKit/537.36 (KHTML, like Gecko) Chrome/59.0.3071.115 Safari/537.36',
  'host' => 'www.qyice.top',
)
[ info ] [ PARAM ] array (
  '/README' => '',
)
[ info ] [ LOG ] INIT File
---------------------------------------------------------------
[ 2018-12-28T16:35:17+08:00 ] 47.101.50.252 GET /solr/
[ info ] www.qyice.top/solr/ [运行时间：0.013452s][吞吐率：74.34req/s] [内存消耗：1,322.18kb] [文件加载：35]
[ info ] [ LANG ] /www/wwwroot/www.qyice.top/thinkphp/lang/zh-cn.php
[ info ] [ ROUTE ] array (
  'type' => 'module',
  'module' => 
  array (
    0 => 'solr',
    1 => NULL,
    2 => NULL,
  ),
)
[ info ] [ HEADER ] array (
  'accept-language' => 'zh-CN,zh;q=0.8',
  'connection' => 'keep-alive',
  'accept' => 'text/html,application/xhtml+xml,application/xml;q=0.9,image/webp,image/apng,*/*;q=0.8',
  'accept-encoding' => 'gzip, deflate',
  'user-agent' => 'Mozilla/5.0 (Windows NT 10.0; Win64; x64) AppleWebKit/537.36 (KHTML, like Gecko) Chrome/59.0.3071.115 Safari/537.36',
  'host' => 'www.qyice.top',
)
[ info ] [ PARAM ] array (
  '/solr/' => '',
)
[ info ] [ LOG ] INIT File
---------------------------------------------------------------
[ 2018-12-28T16:35:17+08:00 ] 47.101.50.252 GET /wcm/
[ info ] www.qyice.top/wcm/ [运行时间：0.012570s][吞吐率：79.56req/s] [内存消耗：1,322.18kb] [文件加载：35]
[ info ] [ LANG ] /www/wwwroot/www.qyice.top/thinkphp/lang/zh-cn.php
[ info ] [ ROUTE ] array (
  'type' => 'module',
  'module' => 
  array (
    0 => 'wcm',
    1 => NULL,
    2 => NULL,
  ),
)
[ info ] [ HEADER ] array (
  'accept-language' => 'zh-CN,zh;q=0.8',
  'connection' => 'keep-alive',
  'accept' => 'text/html,application/xhtml+xml,application/xml;q=0.9,image/webp,image/apng,*/*;q=0.8',
  'accept-encoding' => 'gzip, deflate',
  'user-agent' => 'Mozilla/5.0 (Windows NT 10.0; Win64; x64) AppleWebKit/537.36 (KHTML, like Gecko) Chrome/59.0.3071.115 Safari/537.36',
  'host' => 'www.qyice.top',
)
[ info ] [ PARAM ] array (
  '/wcm/' => '',
)
[ info ] [ LOG ] INIT File
---------------------------------------------------------------
[ 2018-12-28T16:35:17+08:00 ] 47.101.50.252 GET /phpMyAdmin/
[ info ] www.qyice.top/phpMyAdmin/ [运行时间：0.013004s][吞吐率：76.90req/s] [内存消耗：1,322.28kb] [文件加载：35]
[ info ] [ LANG ] /www/wwwroot/www.qyice.top/thinkphp/lang/zh-cn.php
[ info ] [ ROUTE ] array (
  'type' => 'module',
  'module' => 
  array (
    0 => 'phpMyAdmin',
    1 => NULL,
    2 => NULL,
  ),
)
[ info ] [ HEADER ] array (
  'accept-language' => 'zh-CN,zh;q=0.8',
  'connection' => 'keep-alive',
  'accept' => 'text/html,application/xhtml+xml,application/xml;q=0.9,image/webp,image/apng,*/*;q=0.8',
  'accept-encoding' => 'gzip, deflate',
  'user-agent' => 'Mozilla/5.0 (Windows NT 10.0; Win64; x64) AppleWebKit/537.36 (KHTML, like Gecko) Chrome/59.0.3071.115 Safari/537.36',
  'host' => 'www.qyice.top',
)
[ info ] [ PARAM ] array (
  '/phpMyAdmin/' => '',
)
[ info ] [ LOG ] INIT File
---------------------------------------------------------------
[ 2018-12-28T16:35:17+08:00 ] 47.101.50.252 GET /phpmyadmin/
[ info ] www.qyice.top/phpmyadmin/ [运行时间：0.012270s][吞吐率：81.50req/s] [内存消耗：1,322.28kb] [文件加载：35]
[ info ] [ LANG ] /www/wwwroot/www.qyice.top/thinkphp/lang/zh-cn.php
[ info ] [ ROUTE ] array (
  'type' => 'module',
  'module' => 
  array (
    0 => 'phpmyadmin',
    1 => NULL,
    2 => NULL,
  ),
)
[ info ] [ HEADER ] array (
  'accept-language' => 'zh-CN,zh;q=0.8',
  'connection' => 'keep-alive',
  'accept' => 'text/html,application/xhtml+xml,application/xml;q=0.9,image/webp,image/apng,*/*;q=0.8',
  'accept-encoding' => 'gzip, deflate',
  'user-agent' => 'Mozilla/5.0 (Windows NT 10.0; Win64; x64) AppleWebKit/537.36 (KHTML, like Gecko) Chrome/59.0.3071.115 Safari/537.36',
  'host' => 'www.qyice.top',
)
[ info ] [ PARAM ] array (
  '/phpmyadmin/' => '',
)
[ info ] [ LOG ] INIT File
---------------------------------------------------------------
[ 2018-12-28T16:35:17+08:00 ] 47.101.50.252 GET /pma/
[ info ] www.qyice.top/pma/ [运行时间：0.012700s][吞吐率：78.74req/s] [内存消耗：1,322.18kb] [文件加载：35]
[ info ] [ LANG ] /www/wwwroot/www.qyice.top/thinkphp/lang/zh-cn.php
[ info ] [ ROUTE ] array (
  'type' => 'module',
  'module' => 
  array (
    0 => 'pma',
    1 => NULL,
    2 => NULL,
  ),
)
[ info ] [ HEADER ] array (
  'accept-language' => 'zh-CN,zh;q=0.8',
  'connection' => 'keep-alive',
  'accept' => 'text/html,application/xhtml+xml,application/xml;q=0.9,image/webp,image/apng,*/*;q=0.8',
  'accept-encoding' => 'gzip, deflate',
  'user-agent' => 'Mozilla/5.0 (Windows NT 10.0; Win64; x64) AppleWebKit/537.36 (KHTML, like Gecko) Chrome/59.0.3071.115 Safari/537.36',
  'host' => 'www.qyice.top',
)
[ info ] [ PARAM ] array (
  '/pma/' => '',
)
[ info ] [ LOG ] INIT File
---------------------------------------------------------------
[ 2018-12-28T16:47:51+08:00 ] 59.36.119.226 GET /
[ info ] www.qyice.top/ [运行时间：0.016483s][吞吐率：60.67req/s] [内存消耗：1,642.38kb] [文件加载：41]
[ info ] [ LANG ] /www/wwwroot/www.qyice.top/thinkphp/lang/zh-cn.php
[ info ] [ ROUTE ] array (
  'type' => 'module',
  'module' => 
  array (
    0 => '',
    1 => NULL,
    2 => NULL,
  ),
)
[ info ] [ HEADER ] array (
  'connection' => 'Close',
  'user-agent' => 'Mozilla/5.0 (iPhone; CPU iPhone OS 9_3_4 like Mac OS X) AppleWebKit/601.1.46 (KHTML, like Gecko) Mobile/13G35 QQ/6.5.3.410 V1_IPH_SQ_6.5.3_1_APP_A Pixel/750 Core/UIWebView NetType/2G Mem/117',
  'accept-language' => 'zh-cn',
  'accept' => '*/*',
  'referer' => 'http://47.105.127.117/',
  'accept-encoding' => 'deflate, gzip',
  'host' => 'www.qyice.top',
)
[ info ] [ PARAM ] array (
)
[ info ] [ RUN ] app\index\controller\Index->index[ /www/wwwroot/www.qyice.top/application/index/controller/Index.php ]
[ info ] [ VIEW ] /www/wwwroot/www.qyice.top/application/index/view/index/index.html [ array (
) ]
[ info ] [ LOG ] INIT File
---------------------------------------------------------------
[ 2018-12-28T16:48:50+08:00 ] 61.129.6.174 GET /
[ info ] www.qyice.top/ [运行时间：0.014718s][吞吐率：67.94req/s] [内存消耗：1,641.92kb] [文件加载：41]
[ info ] [ LANG ] /www/wwwroot/www.qyice.top/thinkphp/lang/zh-cn.php
[ info ] [ ROUTE ] array (
  'type' => 'module',
  'module' => 
  array (
    0 => '',
    1 => NULL,
    2 => NULL,
  ),
)
[ info ] [ HEADER ] array (
  'connection' => 'keep-alive',
  'host' => 'www.qyice.top',
  'accept-language' => 'zh-CN,zh;q=0.8,en-US;q=0.6,en;q=0.4',
  'referer' => 'http://47.105.127.117/',
  'accept' => '*/*',
  'user-agent' => 'Mozilla/5.0 (Windows NT 6.1; WOW64) AppleWebKit/537.36 (KHTML, like Gecko) Chrome/45.0.2454.101 Safari/537.36',
)
[ info ] [ PARAM ] array (
)
[ info ] [ RUN ] app\index\controller\Index->index[ /www/wwwroot/www.qyice.top/application/index/controller/Index.php ]
[ info ] [ VIEW ] /www/wwwroot/www.qyice.top/application/index/view/index/index.html [ array (
) ]
[ info ] [ LOG ] INIT File
---------------------------------------------------------------
[ 2018-12-28T16:52:01+08:00 ] 222.209.84.138 GET http://www.qyice.top/
[ info ] www.qyice.tophttp://www.qyice.top/ [运行时间：0.016663s][吞吐率：60.01req/s] [内存消耗：1,641.66kb] [文件加载：41]
[ info ] [ LANG ] /www/wwwroot/www.qyice.top/thinkphp/lang/zh-cn.php
[ info ] [ ROUTE ] array (
  'type' => 'module',
  'module' => 
  array (
    0 => '',
    1 => NULL,
    2 => NULL,
  ),
)
[ info ] [ HEADER ] array (
  'proxy-connection' => 'Keep-Alive',
  'host' => 'www.qyice.top',
  'user-agent' => 'Mozilla/4.0 (compatible; MSIE 6.0; Windows NT 5.2; .NET CLR 1.1.4322)',
  'content-type' => 'application/x-www-form-urlencoded',
  'accept' => 'text/html, application/xhtml+xml, */*',
)
[ info ] [ PARAM ] array (
)
[ info ] [ RUN ] app\index\controller\Index->index[ /www/wwwroot/www.qyice.top/application/index/controller/Index.php ]
[ info ] [ VIEW ] /www/wwwroot/www.qyice.top/application/index/view/index/index.html [ array (
) ]
[ info ] [ LOG ] INIT File
---------------------------------------------------------------
[ 2018-12-28T17:38:37+08:00 ] 101.91.60.107 GET /
[ info ] www.qyice.top/ [运行时间：0.015529s][吞吐率：64.40req/s] [内存消耗：1,642.42kb] [文件加载：41]
[ info ] [ LANG ] /www/wwwroot/www.qyice.top/thinkphp/lang/zh-cn.php
[ info ] [ ROUTE ] array (
  'type' => 'module',
  'module' => 
  array (
    0 => '',
    1 => NULL,
    2 => NULL,
  ),
)
[ info ] [ HEADER ] array (
  'connection' => 'keep-alive',
  'host' => 'www.qyice.top',
  'accept-language' => 'en,*',
  'accept-encoding' => 'gzip, deflate',
  'user-agent' => 'Mozilla/5.0 (Linux; U; Android 4.4.4; zh-cn; MX4 Pro Build/KTU84P) AppleWebKit/534.30 (KHTML, like Gecko) Version/4.0 Mobile Safari/534.30',
  'referer' => '',
  'accept' => 'text/html,application/xhtml+xml,application/xml;q=0.9,*/*;q=0.8',
)
[ info ] [ PARAM ] array (
)
[ info ] [ RUN ] app\index\controller\Index->index[ /www/wwwroot/www.qyice.top/application/index/controller/Index.php ]
[ info ] [ VIEW ] /www/wwwroot/www.qyice.top/application/index/view/index/index.html [ array (
) ]
[ info ] [ LOG ] INIT File
---------------------------------------------------------------
[ 2018-12-28T17:56:55+08:00 ] 47.100.104.184 GET /
[ info ] www.qyice.top/ [运行时间：0.015589s][吞吐率：64.15req/s] [内存消耗：1,639.98kb] [文件加载：41]
[ info ] [ LANG ] /www/wwwroot/www.qyice.top/thinkphp/lang/zh-cn.php
[ info ] [ ROUTE ] array (
  'type' => 'module',
  'module' => 
  array (
    0 => '',
    1 => NULL,
    2 => NULL,
  ),
)
[ info ] [ HEADER ] array (
  'connection' => 'keep-alive',
  'accept' => 'text/html, image/gif, image/jpeg, *; q=.2, */*; q=.2',
  'host' => 'www.qyice.top',
  'user-agent' => 'Mozilla/5.0 (Linux; Android 4.1.1; Nexus 7 Build/JRO03D))',
)
[ info ] [ PARAM ] array (
)
[ info ] [ RUN ] app\index\controller\Index->index[ /www/wwwroot/www.qyice.top/application/index/controller/Index.php ]
[ info ] [ VIEW ] /www/wwwroot/www.qyice.top/application/index/view/index/index.html [ array (
) ]
[ info ] [ LOG ] INIT File
---------------------------------------------------------------
[ 2018-12-28T18:01:28+08:00 ] 101.132.131.7 GET /
[ info ] www.qyice.top/ [运行时间：0.015579s][吞吐率：64.19req/s] [内存消耗：1,639.98kb] [文件加载：41]
[ info ] [ LANG ] /www/wwwroot/www.qyice.top/thinkphp/lang/zh-cn.php
[ info ] [ ROUTE ] array (
  'type' => 'module',
  'module' => 
  array (
    0 => '',
    1 => NULL,
    2 => NULL,
  ),
)
[ info ] [ HEADER ] array (
  'connection' => 'keep-alive',
  'accept' => 'text/html, image/gif, image/jpeg, *; q=.2, */*; q=.2',
  'host' => 'www.qyice.top',
  'user-agent' => 'Mozilla/5.0 (Linux; Android 4.1.1; Nexus 7 Build/JRO03D))',
)
[ info ] [ PARAM ] array (
)
[ info ] [ RUN ] app\index\controller\Index->index[ /www/wwwroot/www.qyice.top/application/index/controller/Index.php ]
[ info ] [ VIEW ] /www/wwwroot/www.qyice.top/application/index/view/index/index.html [ array (
) ]
[ info ] [ LOG ] INIT File
---------------------------------------------------------------
[ 2018-12-28T18:04:57+08:00 ] 47.98.34.250 GET /
[ info ] qyice.top/ [运行时间：0.014601s][吞吐率：68.49req/s] [内存消耗：1,639.95kb] [文件加载：41]
[ info ] [ LANG ] /www/wwwroot/www.qyice.top/thinkphp/lang/zh-cn.php
[ info ] [ ROUTE ] array (
  'type' => 'module',
  'module' => 
  array (
    0 => '',
    1 => NULL,
    2 => NULL,
  ),
)
[ info ] [ HEADER ] array (
  'connection' => 'keep-alive',
  'accept' => 'text/html, image/gif, image/jpeg, *; q=.2, */*; q=.2',
  'host' => 'qyice.top',
  'user-agent' => 'Mozilla/5.0 (Linux; Android 4.1.1; Nexus 7 Build/JRO03D))',
)
[ info ] [ PARAM ] array (
)
[ info ] [ RUN ] app\index\controller\Index->index[ /www/wwwroot/www.qyice.top/application/index/controller/Index.php ]
[ info ] [ VIEW ] /www/wwwroot/www.qyice.top/application/index/view/index/index.html [ array (
) ]
[ info ] [ LOG ] INIT File
---------------------------------------------------------------
[ 2018-12-28T20:11:27+08:00 ] 192.168.129.34 GET /
[ info ] www.qyice.top/ [运行时间：0.016575s][吞吐率：60.33req/s] [内存消耗：1,642.24kb] [文件加载：41]
[ info ] [ LANG ] /www/wwwroot/www.qyice.top/thinkphp/lang/zh-cn.php
[ info ] [ ROUTE ] array (
  'type' => 'module',
  'module' => 
  array (
    0 => '',
    1 => NULL,
    2 => NULL,
  ),
)
[ info ] [ HEADER ] array (
  'connection' => 'keep-alive',
  'cache-control' => 'max-age=259200',
  'x-forwarded-for' => '192.168.129.34',
  'via' => '1.1 crawler.slave15 (squid/3.1.23)',
  'accept-encoding' => 'gzip,deflate',
  'host' => 'www.qyice.top',
  'user-agent' => 'Mozilla/5.0 (Windows NT 6.1; WOW64) AppleWebKit/537.36 (KHTML, like Gecko) Chrome/54.0.2840.99 Safari/537.36',
)
[ info ] [ PARAM ] array (
)
[ info ] [ RUN ] app\index\controller\Index->index[ /www/wwwroot/www.qyice.top/application/index/controller/Index.php ]
[ info ] [ VIEW ] /www/wwwroot/www.qyice.top/application/index/view/index/index.html [ array (
) ]
[ info ] [ LOG ] INIT File
