---------------------------------------------------------------
[ 2018-12-30T00:55:59+08:00 ] 60.170.122.185 GET /
[ info ] www.qyice.top/ [运行时间：0.015131s][吞吐率：66.09req/s] [内存消耗：1,641.68kb] [文件加载：41]
[ info ] [ LANG ] /www/wwwroot/www.qyice.top/thinkphp/lang/zh-cn.php
[ info ] [ ROUTE ] array (
  'type' => 'module',
  'module' => 
  array (
    0 => '',
    1 => NULL,
    2 => NULL,
  ),
)
[ info ] [ HEADER ] array (
  'accept-encoding' => 'gzip',
  'referer' => 'http://47.105.127.117:80/',
  'connection' => 'close',
  'user-agent' => 'Mozilla/5.0 (Windows NT 6.1) AppleWebKit/537.36 (KHTML, like Gecko) Chrome/38.0.2125.122 Safari/537.36 SE 2.X MetaSr 1.0',
  'host' => 'www.qyice.top',
)
[ info ] [ PARAM ] array (
)
[ info ] [ RUN ] app\index\controller\Index->index[ /www/wwwroot/www.qyice.top/application/index/controller/Index.php ]
[ info ] [ VIEW ] /www/wwwroot/www.qyice.top/application/index/view/index/index.html [ array (
) ]
[ info ] [ LOG ] INIT File
---------------------------------------------------------------
[ 2018-12-30T01:56:18+08:00 ] 151.217.177.130 GET /
[ info ] www.qyice.top/ [运行时间：0.014790s][吞吐率：67.61req/s] [内存消耗：1,641.09kb] [文件加载：41]
[ info ] [ LANG ] /www/wwwroot/www.qyice.top/thinkphp/lang/zh-cn.php
[ info ] [ ROUTE ] array (
  'type' => 'module',
  'module' => 
  array (
    0 => '',
    1 => NULL,
    2 => NULL,
  ),
)
[ info ] [ HEADER ] array (
  'accept-encoding' => 'gzip',
  'referer' => 'http://47.105.127.117:80/',
  'accept' => '*/*',
  'user-agent' => 'Mozilla/5.0 zgrab/0.x',
  'host' => 'www.qyice.top',
)
[ info ] [ PARAM ] array (
)
[ info ] [ RUN ] app\index\controller\Index->index[ /www/wwwroot/www.qyice.top/application/index/controller/Index.php ]
[ info ] [ VIEW ] /www/wwwroot/www.qyice.top/application/index/view/index/index.html [ array (
) ]
[ info ] [ LOG ] INIT File
---------------------------------------------------------------
[ 2018-12-30T07:46:30+08:00 ] 93.174.95.106 GET /
[ info ] www.qyice.top/ [运行时间：0.014803s][吞吐率：67.55req/s] [内存消耗：1,640.31kb] [文件加载：41]
[ info ] [ LANG ] /www/wwwroot/www.qyice.top/thinkphp/lang/zh-cn.php
[ info ] [ ROUTE ] array (
  'type' => 'module',
  'module' => 
  array (
    0 => '',
    1 => NULL,
    2 => NULL,
  ),
)
[ info ] [ HEADER ] array (
  'user-agent' => 'Mozilla/5.0 (Windows NT 6.1) AppleWebKit/537.36 (KHTML, like Gecko) Chrome/41.0.2228.0 Safari/537.36',
  'accept' => 'text/html,application/xhtml+xml,application/xml;q=0.9,*/*;q=0.8',
  'host' => 'www.qyice.top',
  'accept-encoding' => 'identity',
)
[ info ] [ PARAM ] array (
)
[ info ] [ RUN ] app\index\controller\Index->index[ /www/wwwroot/www.qyice.top/application/index/controller/Index.php ]
[ info ] [ VIEW ] /www/wwwroot/www.qyice.top/application/index/view/index/index.html [ array (
) ]
[ info ] [ LOG ] INIT File
---------------------------------------------------------------
[ 2018-12-30T07:46:31+08:00 ] 93.174.95.106 GET /robots.txt
[ info ] www.qyice.top/robots.txt [运行时间：0.012427s][吞吐率：80.47req/s] [内存消耗：1,319.13kb] [文件加载：35]
[ info ] [ LANG ] /www/wwwroot/www.qyice.top/thinkphp/lang/zh-cn.php
[ info ] [ ROUTE ] array (
  'type' => 'module',
  'module' => 
  array (
    0 => 'robots.txt',
    1 => NULL,
    2 => NULL,
  ),
)
[ info ] [ HEADER ] array (
  'accept-encoding' => 'identity',
  'host' => 'www.qyice.top',
)
[ info ] [ PARAM ] array (
  '/robots_txt' => '',
)
[ info ] [ LOG ] INIT File
---------------------------------------------------------------
[ 2018-12-30T07:46:33+08:00 ] 93.174.95.106 GET /sitemap.xml
[ info ] www.qyice.top/sitemap.xml [运行时间：0.011443s][吞吐率：87.39req/s] [内存消耗：1,319.13kb] [文件加载：35]
[ info ] [ LANG ] /www/wwwroot/www.qyice.top/thinkphp/lang/zh-cn.php
[ info ] [ ROUTE ] array (
  'type' => 'module',
  'module' => 
  array (
    0 => 'sitemap.xml',
    1 => NULL,
    2 => NULL,
  ),
)
[ info ] [ HEADER ] array (
  'accept-encoding' => 'identity',
  'host' => 'www.qyice.top',
)
[ info ] [ PARAM ] array (
  '/sitemap_xml' => '',
)
[ info ] [ LOG ] INIT File
---------------------------------------------------------------
[ 2018-12-30T07:46:34+08:00 ] 93.174.95.106 GET /.well-known/security.txt
[ info ] www.qyice.top/.well-known/security.txt [运行时间：0.013105s][吞吐率：76.31req/s] [内存消耗：1,319.38kb] [文件加载：35]
[ info ] [ LANG ] /www/wwwroot/www.qyice.top/thinkphp/lang/zh-cn.php
[ info ] [ ROUTE ] array (
  'type' => 'module',
  'module' => 
  array (
    0 => '.well-known',
    1 => 'security.txt',
    2 => NULL,
  ),
)
[ info ] [ HEADER ] array (
  'accept-encoding' => 'identity',
  'host' => 'www.qyice.top',
)
[ info ] [ PARAM ] array (
  '/_well-known/security_txt' => '',
)
[ info ] [ LOG ] INIT File
---------------------------------------------------------------
[ 2018-12-30T07:46:37+08:00 ] 93.174.95.106 GET /favicon.ico
[ info ] www.qyice.top/favicon.ico [运行时间：0.012896s][吞吐率：77.54req/s] [内存消耗：1,319.80kb] [文件加载：35]
[ info ] [ LANG ] /www/wwwroot/www.qyice.top/thinkphp/lang/zh-cn.php
[ info ] [ ROUTE ] array (
  'type' => 'module',
  'module' => 
  array (
    0 => 'favicon.ico',
    1 => NULL,
    2 => NULL,
  ),
)
[ info ] [ HEADER ] array (
  'user-agent' => 'python-requests/2.13.0',
  'accept' => '*/*',
  'accept-encoding' => 'gzip, deflate',
  'connection' => 'keep-alive',
  'host' => 'www.qyice.top',
)
[ info ] [ PARAM ] array (
  '/favicon_ico' => '',
)
[ info ] [ LOG ] INIT File
---------------------------------------------------------------
[ 2018-12-30T09:54:24+08:00 ] 47.97.204.168 GET /
[ info ] qyice.top/ [运行时间：0.014263s][吞吐率：70.11req/s] [内存消耗：1,640.05kb] [文件加载：41]
[ info ] [ LANG ] /www/wwwroot/www.qyice.top/thinkphp/lang/zh-cn.php
[ info ] [ ROUTE ] array (
  'type' => 'module',
  'module' => 
  array (
    0 => '',
    1 => NULL,
    2 => NULL,
  ),
)
[ info ] [ HEADER ] array (
  'connection' => 'keep-alive',
  'accept' => 'text/html, image/gif, image/jpeg, *; q=.2, */*; q=.2',
  'host' => 'qyice.top',
  'user-agent' => 'Mozilla/5.0 (X11; Ubuntu; Linux x86_64; rv:36.0) Gecko/20100101 Firefox/36.0',
)
[ info ] [ PARAM ] array (
)
[ info ] [ RUN ] app\index\controller\Index->index[ /www/wwwroot/www.qyice.top/application/index/controller/Index.php ]
[ info ] [ VIEW ] /www/wwwroot/www.qyice.top/application/index/view/index/index.html [ array (
) ]
[ info ] [ LOG ] INIT File
---------------------------------------------------------------
[ 2018-12-30T09:55:05+08:00 ] 106.15.229.102 GET /
[ info ] www.qyice.top/ [运行时间：0.015565s][吞吐率：64.25req/s] [内存消耗：1,640.09kb] [文件加载：41]
[ info ] [ LANG ] /www/wwwroot/www.qyice.top/thinkphp/lang/zh-cn.php
[ info ] [ ROUTE ] array (
  'type' => 'module',
  'module' => 
  array (
    0 => '',
    1 => NULL,
    2 => NULL,
  ),
)
[ info ] [ HEADER ] array (
  'connection' => 'keep-alive',
  'accept' => 'text/html, image/gif, image/jpeg, *; q=.2, */*; q=.2',
  'host' => 'www.qyice.top',
  'user-agent' => 'Mozilla/5.0 (X11; Ubuntu; Linux x86_64; rv:36.0) Gecko/20100101 Firefox/36.0',
)
[ info ] [ PARAM ] array (
)
[ info ] [ RUN ] app\index\controller\Index->index[ /www/wwwroot/www.qyice.top/application/index/controller/Index.php ]
[ info ] [ VIEW ] /www/wwwroot/www.qyice.top/application/index/view/index/index.html [ array (
) ]
[ info ] [ LOG ] INIT File
---------------------------------------------------------------
[ 2018-12-30T09:58:29+08:00 ] 112.47.17.67 GET /
[ info ] www.qyice.top/ [运行时间：0.014028s][吞吐率：71.29req/s] [内存消耗：1,639.55kb] [文件加载：41]
[ info ] [ LANG ] /www/wwwroot/www.qyice.top/thinkphp/lang/zh-cn.php
[ info ] [ ROUTE ] array (
  'type' => 'module',
  'module' => 
  array (
    0 => '',
    1 => NULL,
    2 => NULL,
  ),
)
[ info ] [ HEADER ] array (
  'host' => 'www.qyice.top',
  'user-agent' => 'Mozilla/5.0 (compatible; Baiduspider-render/2.0; +http://www.baidu.com/search/spider.html)',
)
[ info ] [ PARAM ] array (
)
[ info ] [ RUN ] app\index\controller\Index->index[ /www/wwwroot/www.qyice.top/application/index/controller/Index.php ]
[ info ] [ VIEW ] /www/wwwroot/www.qyice.top/application/index/view/index/index.html [ array (
) ]
[ info ] [ LOG ] INIT File
---------------------------------------------------------------
[ 2018-12-30T09:59:32+08:00 ] 112.47.17.67 GET /
[ info ] www.qyice.top/ [运行时间：0.015926s][吞吐率：62.79req/s] [内存消耗：1,640.08kb] [文件加载：41]
[ info ] [ LANG ] /www/wwwroot/www.qyice.top/thinkphp/lang/zh-cn.php
[ info ] [ ROUTE ] array (
  'type' => 'module',
  'module' => 
  array (
    0 => '',
    1 => NULL,
    2 => NULL,
  ),
)
[ info ] [ HEADER ] array (
  'host' => 'www.qyice.top',
  'user-agent' => 'Mozilla/5.0 (iPhone 84; CPU iPhone OS 10_3_3 like Mac OS X) AppleWebKit/603.3.8 (KHTML, like Gecko) Version/10.0 MQQBrowser/7.8.0 Mobile/14G60 Safari/8536.25 MttCustomUA/2 QBWebViewType/1 WKType/1',
)
[ info ] [ PARAM ] array (
)
[ info ] [ RUN ] app\index\controller\Index->index[ /www/wwwroot/www.qyice.top/application/index/controller/Index.php ]
[ info ] [ VIEW ] /www/wwwroot/www.qyice.top/application/index/view/index/index.html [ array (
) ]
[ info ] [ LOG ] INIT File
